learning_rate=0.001
weight_decay=0.0001
num_training_epochs=10.0
trg_len=4
eval_file='origin/eval-00.txt'
evalBC_file=None
eval_random_file=None
Number of parameters in GPT2 model: 7M
device=device(type='cuda')
Reading origin/train-1k-00.txt...
Reading of origin/train-1k-00.txt done!
Reading origin/eval-00.txt...
Reading of origin/eval-00.txt done!
Converting to HuggingFace Dataset dictionary...
Dataset created has 38956840 sequences, 13 unique words.
Dataset created has 27000 sequences, 13 unique words.
Converted to HuggingFace Dataset dictionary!
Adding target labels...
Added target labels!
output_dir: report-final-microGPT-00-1k
overwrite_output_dir: False
do_train: False
do_eval: True
do_predict: False
evaluation_strategy: steps
prediction_loss_only: False
per_device_train_batch_size: 65536
per_device_eval_batch_size: 65536
per_gpu_train_batch_size: None
per_gpu_eval_batch_size: None
gradient_accumulation_steps: 1
eval_accumulation_steps: 1
eval_delay: 0
learning_rate: 0.001
weight_decay: 0.0001
adam_beta1: 0.9
adam_beta2: 0.999
adam_epsilon: 1e-08
max_grad_norm: 1.0
num_train_epochs: 10.0
max_steps: -1
lr_scheduler_type: linear
lr_scheduler_kwargs: {}
warmup_ratio: 0.0
warmup_steps: 0
log_level: info
log_level_replica: warning
log_on_each_node: True
logging_dir: report-final-microGPT-00-1k/runs/May20_05-53-56_gpu-q-23
logging_strategy: steps
logging_first_step: False
logging_steps: 25
logging_nan_inf_filter: True
save_strategy: steps
save_steps: 25
save_total_limit: 2
save_safetensors: True
save_on_each_node: False
save_only_model: False
no_cuda: False
use_cpu: False
use_mps_device: False
seed: 42
data_seed: None
jit_mode_eval: False
use_ipex: False
bf16: False
fp16: True
fp16_opt_level: O1
half_precision_backend: auto
bf16_full_eval: False
fp16_full_eval: False
tf32: None
local_rank: 0
ddp_backend: None
tpu_num_cores: None
tpu_metrics_debug: False
debug: []
dataloader_drop_last: False
eval_steps: 25
dataloader_num_workers: 0
past_index: -1
run_name: report-final-microGPT-00-1k
disable_tqdm: False
remove_unused_columns: True
label_names: None
load_best_model_at_end: True
metric_for_best_model: loss
greater_is_better: False
ignore_data_skip: False
fsdp: []
fsdp_min_num_params: 0
fsdp_config: {'min_num_params': 0, 'xla': False, 'xla_fsdp_grad_ckpt': False}
fsdp_transformer_layer_cls_to_wrap: None
deepspeed: None
label_smoothing_factor: 0.0
optim: adamw_torch
optim_args: None
adafactor: False
group_by_length: False
length_column_name: length
report_to: ['wandb']
ddp_find_unused_parameters: None
ddp_bucket_cap_mb: None
ddp_broadcast_buffers: None
dataloader_pin_memory: True
dataloader_persistent_workers: False
skip_memory_metrics: True
use_legacy_prediction_loop: False
push_to_hub: False
resume_from_checkpoint: None
hub_model_id: None
hub_strategy: every_save
hub_token: None
hub_private_repo: False
hub_always_push: False
gradient_checkpointing: False
gradient_checkpointing_kwargs: None
include_inputs_for_metrics: False
fp16_backend: auto
push_to_hub_model_id: None
push_to_hub_organization: None
push_to_hub_token: None
mp_parameters: 
auto_find_batch_size: False
full_determinism: False
torchdynamo: None
ray_scope: last
ddp_timeout: 1800
torch_compile: False
torch_compile_backend: None
torch_compile_mode: None
dispatch_batches: None
split_batches: False
include_tokens_per_second: False
include_num_input_tokens_seen: False
neftune_noise_alpha: None
distributed_state: Distributed environment: NO
Num processes: 1
Process index: 0
Local process index: 0
Device: cuda

_n_gpu: 1
__cached__setup_devices: cuda:0
deepspeed_plugin: None
{'loss': 1.4392, 'learning_rate': 0.0009961344537815127, 'epoch': 0.04}
Time elapsed since training started:  0 Hours 05 Mins 39.566956 Sec
{'loss': 0.8714, 'learning_rate': 0.0009919327731092438, 'epoch': 0.08}
Time elapsed since training started:  0 Hours 11 Mins 05.053413 Sec
{'loss': 0.8246, 'learning_rate': 0.0009877310924369747, 'epoch': 0.13}
Time elapsed since training started:  0 Hours 16 Mins 30.750011 Sec
{'loss': 0.815, 'learning_rate': 0.0009835294117647058, 'epoch': 0.17}
Time elapsed since training started:  0 Hours 21 Mins 47.272738 Sec
{'loss': 0.8116, 'learning_rate': 0.000979327731092437, 'epoch': 0.21}
Time elapsed since training started:  0 Hours 27 Mins 13.679414 Sec
{'loss': 0.8089, 'learning_rate': 0.0009751260504201681, 'epoch': 0.25}
Time elapsed since training started:  0 Hours 32 Mins 39.327406 Sec
{'loss': 0.807, 'learning_rate': 0.0009709243697478993, 'epoch': 0.29}
Time elapsed since training started:  0 Hours 37 Mins 56.506967 Sec
{'loss': 0.8056, 'learning_rate': 0.0009667226890756304, 'epoch': 0.34}
Time elapsed since training started:  0 Hours 43 Mins 24.356707 Sec
{'loss': 0.8042, 'learning_rate': 0.0009625210084033613, 'epoch': 0.38}
Time elapsed since training started:  0 Hours 48 Mins 50.541177 Sec
{'loss': 0.8028, 'learning_rate': 0.0009583193277310924, 'epoch': 0.42}
Time elapsed since training started:  0 Hours 54 Mins 08.196807 Sec
{'loss': 0.8017, 'learning_rate': 0.0009541176470588235, 'epoch': 0.46}
Time elapsed since training started:  0 Hours 59 Mins 36.263534 Sec
{'loss': 0.8008, 'learning_rate': 0.0009499159663865546, 'epoch': 0.5}
Time elapsed since training started:  1 Hours 05 Mins 03.931103 Sec
{'loss': 0.8001, 'learning_rate': 0.0009457142857142857, 'epoch': 0.55}
Time elapsed since training started:  1 Hours 10 Mins 21.244022 Sec
{'loss': 0.7994, 'learning_rate': 0.0009415126050420168, 'epoch': 0.59}
Time elapsed since training started:  1 Hours 15 Mins 48.037649 Sec
{'loss': 0.8015, 'learning_rate': 0.000937310924369748, 'epoch': 0.63}
Time elapsed since training started:  1 Hours 21 Mins 15.102833 Sec
{'loss': 0.7995, 'learning_rate': 0.000933109243697479, 'epoch': 0.67}
Time elapsed since training started:  1 Hours 26 Mins 32.300239 Sec
{'loss': 0.7957, 'learning_rate': 0.0009289075630252101, 'epoch': 0.71}
Time elapsed since training started:  1 Hours 31 Mins 59.392726 Sec
{'loss': 0.7923, 'learning_rate': 0.0009247058823529412, 'epoch': 0.76}
Time elapsed since training started:  1 Hours 37 Mins 26.863200 Sec
{'loss': 0.7817, 'learning_rate': 0.0009205042016806723, 'epoch': 0.8}
Time elapsed since training started:  1 Hours 42 Mins 43.737138 Sec
{'loss': 0.7673, 'learning_rate': 0.0009163025210084034, 'epoch': 0.84}
Time elapsed since training started:  1 Hours 48 Mins 07.837203 Sec
{'loss': 0.7356, 'learning_rate': 0.0009121008403361344, 'epoch': 0.88}
Time elapsed since training started:  1 Hours 53 Mins 31.941124 Sec
{'loss': 0.7087, 'learning_rate': 0.0009078991596638656, 'epoch': 0.92}
Time elapsed since training started:  1 Hours 58 Mins 46.102671 Sec
{'loss': 0.6773, 'learning_rate': 0.0009036974789915967, 'epoch': 0.97}
Time elapsed since training started:  2 Hours 04 Mins 08.931601 Sec
{'loss': 0.632, 'learning_rate': 0.0008994957983193277, 'epoch': 1.01}
Time elapsed since training started:  2 Hours 09 Mins 27.890476 Sec
{'loss': 0.5731, 'learning_rate': 0.0008952941176470588, 'epoch': 1.05}
Time elapsed since training started:  2 Hours 14 Mins 43.227511 Sec
{'loss': 0.5029, 'learning_rate': 0.0008910924369747899, 'epoch': 1.09}
Time elapsed since training started:  2 Hours 20 Mins 08.035844 Sec
{'loss': 0.4106, 'learning_rate': 0.000886890756302521, 'epoch': 1.13}
Time elapsed since training started:  2 Hours 25 Mins 32.706456 Sec
{'loss': 0.3308, 'learning_rate': 0.0008826890756302521, 'epoch': 1.18}
Time elapsed since training started:  2 Hours 30 Mins 47.301644 Sec
{'loss': 0.2781, 'learning_rate': 0.0008784873949579833, 'epoch': 1.22}
Time elapsed since training started:  2 Hours 36 Mins 10.555871 Sec
{'loss': 0.2418, 'learning_rate': 0.0008742857142857144, 'epoch': 1.26}
Time elapsed since training started:  2 Hours 41 Mins 33.259581 Sec
{'loss': 0.2123, 'learning_rate': 0.0008700840336134454, 'epoch': 1.3}
Time elapsed since training started:  2 Hours 46 Mins 47.387418 Sec
{'loss': 0.1959, 'learning_rate': 0.0008658823529411765, 'epoch': 1.34}
Time elapsed since training started:  2 Hours 52 Mins 14.765162 Sec
{'loss': 0.1787, 'learning_rate': 0.0008616806722689075, 'epoch': 1.39}
Time elapsed since training started:  2 Hours 57 Mins 38.864435 Sec
{'loss': 0.167, 'learning_rate': 0.0008574789915966386, 'epoch': 1.43}
Time elapsed since training started:  3 Hours 02 Mins 53.094449 Sec
{'loss': 0.1578, 'learning_rate': 0.0008532773109243697, 'epoch': 1.47}
Time elapsed since training started:  3 Hours 08 Mins 17.602290 Sec
{'loss': 0.1473, 'learning_rate': 0.0008490756302521009, 'epoch': 1.51}
Time elapsed since training started:  3 Hours 13 Mins 43.700801 Sec
{'loss': 0.1433, 'learning_rate': 0.000844873949579832, 'epoch': 1.55}
Time elapsed since training started:  3 Hours 19 Mins 00.173918 Sec
{'loss': 0.1349, 'learning_rate': 0.0008406722689075631, 'epoch': 1.6}
Time elapsed since training started:  3 Hours 24 Mins 25.414394 Sec
{'loss': 0.1291, 'learning_rate': 0.0008364705882352941, 'epoch': 1.64}
Time elapsed since training started:  3 Hours 29 Mins 50.588213 Sec
{'loss': 0.1243, 'learning_rate': 0.0008322689075630252, 'epoch': 1.68}
Time elapsed since training started:  3 Hours 35 Mins 03.196222 Sec
{'loss': 0.1204, 'learning_rate': 0.0008280672268907563, 'epoch': 1.72}
Time elapsed since training started:  3 Hours 40 Mins 26.382086 Sec
{'loss': 0.1157, 'learning_rate': 0.0008238655462184874, 'epoch': 1.76}
Time elapsed since training started:  3 Hours 45 Mins 51.287973 Sec
{'loss': 0.1114, 'learning_rate': 0.0008196638655462186, 'epoch': 1.81}
Time elapsed since training started:  3 Hours 51 Mins 06.479059 Sec
{'loss': 0.1081, 'learning_rate': 0.0008154621848739497, 'epoch': 1.85}
Time elapsed since training started:  3 Hours 56 Mins 30.916542 Sec
{'loss': 0.1045, 'learning_rate': 0.0008112605042016807, 'epoch': 1.89}
Time elapsed since training started:  4 Hours 01 Mins 55.776569 Sec
{'loss': 0.1013, 'learning_rate': 0.0008070588235294117, 'epoch': 1.93}
Time elapsed since training started:  4 Hours 07 Mins 08.648948 Sec
{'loss': 0.1, 'learning_rate': 0.0008028571428571428, 'epoch': 1.97}
Time elapsed since training started:  4 Hours 12 Mins 31.075136 Sec
{'loss': 0.0975, 'learning_rate': 0.0007986554621848739, 'epoch': 2.02}
Time elapsed since training started:  4 Hours 17 Mins 48.892251 Sec
{'loss': 0.0942, 'learning_rate': 0.000794453781512605, 'epoch': 2.06}
Time elapsed since training started:  4 Hours 23 Mins 01.848521 Sec
{'loss': 0.0933, 'learning_rate': 0.0007902521008403362, 'epoch': 2.1}
Time elapsed since training started:  4 Hours 28 Mins 25.171857 Sec
{'loss': 0.091, 'learning_rate': 0.0007860504201680673, 'epoch': 2.14}
Time elapsed since training started:  4 Hours 33 Mins 47.834515 Sec
{'loss': 0.0876, 'learning_rate': 0.0007818487394957984, 'epoch': 2.18}
Time elapsed since training started:  4 Hours 39 Mins 01.969137 Sec
{'loss': 0.0885, 'learning_rate': 0.0007776470588235294, 'epoch': 2.23}
Time elapsed since training started:  4 Hours 44 Mins 27.102130 Sec
{'loss': 0.0854, 'learning_rate': 0.0007734453781512605, 'epoch': 2.27}
Time elapsed since training started:  4 Hours 49 Mins 50.836278 Sec
{'loss': 0.084, 'learning_rate': 0.0007692436974789916, 'epoch': 2.31}
Time elapsed since training started:  4 Hours 55 Mins 04.699307 Sec
{'loss': 0.0823, 'learning_rate': 0.0007650420168067227, 'epoch': 2.35}
Time elapsed since training started:  5 Hours 00 Mins 27.778833 Sec
{'loss': 0.0826, 'learning_rate': 0.0007608403361344538, 'epoch': 2.39}
Time elapsed since training started:  5 Hours 05 Mins 53.028126 Sec
{'loss': 0.0796, 'learning_rate': 0.0007566386554621849, 'epoch': 2.44}
Time elapsed since training started:  5 Hours 11 Mins 08.632863 Sec
{'loss': 0.0792, 'learning_rate': 0.000752436974789916, 'epoch': 2.48}
Time elapsed since training started:  5 Hours 16 Mins 32.458165 Sec
{'loss': 0.0779, 'learning_rate': 0.0007482352941176471, 'epoch': 2.52}
Time elapsed since training started:  5 Hours 21 Mins 55.534428 Sec
{'loss': 0.0763, 'learning_rate': 0.0007440336134453781, 'epoch': 2.56}
Time elapsed since training started:  5 Hours 27 Mins 08.617760 Sec
{'loss': 0.0758, 'learning_rate': 0.0007398319327731092, 'epoch': 2.61}
Time elapsed since training started:  5 Hours 32 Mins 33.924179 Sec
{'loss': 0.0745, 'learning_rate': 0.0007356302521008403, 'epoch': 2.65}
Time elapsed since training started:  5 Hours 37 Mins 57.043831 Sec
{'loss': 0.0731, 'learning_rate': 0.0007314285714285715, 'epoch': 2.69}
Time elapsed since training started:  5 Hours 43 Mins 09.726820 Sec
{'loss': 0.0724, 'learning_rate': 0.0007272268907563026, 'epoch': 2.73}
Time elapsed since training started:  5 Hours 48 Mins 32.230615 Sec
{'loss': 0.0721, 'learning_rate': 0.0007230252100840337, 'epoch': 2.77}
Time elapsed since training started:  5 Hours 53 Mins 55.106360 Sec
{'loss': 0.0707, 'learning_rate': 0.0007188235294117648, 'epoch': 2.82}
Time elapsed since training started:  5 Hours 59 Mins 07.990556 Sec
{'loss': 0.0702, 'learning_rate': 0.0007146218487394958, 'epoch': 2.86}
Time elapsed since training started:  6 Hours 04 Mins 31.737434 Sec
{'loss': 0.0696, 'learning_rate': 0.0007104201680672268, 'epoch': 2.9}
Time elapsed since training started:  6 Hours 09 Mins 54.774093 Sec
{'loss': 0.068, 'learning_rate': 0.0007062184873949579, 'epoch': 2.94}
Time elapsed since training started:  6 Hours 15 Mins 08.615360 Sec
{'loss': 0.0673, 'learning_rate': 0.000702016806722689, 'epoch': 2.98}
Time elapsed since training started:  6 Hours 20 Mins 31.270309 Sec
{'loss': 0.0673, 'learning_rate': 0.0006978151260504202, 'epoch': 3.03}
Time elapsed since training started:  6 Hours 25 Mins 48.072080 Sec
{'loss': 0.0658, 'learning_rate': 0.0006936134453781513, 'epoch': 3.07}
Time elapsed since training started:  6 Hours 31 Mins 01.295621 Sec
{'loss': 0.0654, 'learning_rate': 0.0006894117647058824, 'epoch': 3.11}
Time elapsed since training started:  6 Hours 36 Mins 26.565753 Sec
{'loss': 0.0654, 'learning_rate': 0.0006852100840336135, 'epoch': 3.15}
Time elapsed since training started:  6 Hours 41 Mins 48.972417 Sec
{'loss': 0.0642, 'learning_rate': 0.0006810084033613445, 'epoch': 3.19}
Time elapsed since training started:  6 Hours 47 Mins 02.267665 Sec
{'loss': 0.0633, 'learning_rate': 0.0006768067226890756, 'epoch': 3.24}
Time elapsed since training started:  6 Hours 52 Mins 24.953826 Sec
{'loss': 0.0628, 'learning_rate': 0.0006726050420168068, 'epoch': 3.28}
Time elapsed since training started:  6 Hours 57 Mins 47.820619 Sec
{'loss': 0.0623, 'learning_rate': 0.0006684033613445379, 'epoch': 3.32}
Time elapsed since training started:  7 Hours 03 Mins 01.589100 Sec
{'loss': 0.0618, 'learning_rate': 0.000664201680672269, 'epoch': 3.36}
Time elapsed since training started:  7 Hours 08 Mins 24.917584 Sec
{'loss': 0.0612, 'learning_rate': 0.00066, 'epoch': 3.4}
Time elapsed since training started:  7 Hours 13 Mins 47.384537 Sec
{'loss': 0.0611, 'learning_rate': 0.0006557983193277311, 'epoch': 3.45}
Time elapsed since training started:  7 Hours 18 Mins 59.929778 Sec
{'loss': 0.0606, 'learning_rate': 0.0006515966386554621, 'epoch': 3.49}
Time elapsed since training started:  7 Hours 24 Mins 21.516141 Sec
{'loss': 0.0605, 'learning_rate': 0.0006473949579831932, 'epoch': 3.53}
Time elapsed since training started:  7 Hours 29 Mins 43.552513 Sec
{'loss': 0.0599, 'learning_rate': 0.0006431932773109244, 'epoch': 3.57}
Time elapsed since training started:  7 Hours 34 Mins 55.861689 Sec
{'loss': 0.0587, 'learning_rate': 0.0006389915966386555, 'epoch': 3.61}
Time elapsed since training started:  7 Hours 40 Mins 17.276009 Sec
{'loss': 0.0584, 'learning_rate': 0.0006347899159663866, 'epoch': 3.66}
Time elapsed since training started:  7 Hours 45 Mins 38.951745 Sec
{'loss': 0.0586, 'learning_rate': 0.0006305882352941177, 'epoch': 3.7}
Time elapsed since training started:  7 Hours 50 Mins 50.639442 Sec
{'loss': 0.058, 'learning_rate': 0.0006263865546218488, 'epoch': 3.74}
Time elapsed since training started:  7 Hours 56 Mins 12.433189 Sec
{'loss': 0.0573, 'learning_rate': 0.0006221848739495799, 'epoch': 3.78}
Time elapsed since training started:  8 Hours 01 Mins 34.024077 Sec
{'loss': 0.0573, 'learning_rate': 0.0006179831932773109, 'epoch': 3.82}
Time elapsed since training started:  8 Hours 06 Mins 45.800974 Sec
{'loss': 0.0565, 'learning_rate': 0.0006137815126050421, 'epoch': 3.87}
Time elapsed since training started:  8 Hours 12 Mins 08.646025 Sec
{'loss': 0.0558, 'learning_rate': 0.0006095798319327731, 'epoch': 3.91}
Time elapsed since training started:  8 Hours 17 Mins 30.673830 Sec
{'loss': 0.0556, 'learning_rate': 0.0006053781512605042, 'epoch': 3.95}
Time elapsed since training started:  8 Hours 22 Mins 43.663294 Sec
{'loss': 0.0552, 'learning_rate': 0.0006011764705882353, 'epoch': 3.99}
Time elapsed since training started:  8 Hours 28 Mins 06.207231 Sec
{'loss': 0.0545, 'learning_rate': 0.0005969747899159664, 'epoch': 4.03}
Time elapsed since training started:  8 Hours 33 Mins 14.233596 Sec
{'loss': 0.0546, 'learning_rate': 0.0005927731092436975, 'epoch': 4.08}
Time elapsed since training started:  8 Hours 38 Mins 37.608548 Sec
{'loss': 0.0541, 'learning_rate': 0.0005885714285714285, 'epoch': 4.12}
Time elapsed since training started:  8 Hours 44 Mins 00.955491 Sec
{'loss': 0.0538, 'learning_rate': 0.0005843697478991597, 'epoch': 4.16}
Time elapsed since training started:  8 Hours 49 Mins 24.111658 Sec
{'loss': 0.0531, 'learning_rate': 0.0005801680672268908, 'epoch': 4.2}
Time elapsed since training started:  8 Hours 54 Mins 37.521681 Sec
{'loss': 0.0527, 'learning_rate': 0.0005759663865546219, 'epoch': 4.24}
Time elapsed since training started:  9 Hours 00 Mins 01.057072 Sec
{'loss': 0.0523, 'learning_rate': 0.000571764705882353, 'epoch': 4.29}
Time elapsed since training started:  9 Hours 05 Mins 23.329463 Sec
{'loss': 0.0529, 'learning_rate': 0.0005675630252100841, 'epoch': 4.33}
Time elapsed since training started:  9 Hours 10 Mins 36.034714 Sec
{'loss': 0.0523, 'learning_rate': 0.0005633613445378152, 'epoch': 4.37}
Time elapsed since training started:  9 Hours 15 Mins 58.247642 Sec
{'loss': 0.0512, 'learning_rate': 0.0005591596638655461, 'epoch': 4.41}
Time elapsed since training started:  9 Hours 21 Mins 20.663918 Sec
{'loss': 0.0519, 'learning_rate': 0.0005549579831932772, 'epoch': 4.45}
Time elapsed since training started:  9 Hours 26 Mins 32.885063 Sec
{'loss': 0.0509, 'learning_rate': 0.0005507563025210084, 'epoch': 4.5}
Time elapsed since training started:  9 Hours 31 Mins 55.421925 Sec
{'loss': 0.051, 'learning_rate': 0.0005465546218487395, 'epoch': 4.54}
Time elapsed since training started:  9 Hours 37 Mins 06.997492 Sec
{'loss': 0.0505, 'learning_rate': 0.0005423529411764706, 'epoch': 4.58}
Time elapsed since training started:  9 Hours 42 Mins 28.854355 Sec
{'loss': 0.0502, 'learning_rate': 0.0005381512605042017, 'epoch': 4.62}
Time elapsed since training started:  9 Hours 47 Mins 51.026196 Sec
{'loss': 0.0499, 'learning_rate': 0.0005339495798319328, 'epoch': 4.66}
Time elapsed since training started:  9 Hours 53 Mins 12.266228 Sec
{'loss': 0.0498, 'learning_rate': 0.0005297478991596639, 'epoch': 4.71}
Time elapsed since training started:  9 Hours 58 Mins 24.433375 Sec
{'loss': 0.0496, 'learning_rate': 0.000525546218487395, 'epoch': 4.75}
Time elapsed since training started:  10 Hours 03 Mins 45.795089 Sec
{'loss': 0.0494, 'learning_rate': 0.0005213445378151261, 'epoch': 4.79}
Time elapsed since training started:  10 Hours 09 Mins 07.223624 Sec
{'loss': 0.0489, 'learning_rate': 0.0005171428571428572, 'epoch': 4.83}
Time elapsed since training started:  10 Hours 14 Mins 18.798246 Sec
{'loss': 0.0487, 'learning_rate': 0.0005129411764705882, 'epoch': 4.87}
Time elapsed since training started:  10 Hours 19 Mins 39.798493 Sec
{'loss': 0.0484, 'learning_rate': 0.0005087394957983193, 'epoch': 4.92}
Time elapsed since training started:  10 Hours 25 Mins 01.100833 Sec
{'loss': 0.0481, 'learning_rate': 0.0005045378151260504, 'epoch': 4.96}
Time elapsed since training started:  10 Hours 30 Mins 13.162481 Sec
{'loss': 0.0476, 'learning_rate': 0.0005003361344537815, 'epoch': 5.0}
Time elapsed since training started:  10 Hours 35 Mins 16.650708 Sec
{'loss': 0.0474, 'learning_rate': 0.0004961344537815127, 'epoch': 5.04}
Time elapsed since training started:  10 Hours 40 Mins 41.736863 Sec
{'loss': 0.0472, 'learning_rate': 0.0004919327731092438, 'epoch': 5.08}
Time elapsed since training started:  10 Hours 46 Mins 03.206167 Sec
{'loss': 0.047, 'learning_rate': 0.0004877310924369748, 'epoch': 5.13}
Time elapsed since training started:  10 Hours 51 Mins 24.806739 Sec
{'loss': 0.0468, 'learning_rate': 0.0004835294117647059, 'epoch': 5.17}
Time elapsed since training started:  10 Hours 56 Mins 36.907404 Sec
{'loss': 0.0466, 'learning_rate': 0.000479327731092437, 'epoch': 5.21}
Time elapsed since training started:  11 Hours 01 Mins 58.894526 Sec
{'loss': 0.0463, 'learning_rate': 0.00047512605042016807, 'epoch': 5.25}
Time elapsed since training started:  11 Hours 07 Mins 20.480503 Sec
{'loss': 0.0464, 'learning_rate': 0.00047092436974789913, 'epoch': 5.29}
Time elapsed since training started:  11 Hours 12 Mins 32.505874 Sec
{'loss': 0.0467, 'learning_rate': 0.00046672268907563025, 'epoch': 5.34}
Time elapsed since training started:  11 Hours 17 Mins 54.257582 Sec
{'loss': 0.0464, 'learning_rate': 0.00046252100840336137, 'epoch': 5.38}
Time elapsed since training started:  11 Hours 23 Mins 16.214259 Sec
{'loss': 0.0458, 'learning_rate': 0.0004583193277310925, 'epoch': 5.42}
Time elapsed since training started:  11 Hours 28 Mins 29.449386 Sec
{'loss': 0.0456, 'learning_rate': 0.00045411764705882354, 'epoch': 5.46}
Time elapsed since training started:  11 Hours 33 Mins 51.200891 Sec
{'loss': 0.0453, 'learning_rate': 0.0004499159663865546, 'epoch': 5.5}
Time elapsed since training started:  11 Hours 39 Mins 12.619856 Sec
{'loss': 0.0453, 'learning_rate': 0.0004457142857142857, 'epoch': 5.55}
Time elapsed since training started:  11 Hours 44 Mins 35.034000 Sec
{'loss': 0.0454, 'learning_rate': 0.0004415126050420168, 'epoch': 5.59}
Time elapsed since training started:  11 Hours 49 Mins 47.259498 Sec
{'loss': 0.0449, 'learning_rate': 0.0004373109243697479, 'epoch': 5.63}
Time elapsed since training started:  11 Hours 55 Mins 08.936777 Sec
{'loss': 0.0447, 'learning_rate': 0.000433109243697479, 'epoch': 5.67}
Time elapsed since training started:  12 Hours 00 Mins 30.574915 Sec
{'loss': 0.0444, 'learning_rate': 0.00042890756302521013, 'epoch': 5.71}
Time elapsed since training started:  12 Hours 05 Mins 42.203877 Sec
{'loss': 0.0443, 'learning_rate': 0.00042470588235294114, 'epoch': 5.76}
Time elapsed since training started:  12 Hours 11 Mins 04.568807 Sec
{'loss': 0.0439, 'learning_rate': 0.00042050420168067226, 'epoch': 5.8}
Time elapsed since training started:  12 Hours 16 Mins 17.042704 Sec
{'loss': 0.0439, 'learning_rate': 0.00041630252100840337, 'epoch': 5.84}
Time elapsed since training started:  12 Hours 21 Mins 38.369900 Sec
{'loss': 0.0438, 'learning_rate': 0.0004121008403361345, 'epoch': 5.88}
Time elapsed since training started:  12 Hours 27 Mins 00.955361 Sec
{'loss': 0.0435, 'learning_rate': 0.00040789915966386555, 'epoch': 5.92}
Time elapsed since training started:  12 Hours 32 Mins 22.859558 Sec
{'loss': 0.0431, 'learning_rate': 0.00040369747899159667, 'epoch': 5.97}
Time elapsed since training started:  12 Hours 37 Mins 35.769825 Sec
{'loss': 0.0432, 'learning_rate': 0.0003994957983193277, 'epoch': 6.01}
Time elapsed since training started:  12 Hours 42 Mins 54.874573 Sec
{'loss': 0.043, 'learning_rate': 0.0003952941176470588, 'epoch': 6.05}
Time elapsed since training started:  12 Hours 48 Mins 10.027358 Sec
{'loss': 0.0427, 'learning_rate': 0.0003910924369747899, 'epoch': 6.09}
Time elapsed since training started:  12 Hours 53 Mins 35.133149 Sec
{'loss': 0.0428, 'learning_rate': 0.000386890756302521, 'epoch': 6.13}
Time elapsed since training started:  12 Hours 58 Mins 59.698137 Sec
{'loss': 0.0427, 'learning_rate': 0.00038268907563025214, 'epoch': 6.18}
Time elapsed since training started:  13 Hours 04 Mins 12.514090 Sec
{'loss': 0.0426, 'learning_rate': 0.0003784873949579832, 'epoch': 6.22}
Time elapsed since training started:  13 Hours 09 Mins 33.995634 Sec
{'loss': 0.0423, 'learning_rate': 0.00037428571428571426, 'epoch': 6.26}
Time elapsed since training started:  13 Hours 14 Mins 55.389812 Sec
{'loss': 0.0422, 'learning_rate': 0.0003700840336134454, 'epoch': 6.3}
Time elapsed since training started:  13 Hours 20 Mins 07.892484 Sec
{'loss': 0.0421, 'learning_rate': 0.0003658823529411765, 'epoch': 6.34}
Time elapsed since training started:  13 Hours 25 Mins 35.167017 Sec
{'loss': 0.0416, 'learning_rate': 0.00036168067226890755, 'epoch': 6.39}
Time elapsed since training started:  13 Hours 30 Mins 58.488464 Sec
{'loss': 0.0418, 'learning_rate': 0.00035747899159663867, 'epoch': 6.43}
Time elapsed since training started:  13 Hours 36 Mins 10.972550 Sec
{'loss': 0.0416, 'learning_rate': 0.0003532773109243698, 'epoch': 6.47}
Time elapsed since training started:  13 Hours 41 Mins 34.986100 Sec
{'loss': 0.0418, 'learning_rate': 0.00034907563025210085, 'epoch': 6.51}
Time elapsed since training started:  13 Hours 46 Mins 58.027715 Sec
{'loss': 0.0414, 'learning_rate': 0.0003448739495798319, 'epoch': 6.55}
Time elapsed since training started:  13 Hours 52 Mins 09.988694 Sec
{'loss': 0.0413, 'learning_rate': 0.000340672268907563, 'epoch': 6.6}
Time elapsed since training started:  13 Hours 57 Mins 31.808839 Sec
{'loss': 0.0412, 'learning_rate': 0.00033647058823529414, 'epoch': 6.64}
Time elapsed since training started:  14 Hours 02 Mins 53.647421 Sec
{'loss': 0.0413, 'learning_rate': 0.0003322689075630252, 'epoch': 6.68}
Time elapsed since training started:  14 Hours 08 Mins 06.323178 Sec
{'loss': 0.0409, 'learning_rate': 0.0003280672268907563, 'epoch': 6.72}
Time elapsed since training started:  14 Hours 13 Mins 29.213295 Sec
{'loss': 0.0409, 'learning_rate': 0.0003238655462184874, 'epoch': 6.76}
Time elapsed since training started:  14 Hours 18 Mins 51.363042 Sec
{'loss': 0.0406, 'learning_rate': 0.0003196638655462185, 'epoch': 6.81}
Time elapsed since training started:  14 Hours 24 Mins 03.807574 Sec
{'loss': 0.0406, 'learning_rate': 0.00031546218487394956, 'epoch': 6.85}
Time elapsed since training started:  14 Hours 29 Mins 27.820052 Sec
{'loss': 0.0402, 'learning_rate': 0.0003112605042016807, 'epoch': 6.89}
Time elapsed since training started:  14 Hours 34 Mins 50.185611 Sec
{'loss': 0.0398, 'learning_rate': 0.0003070588235294118, 'epoch': 6.93}
Time elapsed since training started:  14 Hours 40 Mins 01.421685 Sec
{'loss': 0.0399, 'learning_rate': 0.0003028571428571429, 'epoch': 6.97}
Time elapsed since training started:  14 Hours 45 Mins 40.697098 Sec
{'loss': 0.04, 'learning_rate': 0.0002986554621848739, 'epoch': 7.02}
Time elapsed since training started:  14 Hours 50 Mins 57.147967 Sec
{'loss': 0.0398, 'learning_rate': 0.00029445378151260503, 'epoch': 7.06}
Time elapsed since training started:  14 Hours 56 Mins 09.517787 Sec
{'loss': 0.0399, 'learning_rate': 0.00029025210084033615, 'epoch': 7.1}
Time elapsed since training started:  15 Hours 01 Mins 31.404935 Sec
{'loss': 0.0397, 'learning_rate': 0.00028605042016806726, 'epoch': 7.14}
Time elapsed since training started:  15 Hours 06 Mins 53.220837 Sec
{'loss': 0.0396, 'learning_rate': 0.0002818487394957983, 'epoch': 7.18}
Time elapsed since training started:  15 Hours 12 Mins 09.294256 Sec
{'loss': 0.0394, 'learning_rate': 0.00027764705882352944, 'epoch': 7.23}
Time elapsed since training started:  15 Hours 17 Mins 34.757758 Sec
{'loss': 0.0392, 'learning_rate': 0.0002734453781512605, 'epoch': 7.27}
Time elapsed since training started:  15 Hours 23 Mins 00.692767 Sec
{'loss': 0.0391, 'learning_rate': 0.00026924369747899157, 'epoch': 7.31}
Time elapsed since training started:  15 Hours 28 Mins 16.902959 Sec
{'loss': 0.039, 'learning_rate': 0.0002650420168067227, 'epoch': 7.35}
Time elapsed since training started:  15 Hours 33 Mins 42.698209 Sec
{'loss': 0.0389, 'learning_rate': 0.0002608403361344538, 'epoch': 7.39}
Time elapsed since training started:  15 Hours 39 Mins 08.297986 Sec
{'loss': 0.0389, 'learning_rate': 0.0002566386554621849, 'epoch': 7.44}
Time elapsed since training started:  15 Hours 44 Mins 24.555511 Sec
{'loss': 0.0387, 'learning_rate': 0.000252436974789916, 'epoch': 7.48}
Time elapsed since training started:  15 Hours 49 Mins 49.811816 Sec
{'loss': 0.0389, 'learning_rate': 0.00024823529411764704, 'epoch': 7.52}
Time elapsed since training started:  15 Hours 55 Mins 15.430625 Sec
{'loss': 0.0385, 'learning_rate': 0.00024403361344537815, 'epoch': 7.56}
Time elapsed since training started:  16 Hours 00 Mins 31.811945 Sec
{'loss': 0.0384, 'learning_rate': 0.00023983193277310924, 'epoch': 7.61}
Time elapsed since training started:  16 Hours 05 Mins 57.320038 Sec
{'loss': 0.0385, 'learning_rate': 0.00023563025210084036, 'epoch': 7.65}
Time elapsed since training started:  16 Hours 11 Mins 20.954534 Sec
{'loss': 0.0383, 'learning_rate': 0.00023142857142857142, 'epoch': 7.69}
Time elapsed since training started:  16 Hours 16 Mins 34.094283 Sec
{'loss': 0.0382, 'learning_rate': 0.0002272268907563025, 'epoch': 7.73}
Time elapsed since training started:  16 Hours 21 Mins 55.950505 Sec
{'loss': 0.0382, 'learning_rate': 0.00022302521008403362, 'epoch': 7.77}
Time elapsed since training started:  16 Hours 27 Mins 17.894831 Sec
{'loss': 0.038, 'learning_rate': 0.0002188235294117647, 'epoch': 7.82}
Time elapsed since training started:  16 Hours 32 Mins 47.030396 Sec
{'loss': 0.038, 'learning_rate': 0.0002146218487394958, 'epoch': 7.86}
Time elapsed since training started:  16 Hours 38 Mins 02.786886 Sec
{'loss': 0.0379, 'learning_rate': 0.0002104201680672269, 'epoch': 7.9}
Time elapsed since training started:  16 Hours 43 Mins 28.330078 Sec
{'loss': 0.038, 'learning_rate': 0.00020621848739495798, 'epoch': 7.94}
Time elapsed since training started:  16 Hours 48 Mins 55.565655 Sec
{'loss': 0.0378, 'learning_rate': 0.00020201680672268907, 'epoch': 7.98}
Time elapsed since training started:  16 Hours 54 Mins 10.902493 Sec
{'loss': 0.0376, 'learning_rate': 0.00019781512605042019, 'epoch': 8.03}
Time elapsed since training started:  16 Hours 59 Mins 32.425330 Sec
{'loss': 0.0376, 'learning_rate': 0.00019361344537815125, 'epoch': 8.07}
Time elapsed since training started:  17 Hours 04 Mins 47.682046 Sec
{'loss': 0.0375, 'learning_rate': 0.00018941176470588236, 'epoch': 8.11}
Time elapsed since training started:  17 Hours 10 Mins 11.335005 Sec
{'loss': 0.0373, 'learning_rate': 0.00018521008403361345, 'epoch': 8.15}
Time elapsed since training started:  17 Hours 15 Mins 35.112108 Sec
{'loss': 0.0374, 'learning_rate': 0.00018100840336134454, 'epoch': 8.19}
Time elapsed since training started:  17 Hours 20 Mins 48.708252 Sec
{'loss': 0.0372, 'learning_rate': 0.00017680672268907563, 'epoch': 8.24}
Time elapsed since training started:  17 Hours 26 Mins 11.381826 Sec
{'loss': 0.0371, 'learning_rate': 0.00017260504201680672, 'epoch': 8.28}
Time elapsed since training started:  17 Hours 31 Mins 34.138867 Sec
{'loss': 0.0372, 'learning_rate': 0.0001684033613445378, 'epoch': 8.32}
Time elapsed since training started:  17 Hours 36 Mins 47.022096 Sec
{'loss': 0.0371, 'learning_rate': 0.0001642016806722689, 'epoch': 8.36}
Time elapsed since training started:  17 Hours 42 Mins 09.915840 Sec
{'loss': 0.037, 'learning_rate': 0.00016, 'epoch': 8.4}
Time elapsed since training started:  17 Hours 47 Mins 32.805281 Sec
{'loss': 0.037, 'learning_rate': 0.00015579831932773107, 'epoch': 8.45}
Time elapsed since training started:  17 Hours 52 Mins 46.836422 Sec
{'loss': 0.037, 'learning_rate': 0.0001515966386554622, 'epoch': 8.49}
Time elapsed since training started:  17 Hours 58 Mins 10.626688 Sec
{'loss': 0.0369, 'learning_rate': 0.00014739495798319328, 'epoch': 8.53}
Time elapsed since training started:  18 Hours 03 Mins 34.454522 Sec
{'loss': 0.0366, 'learning_rate': 0.00014319327731092437, 'epoch': 8.57}
Time elapsed since training started:  18 Hours 08 Mins 48.585327 Sec
{'loss': 0.0366, 'learning_rate': 0.00013899159663865546, 'epoch': 8.61}
Time elapsed since training started:  18 Hours 14 Mins 12.584836 Sec
{'loss': 0.0366, 'learning_rate': 0.00013478991596638657, 'epoch': 8.66}
Time elapsed since training started:  18 Hours 19 Mins 36.003843 Sec
{'loss': 0.0364, 'learning_rate': 0.00013058823529411764, 'epoch': 8.7}
Time elapsed since training started:  18 Hours 24 Mins 50.006506 Sec
{'loss': 0.0365, 'learning_rate': 0.00012638655462184875, 'epoch': 8.74}
Time elapsed since training started:  18 Hours 30 Mins 11.774172 Sec
{'loss': 0.0364, 'learning_rate': 0.00012218487394957984, 'epoch': 8.78}
Time elapsed since training started:  18 Hours 35 Mins 32.974560 Sec
{'loss': 0.0364, 'learning_rate': 0.00011798319327731093, 'epoch': 8.82}
Time elapsed since training started:  18 Hours 40 Mins 45.301108 Sec
{'loss': 0.0362, 'learning_rate': 0.00011378151260504202, 'epoch': 8.87}
Time elapsed since training started:  18 Hours 46 Mins 07.561240 Sec
{'loss': 0.0364, 'learning_rate': 0.00010957983193277311, 'epoch': 8.91}
Time elapsed since training started:  18 Hours 51 Mins 30.426231 Sec
{'loss': 0.0362, 'learning_rate': 0.00010537815126050421, 'epoch': 8.95}
Time elapsed since training started:  18 Hours 56 Mins 44.850241 Sec
{'loss': 0.0362, 'learning_rate': 0.0001011764705882353, 'epoch': 8.99}
Time elapsed since training started:  19 Hours 02 Mins 09.743959 Sec
{'loss': 0.036, 'learning_rate': 9.697478991596639e-05, 'epoch': 9.03}
Time elapsed since training started:  19 Hours 07 Mins 28.027853 Sec
{'loss': 0.036, 'learning_rate': 9.277310924369749e-05, 'epoch': 9.08}
Time elapsed since training started:  19 Hours 12 Mins 40.358561 Sec
{'loss': 0.036, 'learning_rate': 8.857142857142857e-05, 'epoch': 9.12}
Time elapsed since training started:  19 Hours 18 Mins 03.881994 Sec
{'loss': 0.0359, 'learning_rate': 8.436974789915965e-05, 'epoch': 9.16}
Time elapsed since training started:  19 Hours 23 Mins 25.159442 Sec
{'loss': 0.0358, 'learning_rate': 8.016806722689076e-05, 'epoch': 9.2}
Time elapsed since training started:  19 Hours 28 Mins 36.841441 Sec
{'loss': 0.0359, 'learning_rate': 7.596638655462185e-05, 'epoch': 9.24}
Time elapsed since training started:  19 Hours 33 Mins 58.141910 Sec
{'loss': 0.0358, 'learning_rate': 7.176470588235293e-05, 'epoch': 9.29}
Time elapsed since training started:  19 Hours 39 Mins 21.373078 Sec
{'loss': 0.0358, 'learning_rate': 6.756302521008404e-05, 'epoch': 9.33}
Time elapsed since training started:  19 Hours 44 Mins 32.775852 Sec
{'loss': 0.0357, 'learning_rate': 6.336134453781513e-05, 'epoch': 9.37}
Time elapsed since training started:  19 Hours 49 Mins 53.550760 Sec
{'loss': 0.0357, 'learning_rate': 5.915966386554622e-05, 'epoch': 9.41}
Time elapsed since training started:  19 Hours 55 Mins 15.243740 Sec
{'loss': 0.0356, 'learning_rate': 5.495798319327731e-05, 'epoch': 9.45}
Time elapsed since training started:  20 Hours 00 Mins 26.430806 Sec
{'loss': 0.0354, 'learning_rate': 5.075630252100841e-05, 'epoch': 9.5}
Time elapsed since training started:  20 Hours 05 Mins 48.055987 Sec
{'loss': 0.0354, 'learning_rate': 4.6554621848739496e-05, 'epoch': 9.54}
Time elapsed since training started:  20 Hours 11 Mins 09.604099 Sec
{'loss': 0.0356, 'learning_rate': 4.2352941176470585e-05, 'epoch': 9.58}
Time elapsed since training started:  20 Hours 16 Mins 20.407680 Sec
{'loss': 0.0354, 'learning_rate': 3.815126050420168e-05, 'epoch': 9.62}
Time elapsed since training started:  20 Hours 21 Mins 43.368330 Sec
{'loss': 0.0354, 'learning_rate': 3.3949579831932776e-05, 'epoch': 9.66}
Time elapsed since training started:  20 Hours 27 Mins 08.624044 Sec
{'loss': 0.0354, 'learning_rate': 2.9747899159663868e-05, 'epoch': 9.71}
Time elapsed since training started:  20 Hours 32 Mins 22.506517 Sec
{'loss': 0.0353, 'learning_rate': 2.5546218487394957e-05, 'epoch': 9.75}
Time elapsed since training started:  20 Hours 37 Mins 47.527072 Sec
{'loss': 0.0352, 'learning_rate': 2.134453781512605e-05, 'epoch': 9.79}
Time elapsed since training started:  20 Hours 43 Mins 12.562835 Sec
{'loss': 0.0353, 'learning_rate': 1.7142857142857145e-05, 'epoch': 9.83}
Time elapsed since training started:  20 Hours 48 Mins 27.782221 Sec
{'loss': 0.0352, 'learning_rate': 1.2941176470588236e-05, 'epoch': 9.87}
Time elapsed since training started:  20 Hours 53 Mins 51.964488 Sec
{'loss': 0.0353, 'learning_rate': 8.739495798319328e-06, 'epoch': 9.92}
Time elapsed since training started:  20 Hours 59 Mins 15.175612 Sec
{'loss': 0.0352, 'learning_rate': 4.53781512605042e-06, 'epoch': 9.96}
Time elapsed since training started:  21 Hours 04 Mins 27.255458 Sec
{'loss': 0.0351, 'learning_rate': 3.361344537815126e-07, 'epoch': 10.0}
Time elapsed since training started:  21 Hours 09 Mins 32.451826 Sec
{'train_runtime': 76163.0771, 'train_samples_per_second': 5114.925, 'train_steps_per_second': 0.078, 'train_loss': 0.14066388962649498, 'epoch': 10.0}
Training finished.
Time elapsed since training started:  21 Hours 09 Mins 32.725309 Sec
