learning_rate=0.001
weight_decay=0.0001
num_training_epochs=10.0
trg_len=4
eval_file='origin/eval-00.txt'
evalBC_file=None
eval_random_file=None
Number of parameters in GPT2 model: 7M
device=device(type='cuda')
Reading origin/train-2k-00.txt...
Reading of origin/train-2k-00.txt done!
Reading origin/eval-00.txt...
Reading of origin/eval-00.txt done!
Converting to HuggingFace Dataset dictionary...
Dataset created has 38957840 sequences, 13 unique words.
Dataset created has 27000 sequences, 13 unique words.
Converted to HuggingFace Dataset dictionary!
Adding target labels...
Added target labels!
output_dir: report-final-microGPT-00-2k
overwrite_output_dir: False
do_train: False
do_eval: True
do_predict: False
evaluation_strategy: steps
prediction_loss_only: False
per_device_train_batch_size: 65536
per_device_eval_batch_size: 65536
per_gpu_train_batch_size: None
per_gpu_eval_batch_size: None
gradient_accumulation_steps: 1
eval_accumulation_steps: 1
eval_delay: 0
learning_rate: 0.001
weight_decay: 0.0001
adam_beta1: 0.9
adam_beta2: 0.999
adam_epsilon: 1e-08
max_grad_norm: 1.0
num_train_epochs: 10.0
max_steps: -1
lr_scheduler_type: linear
lr_scheduler_kwargs: {}
warmup_ratio: 0.0
warmup_steps: 0
log_level: info
log_level_replica: warning
log_on_each_node: True
logging_dir: report-final-microGPT-00-2k/runs/May20_05-53-20_gpu-q-31
logging_strategy: steps
logging_first_step: False
logging_steps: 25
logging_nan_inf_filter: True
save_strategy: steps
save_steps: 25
save_total_limit: 2
save_safetensors: True
save_on_each_node: False
save_only_model: False
no_cuda: False
use_cpu: False
use_mps_device: False
seed: 42
data_seed: None
jit_mode_eval: False
use_ipex: False
bf16: False
fp16: True
fp16_opt_level: O1
half_precision_backend: auto
bf16_full_eval: False
fp16_full_eval: False
tf32: None
local_rank: 0
ddp_backend: None
tpu_num_cores: None
tpu_metrics_debug: False
debug: []
dataloader_drop_last: False
eval_steps: 25
dataloader_num_workers: 0
past_index: -1
run_name: report-final-microGPT-00-2k
disable_tqdm: False
remove_unused_columns: True
label_names: None
load_best_model_at_end: True
metric_for_best_model: loss
greater_is_better: False
ignore_data_skip: False
fsdp: []
fsdp_min_num_params: 0
fsdp_config: {'min_num_params': 0, 'xla': False, 'xla_fsdp_grad_ckpt': False}
fsdp_transformer_layer_cls_to_wrap: None
deepspeed: None
label_smoothing_factor: 0.0
optim: adamw_torch
optim_args: None
adafactor: False
group_by_length: False
length_column_name: length
report_to: ['wandb']
ddp_find_unused_parameters: None
ddp_bucket_cap_mb: None
ddp_broadcast_buffers: None
dataloader_pin_memory: True
dataloader_persistent_workers: False
skip_memory_metrics: True
use_legacy_prediction_loop: False
push_to_hub: False
resume_from_checkpoint: None
hub_model_id: None
hub_strategy: every_save
hub_token: None
hub_private_repo: False
hub_always_push: False
gradient_checkpointing: False
gradient_checkpointing_kwargs: None
include_inputs_for_metrics: False
fp16_backend: auto
push_to_hub_model_id: None
push_to_hub_organization: None
push_to_hub_token: None
mp_parameters: 
auto_find_batch_size: False
full_determinism: False
torchdynamo: None
ray_scope: last
ddp_timeout: 1800
torch_compile: False
torch_compile_backend: None
torch_compile_mode: None
dispatch_batches: None
split_batches: False
include_tokens_per_second: False
include_num_input_tokens_seen: False
neftune_noise_alpha: None
distributed_state: Distributed environment: NO
Num processes: 1
Process index: 0
Local process index: 0
Device: cuda

_n_gpu: 1
__cached__setup_devices: cuda:0
deepspeed_plugin: None
{'loss': 1.4969, 'learning_rate': 0.0009963025210084034, 'epoch': 0.04}
Time elapsed since training started:  0 Hours 05 Mins 44.875684 Sec
{'loss': 0.8796, 'learning_rate': 0.0009921008403361345, 'epoch': 0.08}
Time elapsed since training started:  0 Hours 11 Mins 16.308564 Sec
{'loss': 0.8265, 'learning_rate': 0.0009878991596638657, 'epoch': 0.13}
Time elapsed since training started:  0 Hours 16 Mins 48.197793 Sec
{'loss': 0.8159, 'learning_rate': 0.0009836974789915968, 'epoch': 0.17}
Time elapsed since training started:  0 Hours 22 Mins 07.175881 Sec
{'loss': 0.8116, 'learning_rate': 0.0009794957983193277, 'epoch': 0.21}
Time elapsed since training started:  0 Hours 27 Mins 36.499535 Sec
{'loss': 0.8091, 'learning_rate': 0.0009752941176470589, 'epoch': 0.25}
Time elapsed since training started:  0 Hours 33 Mins 08.089710 Sec
{'loss': 0.8072, 'learning_rate': 0.0009710924369747899, 'epoch': 0.29}
Time elapsed since training started:  0 Hours 38 Mins 27.625948 Sec
{'loss': 0.8056, 'learning_rate': 0.000966890756302521, 'epoch': 0.34}
Time elapsed since training started:  0 Hours 43 Mins 57.672522 Sec
{'loss': 0.804, 'learning_rate': 0.0009626890756302521, 'epoch': 0.38}
Time elapsed since training started:  0 Hours 49 Mins 29.005982 Sec
{'loss': 0.8027, 'learning_rate': 0.0009584873949579833, 'epoch': 0.42}
Time elapsed since training started:  0 Hours 54 Mins 47.761731 Sec
{'loss': 0.8016, 'learning_rate': 0.0009542857142857143, 'epoch': 0.46}
Time elapsed since training started:  1 Hours 00 Mins 17.023610 Sec
{'loss': 0.8015, 'learning_rate': 0.0009500840336134454, 'epoch': 0.5}
Time elapsed since training started:  1 Hours 05 Mins 45.272929 Sec
{'loss': 0.8001, 'learning_rate': 0.0009458823529411765, 'epoch': 0.55}
Time elapsed since training started:  1 Hours 11 Mins 04.172159 Sec
{'loss': 0.7997, 'learning_rate': 0.0009416806722689076, 'epoch': 0.59}
Time elapsed since training started:  1 Hours 16 Mins 33.664801 Sec
{'loss': 0.7984, 'learning_rate': 0.0009374789915966386, 'epoch': 0.63}
Time elapsed since training started:  1 Hours 22 Mins 02.379703 Sec
{'loss': 0.7936, 'learning_rate': 0.0009332773109243697, 'epoch': 0.67}
Time elapsed since training started:  1 Hours 27 Mins 20.155067 Sec
{'loss': 0.7862, 'learning_rate': 0.0009290756302521009, 'epoch': 0.71}
Time elapsed since training started:  1 Hours 32 Mins 53.010608 Sec
{'loss': 0.7648, 'learning_rate': 0.000924873949579832, 'epoch': 0.76}
Time elapsed since training started:  1 Hours 38 Mins 26.123600 Sec
{'loss': 0.7257, 'learning_rate': 0.0009206722689075631, 'epoch': 0.8}
Time elapsed since training started:  1 Hours 43 Mins 47.919618 Sec
{'loss': 0.6746, 'learning_rate': 0.0009164705882352942, 'epoch': 0.84}
Time elapsed since training started:  1 Hours 49 Mins 20.476152 Sec
{'loss': 0.6123, 'learning_rate': 0.0009122689075630253, 'epoch': 0.88}
Time elapsed since training started:  1 Hours 54 Mins 54.212143 Sec
{'loss': 0.5333, 'learning_rate': 0.0009080672268907563, 'epoch': 0.92}
Time elapsed since training started:  2 Hours 00 Mins 16.070306 Sec
{'loss': 0.437, 'learning_rate': 0.0009038655462184873, 'epoch': 0.97}
Time elapsed since training started:  2 Hours 05 Mins 48.643934 Sec
{'loss': 0.3538, 'learning_rate': 0.0008996638655462184, 'epoch': 1.01}
Time elapsed since training started:  2 Hours 11 Mins 17.738676 Sec
{'loss': 0.3058, 'learning_rate': 0.0008954621848739496, 'epoch': 1.05}
Time elapsed since training started:  2 Hours 16 Mins 40.841245 Sec
{'loss': 0.2692, 'learning_rate': 0.0008912605042016807, 'epoch': 1.09}
Time elapsed since training started:  2 Hours 22 Mins 11.976954 Sec
{'loss': 0.2383, 'learning_rate': 0.0008870588235294118, 'epoch': 1.13}
Time elapsed since training started:  2 Hours 27 Mins 41.874389 Sec
{'loss': 0.2133, 'learning_rate': 0.0008828571428571429, 'epoch': 1.18}
Time elapsed since training started:  2 Hours 32 Mins 59.240164 Sec
{'loss': 0.195, 'learning_rate': 0.000878655462184874, 'epoch': 1.22}
Time elapsed since training started:  2 Hours 38 Mins 25.673178 Sec
{'loss': 0.1809, 'learning_rate': 0.000874453781512605, 'epoch': 1.26}
Time elapsed since training started:  2 Hours 43 Mins 54.134004 Sec
{'loss': 0.1689, 'learning_rate': 0.0008702521008403362, 'epoch': 1.3}
Time elapsed since training started:  2 Hours 49 Mins 10.501831 Sec
{'loss': 0.1577, 'learning_rate': 0.0008660504201680673, 'epoch': 1.34}
Time elapsed since training started:  2 Hours 54 Mins 36.711278 Sec
{'loss': 0.1497, 'learning_rate': 0.0008618487394957984, 'epoch': 1.39}
Time elapsed since training started:  3 Hours 00 Mins 04.134303 Sec
{'loss': 0.1414, 'learning_rate': 0.0008576470588235295, 'epoch': 1.43}
Time elapsed since training started:  3 Hours 05 Mins 19.501778 Sec
{'loss': 0.1365, 'learning_rate': 0.0008534453781512605, 'epoch': 1.47}
Time elapsed since training started:  3 Hours 10 Mins 45.051817 Sec
{'loss': 0.1305, 'learning_rate': 0.0008492436974789916, 'epoch': 1.51}
Time elapsed since training started:  3 Hours 16 Mins 11.517128 Sec
{'loss': 0.1253, 'learning_rate': 0.0008450420168067226, 'epoch': 1.55}
Time elapsed since training started:  3 Hours 21 Mins 33.024639 Sec
{'loss': 0.1208, 'learning_rate': 0.0008408403361344537, 'epoch': 1.6}
Time elapsed since training started:  3 Hours 27 Mins 05.515905 Sec
{'loss': 0.1182, 'learning_rate': 0.0008366386554621849, 'epoch': 1.64}
Time elapsed since training started:  3 Hours 32 Mins 33.636365 Sec
{'loss': 0.1134, 'learning_rate': 0.000832436974789916, 'epoch': 1.68}
Time elapsed since training started:  3 Hours 37 Mins 55.516544 Sec
{'loss': 0.1106, 'learning_rate': 0.0008282352941176471, 'epoch': 1.72}
Time elapsed since training started:  3 Hours 43 Mins 25.645045 Sec
{'loss': 0.1068, 'learning_rate': 0.0008240336134453782, 'epoch': 1.76}
Time elapsed since training started:  3 Hours 48 Mins 52.596748 Sec
{'loss': 0.105, 'learning_rate': 0.0008198319327731093, 'epoch': 1.81}
Time elapsed since training started:  3 Hours 54 Mins 09.711689 Sec
{'loss': 0.1031, 'learning_rate': 0.0008156302521008404, 'epoch': 1.85}
Time elapsed since training started:  3 Hours 59 Mins 37.695702 Sec
{'loss': 0.1005, 'learning_rate': 0.0008114285714285715, 'epoch': 1.89}
Time elapsed since training started:  4 Hours 05 Mins 05.308451 Sec
{'loss': 0.0976, 'learning_rate': 0.0008072268907563025, 'epoch': 1.93}
Time elapsed since training started:  4 Hours 10 Mins 20.652831 Sec
{'loss': 0.0965, 'learning_rate': 0.0008030252100840336, 'epoch': 1.97}
Time elapsed since training started:  4 Hours 15 Mins 49.398620 Sec
{'loss': 0.0937, 'learning_rate': 0.0007988235294117647, 'epoch': 2.02}
Time elapsed since training started:  4 Hours 21 Mins 12.367686 Sec
{'loss': 0.0925, 'learning_rate': 0.0007946218487394958, 'epoch': 2.06}
Time elapsed since training started:  4 Hours 26 Mins 27.393973 Sec
{'loss': 0.0916, 'learning_rate': 0.0007904201680672269, 'epoch': 2.1}
Time elapsed since training started:  4 Hours 31 Mins 52.501308 Sec
{'loss': 0.0892, 'learning_rate': 0.000786218487394958, 'epoch': 2.14}
Time elapsed since training started:  4 Hours 37 Mins 17.507796 Sec
{'loss': 0.0877, 'learning_rate': 0.000782016806722689, 'epoch': 2.18}
Time elapsed since training started:  4 Hours 42 Mins 31.625536 Sec
{'loss': 0.0855, 'learning_rate': 0.0007778151260504202, 'epoch': 2.23}
Time elapsed since training started:  4 Hours 47 Mins 56.732508 Sec
{'loss': 0.0851, 'learning_rate': 0.0007736134453781513, 'epoch': 2.27}
Time elapsed since training started:  4 Hours 53 Mins 22.102396 Sec
{'loss': 0.0833, 'learning_rate': 0.0007694117647058824, 'epoch': 2.31}
Time elapsed since training started:  4 Hours 58 Mins 36.494306 Sec
{'loss': 0.0818, 'learning_rate': 0.0007652100840336135, 'epoch': 2.35}
Time elapsed since training started:  5 Hours 04 Mins 01.015250 Sec
{'loss': 0.0819, 'learning_rate': 0.0007610084033613446, 'epoch': 2.39}
Time elapsed since training started:  5 Hours 09 Mins 25.401470 Sec
{'loss': 0.08, 'learning_rate': 0.0007568067226890757, 'epoch': 2.44}
Time elapsed since training started:  5 Hours 14 Mins 40.731148 Sec
{'loss': 0.0787, 'learning_rate': 0.0007526050420168066, 'epoch': 2.48}
Time elapsed since training started:  5 Hours 20 Mins 10.268026 Sec
{'loss': 0.0775, 'learning_rate': 0.0007484033613445378, 'epoch': 2.52}
Time elapsed since training started:  5 Hours 25 Mins 40.207505 Sec
{'loss': 0.0768, 'learning_rate': 0.0007442016806722689, 'epoch': 2.56}
Time elapsed since training started:  5 Hours 30 Mins 55.046574 Sec
{'loss': 0.076, 'learning_rate': 0.00074, 'epoch': 2.61}
Time elapsed since training started:  5 Hours 36 Mins 22.131268 Sec
{'loss': 0.0757, 'learning_rate': 0.0007357983193277311, 'epoch': 2.65}
Time elapsed since training started:  5 Hours 41 Mins 49.197319 Sec
{'loss': 0.0746, 'learning_rate': 0.0007315966386554622, 'epoch': 2.69}
Time elapsed since training started:  5 Hours 47 Mins 06.280674 Sec
{'loss': 0.0731, 'learning_rate': 0.0007273949579831933, 'epoch': 2.73}
Time elapsed since training started:  5 Hours 52 Mins 35.211438 Sec
{'loss': 0.073, 'learning_rate': 0.0007231932773109245, 'epoch': 2.77}
Time elapsed since training started:  5 Hours 58 Mins 05.254411 Sec
{'loss': 0.0728, 'learning_rate': 0.0007189915966386555, 'epoch': 2.82}
Time elapsed since training started:  6 Hours 03 Mins 22.334773 Sec
{'loss': 0.0715, 'learning_rate': 0.0007147899159663866, 'epoch': 2.86}
Time elapsed since training started:  6 Hours 08 Mins 53.229483 Sec
{'loss': 0.071, 'learning_rate': 0.0007105882352941177, 'epoch': 2.9}
Time elapsed since training started:  6 Hours 14 Mins 22.471952 Sec
{'loss': 0.0699, 'learning_rate': 0.0007063865546218487, 'epoch': 2.94}
Time elapsed since training started:  6 Hours 19 Mins 40.064548 Sec
{'loss': 0.0695, 'learning_rate': 0.0007021848739495798, 'epoch': 2.98}
Time elapsed since training started:  6 Hours 25 Mins 10.245948 Sec
{'loss': 0.0683, 'learning_rate': 0.0006979831932773109, 'epoch': 3.03}
Time elapsed since training started:  6 Hours 30 Mins 35.327434 Sec
{'loss': 0.0678, 'learning_rate': 0.000693781512605042, 'epoch': 3.07}
Time elapsed since training started:  6 Hours 35 Mins 53.480718 Sec
{'loss': 0.0678, 'learning_rate': 0.0006895798319327731, 'epoch': 3.11}
Time elapsed since training started:  6 Hours 41 Mins 24.530821 Sec
{'loss': 0.0667, 'learning_rate': 0.0006853781512605042, 'epoch': 3.15}
Time elapsed since training started:  6 Hours 46 Mins 53.939876 Sec
{'loss': 0.0665, 'learning_rate': 0.0006811764705882353, 'epoch': 3.19}
Time elapsed since training started:  6 Hours 52 Mins 10.134643 Sec
{'loss': 0.0661, 'learning_rate': 0.0006769747899159664, 'epoch': 3.24}
Time elapsed since training started:  6 Hours 57 Mins 36.917327 Sec
{'loss': 0.0655, 'learning_rate': 0.0006727731092436975, 'epoch': 3.28}
Time elapsed since training started:  7 Hours 03 Mins 03.375258 Sec
{'loss': 0.0649, 'learning_rate': 0.0006685714285714286, 'epoch': 3.32}
Time elapsed since training started:  7 Hours 08 Mins 17.448629 Sec
{'loss': 0.0647, 'learning_rate': 0.0006643697478991598, 'epoch': 3.36}
Time elapsed since training started:  7 Hours 13 Mins 44.073181 Sec
{'loss': 0.0642, 'learning_rate': 0.0006601680672268909, 'epoch': 3.4}
Time elapsed since training started:  7 Hours 19 Mins 12.259252 Sec
{'loss': 0.0636, 'learning_rate': 0.0006559663865546218, 'epoch': 3.45}
Time elapsed since training started:  7 Hours 24 Mins 28.727454 Sec
{'loss': 0.0628, 'learning_rate': 0.0006517647058823529, 'epoch': 3.49}
Time elapsed since training started:  7 Hours 29 Mins 57.386697 Sec
{'loss': 0.0624, 'learning_rate': 0.000647563025210084, 'epoch': 3.53}
Time elapsed since training started:  7 Hours 35 Mins 26.846380 Sec
{'loss': 0.0621, 'learning_rate': 0.0006433613445378151, 'epoch': 3.57}
Time elapsed since training started:  7 Hours 40 Mins 45.135859 Sec
{'loss': 0.0614, 'learning_rate': 0.0006391596638655462, 'epoch': 3.61}
Time elapsed since training started:  7 Hours 46 Mins 14.976340 Sec
{'loss': 0.0614, 'learning_rate': 0.0006349579831932773, 'epoch': 3.66}
Time elapsed since training started:  7 Hours 51 Mins 47.054498 Sec
{'loss': 0.0613, 'learning_rate': 0.0006307563025210085, 'epoch': 3.7}
Time elapsed since training started:  7 Hours 57 Mins 05.049750 Sec
{'loss': 0.0601, 'learning_rate': 0.0006265546218487395, 'epoch': 3.74}
Time elapsed since training started:  8 Hours 02 Mins 35.438973 Sec
{'loss': 0.0598, 'learning_rate': 0.0006223529411764706, 'epoch': 3.78}
Time elapsed since training started:  8 Hours 08 Mins 06.421385 Sec
{'loss': 0.0595, 'learning_rate': 0.0006181512605042017, 'epoch': 3.82}
Time elapsed since training started:  8 Hours 13 Mins 24.548315 Sec
{'loss': 0.0591, 'learning_rate': 0.0006139495798319328, 'epoch': 3.87}
Time elapsed since training started:  8 Hours 18 Mins 55.356055 Sec
{'loss': 0.0586, 'learning_rate': 0.0006097478991596639, 'epoch': 3.91}
Time elapsed since training started:  8 Hours 24 Mins 24.696394 Sec
{'loss': 0.0582, 'learning_rate': 0.0006055462184873949, 'epoch': 3.95}
Time elapsed since training started:  8 Hours 29 Mins 42.420217 Sec
{'loss': 0.0578, 'learning_rate': 0.0006013445378151261, 'epoch': 3.99}
Time elapsed since training started:  8 Hours 35 Mins 14.981901 Sec
{'loss': 0.0575, 'learning_rate': 0.0005971428571428572, 'epoch': 4.03}
Time elapsed since training started:  8 Hours 40 Mins 42.706738 Sec
{'loss': 0.0573, 'learning_rate': 0.0005929411764705882, 'epoch': 4.08}
Time elapsed since training started:  8 Hours 46 Mins 04.682943 Sec
{'loss': 0.0572, 'learning_rate': 0.0005887394957983193, 'epoch': 4.12}
Time elapsed since training started:  8 Hours 51 Mins 38.282296 Sec
{'loss': 0.0565, 'learning_rate': 0.0005845378151260504, 'epoch': 4.16}
Time elapsed since training started:  8 Hours 57 Mins 11.375495 Sec
{'loss': 0.0563, 'learning_rate': 0.0005803361344537815, 'epoch': 4.2}
Time elapsed since training started:  9 Hours 02 Mins 33.344659 Sec
{'loss': 0.0558, 'learning_rate': 0.0005761344537815126, 'epoch': 4.24}
Time elapsed since training started:  9 Hours 08 Mins 05.632627 Sec
{'loss': 0.0558, 'learning_rate': 0.0005719327731092438, 'epoch': 4.29}
Time elapsed since training started:  9 Hours 13 Mins 36.115240 Sec
{'loss': 0.0556, 'learning_rate': 0.0005677310924369749, 'epoch': 4.33}
Time elapsed since training started:  9 Hours 18 Mins 53.690148 Sec
{'loss': 0.0554, 'learning_rate': 0.0005635294117647059, 'epoch': 4.37}
Time elapsed since training started:  9 Hours 24 Mins 24.359857 Sec
{'loss': 0.0545, 'learning_rate': 0.000559327731092437, 'epoch': 4.41}
Time elapsed since training started:  9 Hours 29 Mins 56.949201 Sec
{'loss': 0.0539, 'learning_rate': 0.000555126050420168, 'epoch': 4.45}
Time elapsed since training started:  9 Hours 35 Mins 14.076647 Sec
{'loss': 0.054, 'learning_rate': 0.0005509243697478991, 'epoch': 4.5}
Time elapsed since training started:  9 Hours 40 Mins 43.603460 Sec
{'loss': 0.0539, 'learning_rate': 0.0005467226890756302, 'epoch': 4.54}
Time elapsed since training started:  9 Hours 46 Mins 10.603662 Sec
{'loss': 0.0534, 'learning_rate': 0.0005425210084033614, 'epoch': 4.58}
Time elapsed since training started:  9 Hours 51 Mins 25.404527 Sec
{'loss': 0.0532, 'learning_rate': 0.0005383193277310925, 'epoch': 4.62}
Time elapsed since training started:  9 Hours 56 Mins 52.183440 Sec
{'loss': 0.0533, 'learning_rate': 0.0005341176470588235, 'epoch': 4.66}
Time elapsed since training started:  10 Hours 02 Mins 21.557137 Sec
{'loss': 0.0527, 'learning_rate': 0.0005299159663865546, 'epoch': 4.71}
Time elapsed since training started:  10 Hours 07 Mins 38.829648 Sec
{'loss': 0.0525, 'learning_rate': 0.0005257142857142857, 'epoch': 4.75}
Time elapsed since training started:  10 Hours 13 Mins 07.244529 Sec
{'loss': 0.0523, 'learning_rate': 0.0005215126050420168, 'epoch': 4.79}
Time elapsed since training started:  10 Hours 18 Mins 37.798733 Sec
{'loss': 0.052, 'learning_rate': 0.000517310924369748, 'epoch': 4.83}
Time elapsed since training started:  10 Hours 23 Mins 58.001293 Sec
{'loss': 0.0522, 'learning_rate': 0.0005131092436974791, 'epoch': 4.87}
Time elapsed since training started:  10 Hours 29 Mins 27.906404 Sec
{'loss': 0.0514, 'learning_rate': 0.0005089075630252102, 'epoch': 4.92}
Time elapsed since training started:  10 Hours 34 Mins 59.875489 Sec
{'loss': 0.0512, 'learning_rate': 0.0005047058823529412, 'epoch': 4.96}
Time elapsed since training started:  10 Hours 40 Mins 13.910720 Sec
{'loss': 0.0507, 'learning_rate': 0.0005005042016806722, 'epoch': 5.0}
Time elapsed since training started:  10 Hours 45 Mins 22.344806 Sec
{'loss': 0.0504, 'learning_rate': 0.0004963025210084034, 'epoch': 5.04}
Time elapsed since training started:  10 Hours 51 Mins 05.616292 Sec
{'loss': 0.0503, 'learning_rate': 0.0004921008403361344, 'epoch': 5.08}
Time elapsed since training started:  10 Hours 56 Mins 24.439424 Sec
{'loss': 0.0501, 'learning_rate': 0.00048789915966386554, 'epoch': 5.13}
Time elapsed since training started:  11 Hours 01 Mins 54.677830 Sec
{'loss': 0.0501, 'learning_rate': 0.00048369747899159666, 'epoch': 5.17}
Time elapsed since training started:  11 Hours 07 Mins 27.179367 Sec
{'loss': 0.0497, 'learning_rate': 0.0004794957983193277, 'epoch': 5.21}
Time elapsed since training started:  11 Hours 12 Mins 45.870702 Sec
{'loss': 0.0495, 'learning_rate': 0.00047529411764705884, 'epoch': 5.25}
Time elapsed since training started:  11 Hours 18 Mins 14.471321 Sec
{'loss': 0.0496, 'learning_rate': 0.00047109243697478995, 'epoch': 5.29}
Time elapsed since training started:  11 Hours 23 Mins 32.824915 Sec
{'loss': 0.0494, 'learning_rate': 0.000466890756302521, 'epoch': 5.34}
Time elapsed since training started:  11 Hours 29 Mins 01.013207 Sec
{'loss': 0.0493, 'learning_rate': 0.0004626890756302521, 'epoch': 5.38}
Time elapsed since training started:  11 Hours 34 Mins 30.053567 Sec
{'loss': 0.0488, 'learning_rate': 0.0004584873949579832, 'epoch': 5.42}
Time elapsed since training started:  11 Hours 39 Mins 58.738747 Sec
{'loss': 0.0486, 'learning_rate': 0.0004542857142857143, 'epoch': 5.46}
Time elapsed since training started:  11 Hours 45 Mins 17.458391 Sec
{'loss': 0.0484, 'learning_rate': 0.0004500840336134454, 'epoch': 5.5}
Time elapsed since training started:  11 Hours 50 Mins 44.580837 Sec
{'loss': 0.0482, 'learning_rate': 0.0004458823529411765, 'epoch': 5.55}
Time elapsed since training started:  11 Hours 56 Mins 12.250596 Sec
{'loss': 0.0478, 'learning_rate': 0.00044168067226890755, 'epoch': 5.59}
Time elapsed since training started:  12 Hours 01 Mins 29.963579 Sec
{'loss': 0.048, 'learning_rate': 0.00043747899159663866, 'epoch': 5.63}
Time elapsed since training started:  12 Hours 06 Mins 55.112688 Sec
{'loss': 0.0481, 'learning_rate': 0.0004332773109243698, 'epoch': 5.67}
Time elapsed since training started:  12 Hours 12 Mins 18.839957 Sec
{'loss': 0.0479, 'learning_rate': 0.00042907563025210084, 'epoch': 5.71}
Time elapsed since training started:  12 Hours 17 Mins 36.216689 Sec
{'loss': 0.0474, 'learning_rate': 0.00042487394957983196, 'epoch': 5.76}
Time elapsed since training started:  12 Hours 23 Mins 03.407349 Sec
{'loss': 0.0472, 'learning_rate': 0.0004206722689075631, 'epoch': 5.8}
Time elapsed since training started:  12 Hours 28 Mins 30.179925 Sec
{'loss': 0.0469, 'learning_rate': 0.0004164705882352941, 'epoch': 5.84}
Time elapsed since training started:  12 Hours 33 Mins 47.492384 Sec
{'loss': 0.0469, 'learning_rate': 0.0004122689075630252, 'epoch': 5.88}
Time elapsed since training started:  12 Hours 39 Mins 12.458232 Sec
{'loss': 0.0464, 'learning_rate': 0.0004080672268907563, 'epoch': 5.92}
Time elapsed since training started:  12 Hours 44 Mins 27.704200 Sec
{'loss': 0.0463, 'learning_rate': 0.00040386554621848743, 'epoch': 5.97}
Time elapsed since training started:  12 Hours 49 Mins 54.533647 Sec
{'loss': 0.0462, 'learning_rate': 0.0003996638655462185, 'epoch': 6.01}
Time elapsed since training started:  12 Hours 55 Mins 17.369803 Sec
{'loss': 0.0464, 'learning_rate': 0.0003954621848739496, 'epoch': 6.05}
Time elapsed since training started:  13 Hours 00 Mins 35.938697 Sec
{'loss': 0.0458, 'learning_rate': 0.00039126050420168067, 'epoch': 6.09}
Time elapsed since training started:  13 Hours 06 Mins 03.227756 Sec
{'loss': 0.0459, 'learning_rate': 0.0003870588235294118, 'epoch': 6.13}
Time elapsed since training started:  13 Hours 11 Mins 35.130159 Sec
{'loss': 0.0459, 'learning_rate': 0.00038285714285714285, 'epoch': 6.18}
Time elapsed since training started:  13 Hours 16 Mins 56.104666 Sec
{'loss': 0.0453, 'learning_rate': 0.00037865546218487396, 'epoch': 6.22}
Time elapsed since training started:  13 Hours 22 Mins 26.570282 Sec
{'loss': 0.0453, 'learning_rate': 0.0003744537815126051, 'epoch': 6.26}
Time elapsed since training started:  13 Hours 27 Mins 56.364412 Sec
{'loss': 0.0453, 'learning_rate': 0.00037025210084033614, 'epoch': 6.3}
Time elapsed since training started:  13 Hours 33 Mins 12.920144 Sec
{'loss': 0.0452, 'learning_rate': 0.0003660504201680672, 'epoch': 6.34}
Time elapsed since training started:  13 Hours 38 Mins 39.157837 Sec
{'loss': 0.0448, 'learning_rate': 0.0003618487394957983, 'epoch': 6.39}
Time elapsed since training started:  13 Hours 44 Mins 07.700195 Sec
{'loss': 0.0447, 'learning_rate': 0.00035764705882352943, 'epoch': 6.43}
Time elapsed since training started:  13 Hours 49 Mins 28.631217 Sec
{'loss': 0.0448, 'learning_rate': 0.0003534453781512605, 'epoch': 6.47}
Time elapsed since training started:  13 Hours 55 Mins 00.602390 Sec
{'loss': 0.0443, 'learning_rate': 0.0003492436974789916, 'epoch': 6.51}
Time elapsed since training started:  14 Hours 00 Mins 32.423523 Sec
{'loss': 0.0444, 'learning_rate': 0.00034504201680672273, 'epoch': 6.55}
Time elapsed since training started:  14 Hours 05 Mins 53.461606 Sec
{'loss': 0.0444, 'learning_rate': 0.0003408403361344538, 'epoch': 6.6}
Time elapsed since training started:  14 Hours 11 Mins 21.473928 Sec
{'loss': 0.0443, 'learning_rate': 0.00033663865546218485, 'epoch': 6.64}
Time elapsed since training started:  14 Hours 16 Mins 48.400552 Sec
{'loss': 0.044, 'learning_rate': 0.00033243697478991597, 'epoch': 6.68}
Time elapsed since training started:  14 Hours 22 Mins 06.658308 Sec
{'loss': 0.0438, 'learning_rate': 0.0003282352941176471, 'epoch': 6.72}
Time elapsed since training started:  14 Hours 27 Mins 36.831766 Sec
{'loss': 0.0438, 'learning_rate': 0.0003240336134453782, 'epoch': 6.76}
Time elapsed since training started:  14 Hours 33 Mins 27.527428 Sec
{'loss': 0.0435, 'learning_rate': 0.00031983193277310926, 'epoch': 6.81}
Time elapsed since training started:  14 Hours 38 Mins 46.175206 Sec
{'loss': 0.0436, 'learning_rate': 0.0003156302521008403, 'epoch': 6.85}
Time elapsed since training started:  14 Hours 44 Mins 14.183864 Sec
{'loss': 0.0435, 'learning_rate': 0.00031142857142857144, 'epoch': 6.89}
Time elapsed since training started:  14 Hours 50 Mins 08.122158 Sec
{'loss': 0.0429, 'learning_rate': 0.0003072268907563025, 'epoch': 6.93}
Time elapsed since training started:  14 Hours 55 Mins 26.054539 Sec
{'loss': 0.0433, 'learning_rate': 0.0003030252100840336, 'epoch': 6.97}
Time elapsed since training started:  15 Hours 00 Mins 49.611876 Sec
{'loss': 0.0431, 'learning_rate': 0.00029882352941176473, 'epoch': 7.02}
Time elapsed since training started:  15 Hours 06 Mins 09.604420 Sec
{'loss': 0.0427, 'learning_rate': 0.00029462184873949585, 'epoch': 7.06}
Time elapsed since training started:  15 Hours 11 Mins 25.690009 Sec
{'loss': 0.043, 'learning_rate': 0.00029042016806722686, 'epoch': 7.1}
Time elapsed since training started:  15 Hours 16 Mins 50.763284 Sec
{'loss': 0.0429, 'learning_rate': 0.000286218487394958, 'epoch': 7.14}
Time elapsed since training started:  15 Hours 22 Mins 15.883248 Sec
{'loss': 0.0426, 'learning_rate': 0.0002820168067226891, 'epoch': 7.18}
Time elapsed since training started:  15 Hours 27 Mins 32.263628 Sec
{'loss': 0.0425, 'learning_rate': 0.0002778151260504202, 'epoch': 7.23}
Time elapsed since training started:  15 Hours 32 Mins 57.879569 Sec
{'loss': 0.0422, 'learning_rate': 0.00027361344537815127, 'epoch': 7.27}
Time elapsed since training started:  15 Hours 38 Mins 24.715895 Sec
{'loss': 0.042, 'learning_rate': 0.00026941176470588233, 'epoch': 7.31}
Time elapsed since training started:  15 Hours 43 Mins 40.873615 Sec
{'loss': 0.0422, 'learning_rate': 0.00026521008403361345, 'epoch': 7.35}
Time elapsed since training started:  15 Hours 49 Mins 06.954586 Sec
{'loss': 0.0418, 'learning_rate': 0.00026100840336134456, 'epoch': 7.39}
Time elapsed since training started:  15 Hours 54 Mins 35.069442 Sec
{'loss': 0.0419, 'learning_rate': 0.0002568067226890756, 'epoch': 7.44}
Time elapsed since training started:  15 Hours 59 Mins 52.261354 Sec
{'loss': 0.0418, 'learning_rate': 0.00025260504201680674, 'epoch': 7.48}
Time elapsed since training started:  16 Hours 05 Mins 20.659519 Sec
{'loss': 0.0416, 'learning_rate': 0.0002484033613445378, 'epoch': 7.52}
Time elapsed since training started:  16 Hours 10 Mins 49.291229 Sec
{'loss': 0.0416, 'learning_rate': 0.0002442016806722689, 'epoch': 7.56}
Time elapsed since training started:  16 Hours 16 Mins 08.223253 Sec
{'loss': 0.0414, 'learning_rate': 0.00024, 'epoch': 7.61}
Time elapsed since training started:  16 Hours 21 Mins 37.600912 Sec
{'loss': 0.0415, 'learning_rate': 0.0002357983193277311, 'epoch': 7.65}
Time elapsed since training started:  16 Hours 27 Mins 08.416189 Sec
{'loss': 0.0413, 'learning_rate': 0.00023159663865546218, 'epoch': 7.69}
Time elapsed since training started:  16 Hours 32 Mins 25.818868 Sec
{'loss': 0.0412, 'learning_rate': 0.0002273949579831933, 'epoch': 7.73}
Time elapsed since training started:  16 Hours 37 Mins 53.259877 Sec
{'loss': 0.0411, 'learning_rate': 0.00022319327731092436, 'epoch': 7.77}
Time elapsed since training started:  16 Hours 43 Mins 20.994864 Sec
{'loss': 0.0411, 'learning_rate': 0.00021899159663865548, 'epoch': 7.82}
Time elapsed since training started:  16 Hours 48 Mins 42.010023 Sec
{'loss': 0.0408, 'learning_rate': 0.00021478991596638657, 'epoch': 7.86}
Time elapsed since training started:  16 Hours 54 Mins 17.382626 Sec
{'loss': 0.0409, 'learning_rate': 0.00021058823529411766, 'epoch': 7.9}
Time elapsed since training started:  16 Hours 59 Mins 52.245479 Sec
{'loss': 0.0407, 'learning_rate': 0.00020638655462184874, 'epoch': 7.94}
Time elapsed since training started:  17 Hours 05 Mins 13.464025 Sec
{'loss': 0.0406, 'learning_rate': 0.00020218487394957983, 'epoch': 7.98}
Time elapsed since training started:  17 Hours 10 Mins 45.774741 Sec
{'loss': 0.0407, 'learning_rate': 0.00019798319327731092, 'epoch': 8.03}
Time elapsed since training started:  17 Hours 16 Mins 07.436381 Sec
{'loss': 0.0404, 'learning_rate': 0.000193781512605042, 'epoch': 8.07}
Time elapsed since training started:  17 Hours 21 Mins 26.268937 Sec
{'loss': 0.0404, 'learning_rate': 0.00018957983193277313, 'epoch': 8.11}
Time elapsed since training started:  17 Hours 26 Mins 55.523524 Sec
{'loss': 0.0404, 'learning_rate': 0.0001853781512605042, 'epoch': 8.15}
Time elapsed since training started:  17 Hours 32 Mins 26.031821 Sec
{'loss': 0.0404, 'learning_rate': 0.0001811764705882353, 'epoch': 8.19}
Time elapsed since training started:  17 Hours 37 Mins 45.334991 Sec
{'loss': 0.0404, 'learning_rate': 0.0001769747899159664, 'epoch': 8.24}
Time elapsed since training started:  17 Hours 43 Mins 13.645909 Sec
{'loss': 0.0401, 'learning_rate': 0.00017277310924369748, 'epoch': 8.28}
Time elapsed since training started:  17 Hours 48 Mins 41.013201 Sec
{'loss': 0.04, 'learning_rate': 0.00016857142857142857, 'epoch': 8.32}
Time elapsed since training started:  17 Hours 53 Mins 58.345316 Sec
{'loss': 0.0399, 'learning_rate': 0.0001643697478991597, 'epoch': 8.36}
Time elapsed since training started:  17 Hours 59 Mins 24.475784 Sec
{'loss': 0.0398, 'learning_rate': 0.00016016806722689075, 'epoch': 8.4}
Time elapsed since training started:  18 Hours 04 Mins 51.199772 Sec
{'loss': 0.0399, 'learning_rate': 0.00015596638655462187, 'epoch': 8.45}
Time elapsed since training started:  18 Hours 10 Mins 08.790278 Sec
{'loss': 0.0396, 'learning_rate': 0.00015176470588235295, 'epoch': 8.49}
Time elapsed since training started:  18 Hours 15 Mins 36.547406 Sec
{'loss': 0.0396, 'learning_rate': 0.00014756302521008402, 'epoch': 8.53}
Time elapsed since training started:  18 Hours 21 Mins 05.575517 Sec
{'loss': 0.0397, 'learning_rate': 0.00014336134453781513, 'epoch': 8.57}
Time elapsed since training started:  18 Hours 26 Mins 26.379146 Sec
{'loss': 0.0397, 'learning_rate': 0.00013915966386554622, 'epoch': 8.61}
Time elapsed since training started:  18 Hours 31 Mins 57.646499 Sec
{'loss': 0.0394, 'learning_rate': 0.0001349579831932773, 'epoch': 8.66}
Time elapsed since training started:  18 Hours 37 Mins 27.862162 Sec
{'loss': 0.0393, 'learning_rate': 0.0001307563025210084, 'epoch': 8.7}
Time elapsed since training started:  18 Hours 42 Mins 45.239337 Sec
{'loss': 0.0394, 'learning_rate': 0.00012655462184873952, 'epoch': 8.74}
Time elapsed since training started:  18 Hours 48 Mins 16.257224 Sec
{'loss': 0.0393, 'learning_rate': 0.0001223529411764706, 'epoch': 8.78}
Time elapsed since training started:  18 Hours 53 Mins 44.302984 Sec
{'loss': 0.0393, 'learning_rate': 0.00011815126050420168, 'epoch': 8.82}
Time elapsed since training started:  18 Hours 59 Mins 01.665777 Sec
{'loss': 0.0391, 'learning_rate': 0.00011394957983193277, 'epoch': 8.87}
Time elapsed since training started:  19 Hours 04 Mins 28.691971 Sec
{'loss': 0.039, 'learning_rate': 0.00010974789915966386, 'epoch': 8.91}
Time elapsed since training started:  19 Hours 09 Mins 56.932929 Sec
{'loss': 0.039, 'learning_rate': 0.00010554621848739496, 'epoch': 8.95}
Time elapsed since training started:  19 Hours 15 Mins 14.944802 Sec
{'loss': 0.0389, 'learning_rate': 0.00010134453781512605, 'epoch': 8.99}
Time elapsed since training started:  19 Hours 20 Mins 48.101321 Sec
{'loss': 0.0389, 'learning_rate': 9.714285714285714e-05, 'epoch': 9.03}
Time elapsed since training started:  19 Hours 26 Mins 12.812220 Sec
{'loss': 0.0388, 'learning_rate': 9.294117647058824e-05, 'epoch': 9.08}
Time elapsed since training started:  19 Hours 31 Mins 32.477477 Sec
{'loss': 0.0389, 'learning_rate': 8.873949579831933e-05, 'epoch': 9.12}
Time elapsed since training started:  19 Hours 37 Mins 05.730812 Sec
{'loss': 0.0387, 'learning_rate': 8.453781512605042e-05, 'epoch': 9.16}
Time elapsed since training started:  19 Hours 42 Mins 37.799323 Sec
{'loss': 0.0386, 'learning_rate': 8.033613445378152e-05, 'epoch': 9.2}
Time elapsed since training started:  19 Hours 47 Mins 55.323829 Sec
{'loss': 0.0386, 'learning_rate': 7.613445378151261e-05, 'epoch': 9.24}
Time elapsed since training started:  19 Hours 53 Mins 22.338816 Sec
{'loss': 0.0385, 'learning_rate': 7.19327731092437e-05, 'epoch': 9.29}
Time elapsed since training started:  19 Hours 58 Mins 52.591565 Sec
{'loss': 0.0385, 'learning_rate': 6.77310924369748e-05, 'epoch': 9.33}
Time elapsed since training started:  20 Hours 04 Mins 11.926851 Sec
{'loss': 0.0385, 'learning_rate': 6.352941176470588e-05, 'epoch': 9.37}
Time elapsed since training started:  20 Hours 09 Mins 41.622204 Sec
{'loss': 0.0385, 'learning_rate': 5.932773109243698e-05, 'epoch': 9.41}
Time elapsed since training started:  20 Hours 15 Mins 11.045349 Sec
{'loss': 0.0384, 'learning_rate': 5.512605042016807e-05, 'epoch': 9.45}
Time elapsed since training started:  20 Hours 20 Mins 31.617284 Sec
{'loss': 0.0384, 'learning_rate': 5.092436974789916e-05, 'epoch': 9.5}
Time elapsed since training started:  20 Hours 26 Mins 01.590005 Sec
{'loss': 0.0382, 'learning_rate': 4.672268907563025e-05, 'epoch': 9.54}
Time elapsed since training started:  20 Hours 31 Mins 31.096469 Sec
{'loss': 0.0382, 'learning_rate': 4.252100840336134e-05, 'epoch': 9.58}
Time elapsed since training started:  20 Hours 36 Mins 51.303614 Sec
{'loss': 0.0383, 'learning_rate': 3.831932773109244e-05, 'epoch': 9.62}
Time elapsed since training started:  20 Hours 42 Mins 21.804788 Sec
{'loss': 0.0382, 'learning_rate': 3.411764705882353e-05, 'epoch': 9.66}
Time elapsed since training started:  20 Hours 47 Mins 51.415478 Sec
{'loss': 0.0382, 'learning_rate': 2.9915966386554622e-05, 'epoch': 9.71}
Time elapsed since training started:  20 Hours 53 Mins 11.900535 Sec
{'loss': 0.0381, 'learning_rate': 2.5714285714285714e-05, 'epoch': 9.75}
Time elapsed since training started:  20 Hours 58 Mins 41.556067 Sec
{'loss': 0.0379, 'learning_rate': 2.1512605042016807e-05, 'epoch': 9.79}
Time elapsed since training started:  21 Hours 04 Mins 12.241596 Sec
{'loss': 0.0378, 'learning_rate': 1.7310924369747902e-05, 'epoch': 9.83}
Time elapsed since training started:  21 Hours 09 Mins 33.994774 Sec
{'loss': 0.0379, 'learning_rate': 1.3109243697478991e-05, 'epoch': 9.87}
Time elapsed since training started:  21 Hours 15 Mins 03.691231 Sec
{'loss': 0.038, 'learning_rate': 8.907563025210084e-06, 'epoch': 9.92}
Time elapsed since training started:  21 Hours 20 Mins 34.055218 Sec
{'loss': 0.0379, 'learning_rate': 4.705882352941176e-06, 'epoch': 9.96}
Time elapsed since training started:  21 Hours 25 Mins 55.244827 Sec
{'loss': 0.0377, 'learning_rate': 5.042016806722689e-07, 'epoch': 10.0}
Time elapsed since training started:  21 Hours 31 Mins 05.889773 Sec
{'train_runtime': 77454.6979, 'train_samples_per_second': 5029.758, 'train_steps_per_second': 0.077, 'train_loss': 0.133660703416632, 'epoch': 10.0}
Training finished.
Time elapsed since training started:  21 Hours 31 Mins 06.108311 Sec
