learning_rate=0.001
weight_decay=0.0001
num_training_epochs=10.0
trg_len=4
eval_file='origin/eval-00.txt'
evalBC_file=None
eval_random_file=None
Number of parameters in GPT2 model: 7M
device=device(type='cuda')
Reading origin/train-50k-00.txt...
Reading of origin/train-50k-00.txt done!
Reading origin/eval-00.txt...
Reading of origin/eval-00.txt done!
Converting to HuggingFace Dataset dictionary...
Dataset created has 39005840 sequences, 13 unique words.
Dataset created has 27000 sequences, 13 unique words.
Converted to HuggingFace Dataset dictionary!
Adding target labels...
Added target labels!
output_dir: report-final-microGPT-00-50k
overwrite_output_dir: False
do_train: False
do_eval: True
do_predict: False
evaluation_strategy: steps
prediction_loss_only: False
per_device_train_batch_size: 65536
per_device_eval_batch_size: 65536
per_gpu_train_batch_size: None
per_gpu_eval_batch_size: None
gradient_accumulation_steps: 1
eval_accumulation_steps: 1
eval_delay: 0
learning_rate: 0.001
weight_decay: 0.0001
adam_beta1: 0.9
adam_beta2: 0.999
adam_epsilon: 1e-08
max_grad_norm: 1.0
num_train_epochs: 10.0
max_steps: -1
lr_scheduler_type: linear
lr_scheduler_kwargs: {}
warmup_ratio: 0.0
warmup_steps: 0
log_level: info
log_level_replica: warning
log_on_each_node: True
logging_dir: report-final-microGPT-00-50k/runs/May20_05-53-45_gpu-q-43
logging_strategy: steps
logging_first_step: False
logging_steps: 25
logging_nan_inf_filter: True
save_strategy: steps
save_steps: 25
save_total_limit: 2
save_safetensors: True
save_on_each_node: False
save_only_model: False
no_cuda: False
use_cpu: False
use_mps_device: False
seed: 42
data_seed: None
jit_mode_eval: False
use_ipex: False
bf16: False
fp16: True
fp16_opt_level: O1
half_precision_backend: auto
bf16_full_eval: False
fp16_full_eval: False
tf32: None
local_rank: 0
ddp_backend: None
tpu_num_cores: None
tpu_metrics_debug: False
debug: []
dataloader_drop_last: False
eval_steps: 25
dataloader_num_workers: 0
past_index: -1
run_name: report-final-microGPT-00-50k
disable_tqdm: False
remove_unused_columns: True
label_names: None
load_best_model_at_end: True
metric_for_best_model: loss
greater_is_better: False
ignore_data_skip: False
fsdp: []
fsdp_min_num_params: 0
fsdp_config: {'min_num_params': 0, 'xla': False, 'xla_fsdp_grad_ckpt': False}
fsdp_transformer_layer_cls_to_wrap: None
deepspeed: None
label_smoothing_factor: 0.0
optim: adamw_torch
optim_args: None
adafactor: False
group_by_length: False
length_column_name: length
report_to: ['wandb']
ddp_find_unused_parameters: None
ddp_bucket_cap_mb: None
ddp_broadcast_buffers: None
dataloader_pin_memory: True
dataloader_persistent_workers: False
skip_memory_metrics: True
use_legacy_prediction_loop: False
push_to_hub: False
resume_from_checkpoint: None
hub_model_id: None
hub_strategy: every_save
hub_token: None
hub_private_repo: False
hub_always_push: False
gradient_checkpointing: False
gradient_checkpointing_kwargs: None
include_inputs_for_metrics: False
fp16_backend: auto
push_to_hub_model_id: None
push_to_hub_organization: None
push_to_hub_token: None
mp_parameters: 
auto_find_batch_size: False
full_determinism: False
torchdynamo: None
ray_scope: last
ddp_timeout: 1800
torch_compile: False
torch_compile_backend: None
torch_compile_mode: None
dispatch_batches: None
split_batches: False
include_tokens_per_second: False
include_num_input_tokens_seen: False
neftune_noise_alpha: None
distributed_state: Distributed environment: NO
Num processes: 1
Process index: 0
Local process index: 0
Device: cuda

_n_gpu: 1
__cached__setup_devices: cuda:0
deepspeed_plugin: None
{'loss': 1.3267, 'learning_rate': 0.0009958053691275167, 'epoch': 0.04}
Time elapsed since training started:  0 Hours 05 Mins 36.401225 Sec
{'loss': 0.8611, 'learning_rate': 0.0009916107382550335, 'epoch': 0.08}
Time elapsed since training started:  0 Hours 11 Mins 00.629965 Sec
{'loss': 0.8231, 'learning_rate': 0.0009874161073825504, 'epoch': 0.13}
Time elapsed since training started:  0 Hours 16 Mins 24.980362 Sec
{'loss': 0.8144, 'learning_rate': 0.0009832214765100671, 'epoch': 0.17}
Time elapsed since training started:  0 Hours 21 Mins 39.111496 Sec
{'loss': 0.8103, 'learning_rate': 0.0009790268456375839, 'epoch': 0.21}
Time elapsed since training started:  0 Hours 27 Mins 00.882992 Sec
{'loss': 0.8079, 'learning_rate': 0.0009748322147651007, 'epoch': 0.25}
Time elapsed since training started:  0 Hours 32 Mins 21.764673 Sec
{'loss': 0.8058, 'learning_rate': 0.0009706375838926175, 'epoch': 0.29}
Time elapsed since training started:  0 Hours 37 Mins 32.497787 Sec
{'loss': 0.804, 'learning_rate': 0.0009664429530201342, 'epoch': 0.34}
Time elapsed since training started:  0 Hours 42 Mins 54.085809 Sec
{'loss': 0.8029, 'learning_rate': 0.000962248322147651, 'epoch': 0.38}
Time elapsed since training started:  0 Hours 48 Mins 16.427839 Sec
{'loss': 0.8013, 'learning_rate': 0.0009580536912751678, 'epoch': 0.42}
Time elapsed since training started:  0 Hours 53 Mins 25.326643 Sec
{'loss': 0.8005, 'learning_rate': 0.0009538590604026845, 'epoch': 0.46}
Time elapsed since training started:  0 Hours 58 Mins 42.504655 Sec
{'loss': 0.7997, 'learning_rate': 0.0009496644295302014, 'epoch': 0.5}
Time elapsed since training started:  1 Hours 03 Mins 59.756315 Sec
{'loss': 0.7992, 'learning_rate': 0.0009454697986577181, 'epoch': 0.55}
Time elapsed since training started:  1 Hours 09 Mins 06.787816 Sec
{'loss': 0.7986, 'learning_rate': 0.0009412751677852349, 'epoch': 0.59}
Time elapsed since training started:  1 Hours 14 Mins 24.646804 Sec
{'loss': 0.7981, 'learning_rate': 0.0009370805369127517, 'epoch': 0.63}
Time elapsed since training started:  1 Hours 19 Mins 42.376871 Sec
{'loss': 0.7983, 'learning_rate': 0.0009328859060402685, 'epoch': 0.67}
Time elapsed since training started:  1 Hours 24 Mins 49.406730 Sec
{'loss': 0.7976, 'learning_rate': 0.0009286912751677853, 'epoch': 0.71}
Time elapsed since training started:  1 Hours 30 Mins 07.612439 Sec
{'loss': 0.7973, 'learning_rate': 0.000924496644295302, 'epoch': 0.76}
Time elapsed since training started:  1 Hours 35 Mins 23.763768 Sec
{'loss': 0.7973, 'learning_rate': 0.0009203020134228189, 'epoch': 0.8}
Time elapsed since training started:  1 Hours 40 Mins 30.619533 Sec
{'loss': 0.7972, 'learning_rate': 0.0009161073825503356, 'epoch': 0.84}
Time elapsed since training started:  1 Hours 45 Mins 47.865080 Sec
{'loss': 0.7971, 'learning_rate': 0.0009119127516778524, 'epoch': 0.88}
Time elapsed since training started:  1 Hours 51 Mins 04.918934 Sec
{'loss': 0.7966, 'learning_rate': 0.0009077181208053692, 'epoch': 0.92}
Time elapsed since training started:  1 Hours 56 Mins 11.539298 Sec
{'loss': 0.7966, 'learning_rate': 0.0009035234899328859, 'epoch': 0.96}
Time elapsed since training started:  2 Hours 01 Mins 29.082446 Sec
{'loss': 0.7968, 'learning_rate': 0.0008993288590604027, 'epoch': 1.01}
Time elapsed since training started:  2 Hours 06 Mins 41.003622 Sec
{'loss': 0.7965, 'learning_rate': 0.0008951342281879194, 'epoch': 1.05}
Time elapsed since training started:  2 Hours 11 Mins 48.259945 Sec
{'loss': 0.7962, 'learning_rate': 0.0008909395973154363, 'epoch': 1.09}
Time elapsed since training started:  2 Hours 17 Mins 06.637092 Sec
{'loss': 0.7961, 'learning_rate': 0.000886744966442953, 'epoch': 1.13}
Time elapsed since training started:  2 Hours 22 Mins 25.220158 Sec
{'loss': 0.7961, 'learning_rate': 0.0008825503355704698, 'epoch': 1.17}
Time elapsed since training started:  2 Hours 27 Mins 32.743283 Sec
{'loss': 0.7959, 'learning_rate': 0.0008783557046979866, 'epoch': 1.22}
Time elapsed since training started:  2 Hours 32 Mins 52.230283 Sec
{'loss': 0.7958, 'learning_rate': 0.0008741610738255034, 'epoch': 1.26}
Time elapsed since training started:  2 Hours 38 Mins 09.499417 Sec
{'loss': 0.7959, 'learning_rate': 0.0008699664429530202, 'epoch': 1.3}
Time elapsed since training started:  2 Hours 43 Mins 17.069336 Sec
{'loss': 0.797, 'learning_rate': 0.0008657718120805369, 'epoch': 1.34}
Time elapsed since training started:  2 Hours 48 Mins 36.540154 Sec
{'loss': 0.7875, 'learning_rate': 0.0008615771812080538, 'epoch': 1.38}
Time elapsed since training started:  2 Hours 53 Mins 54.121040 Sec
{'loss': 0.772, 'learning_rate': 0.0008573825503355705, 'epoch': 1.43}
Time elapsed since training started:  2 Hours 59 Mins 01.478096 Sec
{'loss': 0.7294, 'learning_rate': 0.0008531879194630873, 'epoch': 1.47}
Time elapsed since training started:  3 Hours 04 Mins 19.962452 Sec
{'loss': 0.6808, 'learning_rate': 0.0008489932885906041, 'epoch': 1.51}
Time elapsed since training started:  3 Hours 09 Mins 40.040854 Sec
{'loss': 0.6288, 'learning_rate': 0.0008447986577181209, 'epoch': 1.55}
Time elapsed since training started:  3 Hours 14 Mins 46.708551 Sec
{'loss': 0.5593, 'learning_rate': 0.0008406040268456376, 'epoch': 1.59}
Time elapsed since training started:  3 Hours 20 Mins 04.449768 Sec
{'loss': 0.491, 'learning_rate': 0.0008364093959731543, 'epoch': 1.64}
Time elapsed since training started:  3 Hours 25 Mins 21.572040 Sec
{'loss': 0.4361, 'learning_rate': 0.0008322147651006711, 'epoch': 1.68}
Time elapsed since training started:  3 Hours 30 Mins 27.752724 Sec
{'loss': 0.3749, 'learning_rate': 0.0008280201342281879, 'epoch': 1.72}
Time elapsed since training started:  3 Hours 35 Mins 45.731650 Sec
{'loss': 0.3085, 'learning_rate': 0.0008238255033557047, 'epoch': 1.76}
Time elapsed since training started:  3 Hours 41 Mins 03.943665 Sec
{'loss': 0.2533, 'learning_rate': 0.0008196308724832215, 'epoch': 1.8}
Time elapsed since training started:  3 Hours 46 Mins 10.772487 Sec
{'loss': 0.2164, 'learning_rate': 0.0008154362416107383, 'epoch': 1.85}
Time elapsed since training started:  3 Hours 51 Mins 28.968452 Sec
{'loss': 0.1945, 'learning_rate': 0.0008112416107382551, 'epoch': 1.89}
Time elapsed since training started:  3 Hours 56 Mins 46.068912 Sec
{'loss': 0.1744, 'learning_rate': 0.0008070469798657718, 'epoch': 1.93}
Time elapsed since training started:  4 Hours 01 Mins 52.367587 Sec
{'loss': 0.1625, 'learning_rate': 0.0008028523489932886, 'epoch': 1.97}
Time elapsed since training started:  4 Hours 07 Mins 09.921133 Sec
{'loss': 0.1514, 'learning_rate': 0.0007986577181208054, 'epoch': 2.01}
Time elapsed since training started:  4 Hours 12 Mins 09.442817 Sec
{'loss': 0.1426, 'learning_rate': 0.0007944630872483222, 'epoch': 2.06}
Time elapsed since training started:  4 Hours 17 Mins 28.039120 Sec
{'loss': 0.1355, 'learning_rate': 0.000790268456375839, 'epoch': 2.1}
Time elapsed since training started:  4 Hours 22 Mins 45.452466 Sec
{'loss': 0.1309, 'learning_rate': 0.0007860738255033558, 'epoch': 2.14}
Time elapsed since training started:  4 Hours 27 Mins 52.471909 Sec
{'loss': 0.1238, 'learning_rate': 0.0007818791946308726, 'epoch': 2.18}
Time elapsed since training started:  4 Hours 33 Mins 12.904128 Sec
{'loss': 0.1198, 'learning_rate': 0.0007776845637583892, 'epoch': 2.22}
Time elapsed since training started:  4 Hours 38 Mins 32.082233 Sec
{'loss': 0.1162, 'learning_rate': 0.000773489932885906, 'epoch': 2.27}
Time elapsed since training started:  4 Hours 43 Mins 41.455317 Sec
{'loss': 0.1128, 'learning_rate': 0.0007692953020134228, 'epoch': 2.31}
Time elapsed since training started:  4 Hours 49 Mins 00.729593 Sec
{'loss': 0.1092, 'learning_rate': 0.0007651006711409396, 'epoch': 2.35}
Time elapsed since training started:  4 Hours 54 Mins 19.576838 Sec
{'loss': 0.1069, 'learning_rate': 0.0007609060402684564, 'epoch': 2.39}
Time elapsed since training started:  4 Hours 59 Mins 28.510139 Sec
{'loss': 0.1035, 'learning_rate': 0.0007567114093959731, 'epoch': 2.43}
Time elapsed since training started:  5 Hours 04 Mins 47.412782 Sec
{'loss': 0.1017, 'learning_rate': 0.00075251677852349, 'epoch': 2.47}
Time elapsed since training started:  5 Hours 10 Mins 07.115035 Sec
{'loss': 0.099, 'learning_rate': 0.0007483221476510067, 'epoch': 2.52}
Time elapsed since training started:  5 Hours 15 Mins 16.911343 Sec
{'loss': 0.0983, 'learning_rate': 0.0007441275167785235, 'epoch': 2.56}
Time elapsed since training started:  5 Hours 20 Mins 39.091504 Sec
{'loss': 0.0955, 'learning_rate': 0.0007399328859060403, 'epoch': 2.6}
Time elapsed since training started:  5 Hours 26 Mins 01.949483 Sec
{'loss': 0.0923, 'learning_rate': 0.0007357382550335571, 'epoch': 2.64}
Time elapsed since training started:  5 Hours 31 Mins 13.994853 Sec
{'loss': 0.0912, 'learning_rate': 0.0007315436241610739, 'epoch': 2.68}
Time elapsed since training started:  5 Hours 36 Mins 36.475444 Sec
{'loss': 0.089, 'learning_rate': 0.0007273489932885906, 'epoch': 2.73}
Time elapsed since training started:  5 Hours 41 Mins 58.841796 Sec
{'loss': 0.0878, 'learning_rate': 0.0007231543624161075, 'epoch': 2.77}
Time elapsed since training started:  5 Hours 47 Mins 10.961245 Sec
{'loss': 0.0862, 'learning_rate': 0.0007189597315436241, 'epoch': 2.81}
Time elapsed since training started:  5 Hours 52 Mins 33.953002 Sec
{'loss': 0.0855, 'learning_rate': 0.0007147651006711409, 'epoch': 2.85}
Time elapsed since training started:  5 Hours 57 Mins 56.359422 Sec
{'loss': 0.0839, 'learning_rate': 0.0007105704697986577, 'epoch': 2.89}
Time elapsed since training started:  6 Hours 03 Mins 07.915346 Sec
{'loss': 0.0827, 'learning_rate': 0.0007063758389261745, 'epoch': 2.94}
Time elapsed since training started:  6 Hours 08 Mins 29.251750 Sec
{'loss': 0.0818, 'learning_rate': 0.0007021812080536913, 'epoch': 2.98}
Time elapsed since training started:  6 Hours 13 Mins 49.041337 Sec
{'loss': 0.0806, 'learning_rate': 0.000697986577181208, 'epoch': 3.02}
Time elapsed since training started:  6 Hours 18 Mins 54.187168 Sec
{'loss': 0.079, 'learning_rate': 0.0006937919463087249, 'epoch': 3.06}
Time elapsed since training started:  6 Hours 24 Mins 18.126792 Sec
{'loss': 0.079, 'learning_rate': 0.0006895973154362416, 'epoch': 3.1}
Time elapsed since training started:  6 Hours 29 Mins 41.277955 Sec
{'loss': 0.0788, 'learning_rate': 0.0006854026845637584, 'epoch': 3.15}
Time elapsed since training started:  6 Hours 34 Mins 54.893583 Sec
{'loss': 0.0767, 'learning_rate': 0.0006812080536912752, 'epoch': 3.19}
Time elapsed since training started:  6 Hours 40 Mins 17.653383 Sec
{'loss': 0.0753, 'learning_rate': 0.000677013422818792, 'epoch': 3.23}
Time elapsed since training started:  6 Hours 45 Mins 40.720582 Sec
{'loss': 0.0744, 'learning_rate': 0.0006728187919463087, 'epoch': 3.27}
Time elapsed since training started:  6 Hours 50 Mins 54.457937 Sec
{'loss': 0.0741, 'learning_rate': 0.0006686241610738255, 'epoch': 3.31}
Time elapsed since training started:  6 Hours 56 Mins 17.855856 Sec
{'loss': 0.073, 'learning_rate': 0.0006644295302013424, 'epoch': 3.36}
Time elapsed since training started:  7 Hours 01 Mins 39.938430 Sec
{'loss': 0.0717, 'learning_rate': 0.0006602348993288591, 'epoch': 3.4}
Time elapsed since training started:  7 Hours 06 Mins 53.253226 Sec
{'loss': 0.0715, 'learning_rate': 0.0006560402684563759, 'epoch': 3.44}
Time elapsed since training started:  7 Hours 12 Mins 16.130578 Sec
{'loss': 0.0703, 'learning_rate': 0.0006518456375838925, 'epoch': 3.48}
Time elapsed since training started:  7 Hours 17 Mins 37.615174 Sec
{'loss': 0.0702, 'learning_rate': 0.0006476510067114094, 'epoch': 3.52}
Time elapsed since training started:  7 Hours 22 Mins 46.714318 Sec
{'loss': 0.0692, 'learning_rate': 0.0006434563758389261, 'epoch': 3.57}
Time elapsed since training started:  7 Hours 28 Mins 04.530937 Sec
{'loss': 0.0683, 'learning_rate': 0.0006392617449664429, 'epoch': 3.61}
Time elapsed since training started:  7 Hours 33 Mins 21.626422 Sec
{'loss': 0.0681, 'learning_rate': 0.0006350671140939598, 'epoch': 3.65}
Time elapsed since training started:  7 Hours 38 Mins 27.910639 Sec
{'loss': 0.0682, 'learning_rate': 0.0006308724832214765, 'epoch': 3.69}
Time elapsed since training started:  7 Hours 43 Mins 43.525140 Sec
{'loss': 0.0677, 'learning_rate': 0.0006266778523489933, 'epoch': 3.73}
Time elapsed since training started:  7 Hours 49 Mins 01.595905 Sec
{'loss': 0.0667, 'learning_rate': 0.00062248322147651, 'epoch': 3.78}
Time elapsed since training started:  7 Hours 54 Mins 09.511562 Sec
{'loss': 0.0654, 'learning_rate': 0.0006182885906040269, 'epoch': 3.82}
Time elapsed since training started:  7 Hours 59 Mins 26.384236 Sec
{'loss': 0.0655, 'learning_rate': 0.0006140939597315436, 'epoch': 3.86}
Time elapsed since training started:  8 Hours 04 Mins 42.036479 Sec
{'loss': 0.0646, 'learning_rate': 0.0006098993288590604, 'epoch': 3.9}
Time elapsed since training started:  8 Hours 09 Mins 48.626521 Sec
{'loss': 0.0639, 'learning_rate': 0.0006057046979865773, 'epoch': 3.94}
Time elapsed since training started:  8 Hours 15 Mins 03.608400 Sec
{'loss': 0.0642, 'learning_rate': 0.000601510067114094, 'epoch': 3.98}
Time elapsed since training started:  8 Hours 20 Mins 19.258795 Sec
{'loss': 0.0643, 'learning_rate': 0.0005973154362416108, 'epoch': 4.03}
Time elapsed since training started:  8 Hours 25 Mins 18.109874 Sec
{'loss': 0.0628, 'learning_rate': 0.0005931208053691274, 'epoch': 4.07}
Time elapsed since training started:  8 Hours 30 Mins 34.353104 Sec
{'loss': 0.0624, 'learning_rate': 0.0005889261744966443, 'epoch': 4.11}
Time elapsed since training started:  8 Hours 35 Mins 49.710092 Sec
{'loss': 0.062, 'learning_rate': 0.000584731543624161, 'epoch': 4.15}
Time elapsed since training started:  8 Hours 40 Mins 55.391138 Sec
{'loss': 0.0609, 'learning_rate': 0.0005805369127516778, 'epoch': 4.19}
Time elapsed since training started:  8 Hours 46 Mins 11.188571 Sec
{'loss': 0.0605, 'learning_rate': 0.0005763422818791947, 'epoch': 4.24}
Time elapsed since training started:  8 Hours 51 Mins 26.894131 Sec
{'loss': 0.0601, 'learning_rate': 0.0005721476510067114, 'epoch': 4.28}
Time elapsed since training started:  8 Hours 56 Mins 32.808232 Sec
{'loss': 0.0601, 'learning_rate': 0.0005679530201342282, 'epoch': 4.32}
Time elapsed since training started:  9 Hours 01 Mins 48.751986 Sec
{'loss': 0.0596, 'learning_rate': 0.0005637583892617449, 'epoch': 4.36}
Time elapsed since training started:  9 Hours 07 Mins 03.768024 Sec
{'loss': 0.0593, 'learning_rate': 0.0005595637583892618, 'epoch': 4.4}
Time elapsed since training started:  9 Hours 12 Mins 09.480350 Sec
{'loss': 0.059, 'learning_rate': 0.0005553691275167785, 'epoch': 4.45}
Time elapsed since training started:  9 Hours 17 Mins 24.640957 Sec
{'loss': 0.0584, 'learning_rate': 0.0005511744966442953, 'epoch': 4.49}
Time elapsed since training started:  9 Hours 22 Mins 40.014026 Sec
{'loss': 0.0582, 'learning_rate': 0.0005469798657718122, 'epoch': 4.53}
Time elapsed since training started:  9 Hours 27 Mins 51.287009 Sec
{'loss': 0.0577, 'learning_rate': 0.0005427852348993289, 'epoch': 4.57}
Time elapsed since training started:  9 Hours 33 Mins 13.223159 Sec
{'loss': 0.0578, 'learning_rate': 0.0005385906040268457, 'epoch': 4.61}
Time elapsed since training started:  9 Hours 38 Mins 34.497968 Sec
{'loss': 0.0574, 'learning_rate': 0.0005343959731543624, 'epoch': 4.66}
Time elapsed since training started:  9 Hours 43 Mins 41.353289 Sec
{'loss': 0.0566, 'learning_rate': 0.0005302013422818792, 'epoch': 4.7}
Time elapsed since training started:  9 Hours 48 Mins 57.408630 Sec
{'loss': 0.0566, 'learning_rate': 0.0005260067114093959, 'epoch': 4.74}
Time elapsed since training started:  9 Hours 54 Mins 14.859651 Sec
{'loss': 0.0563, 'learning_rate': 0.0005218120805369127, 'epoch': 4.78}
Time elapsed since training started:  9 Hours 59 Mins 21.328824 Sec
{'loss': 0.0556, 'learning_rate': 0.0005176174496644296, 'epoch': 4.82}
Time elapsed since training started:  10 Hours 04 Mins 37.183150 Sec
{'loss': 0.0552, 'learning_rate': 0.0005134228187919463, 'epoch': 4.87}
Time elapsed since training started:  10 Hours 09 Mins 54.373150 Sec
{'loss': 0.0551, 'learning_rate': 0.0005092281879194631, 'epoch': 4.91}
Time elapsed since training started:  10 Hours 15 Mins 00.593582 Sec
{'loss': 0.0549, 'learning_rate': 0.0005050335570469798, 'epoch': 4.95}
Time elapsed since training started:  10 Hours 20 Mins 15.137335 Sec
{'loss': 0.0544, 'learning_rate': 0.0005008389261744967, 'epoch': 4.99}
Time elapsed since training started:  10 Hours 25 Mins 30.292493 Sec
{'loss': 0.0542, 'learning_rate': 0.0004966442953020134, 'epoch': 5.03}
Time elapsed since training started:  10 Hours 30 Mins 28.907045 Sec
{'loss': 0.054, 'learning_rate': 0.0004924496644295302, 'epoch': 5.08}
Time elapsed since training started:  10 Hours 35 Mins 44.891244 Sec
{'loss': 0.0537, 'learning_rate': 0.000488255033557047, 'epoch': 5.12}
Time elapsed since training started:  10 Hours 41 Mins 00.791644 Sec
{'loss': 0.0534, 'learning_rate': 0.0004840604026845637, 'epoch': 5.16}
Time elapsed since training started:  10 Hours 46 Mins 07.383547 Sec
{'loss': 0.0533, 'learning_rate': 0.0004798657718120805, 'epoch': 5.2}
Time elapsed since training started:  10 Hours 51 Mins 23.293037 Sec
{'loss': 0.0525, 'learning_rate': 0.00047567114093959733, 'epoch': 5.24}
Time elapsed since training started:  10 Hours 56 Mins 39.092627 Sec
{'loss': 0.0525, 'learning_rate': 0.0004714765100671141, 'epoch': 5.29}
Time elapsed since training started:  11 Hours 01 Mins 45.453339 Sec
{'loss': 0.0527, 'learning_rate': 0.0004672818791946309, 'epoch': 5.33}
Time elapsed since training started:  11 Hours 07 Mins 01.808636 Sec
{'loss': 0.0522, 'learning_rate': 0.00046308724832214767, 'epoch': 5.37}
Time elapsed since training started:  11 Hours 12 Mins 19.281973 Sec
{'loss': 0.0518, 'learning_rate': 0.00045889261744966445, 'epoch': 5.41}
Time elapsed since training started:  11 Hours 17 Mins 26.581772 Sec
{'loss': 0.0516, 'learning_rate': 0.0004546979865771812, 'epoch': 5.45}
Time elapsed since training started:  11 Hours 22 Mins 43.260678 Sec
{'loss': 0.0515, 'learning_rate': 0.00045050335570469795, 'epoch': 5.49}
Time elapsed since training started:  11 Hours 27 Mins 59.394418 Sec
{'loss': 0.051, 'learning_rate': 0.0004463087248322148, 'epoch': 5.54}
Time elapsed since training started:  11 Hours 33 Mins 05.935899 Sec
{'loss': 0.0507, 'learning_rate': 0.00044211409395973156, 'epoch': 5.58}
Time elapsed since training started:  11 Hours 38 Mins 21.769548 Sec
{'loss': 0.0507, 'learning_rate': 0.00043791946308724834, 'epoch': 5.62}
Time elapsed since training started:  11 Hours 43 Mins 37.767600 Sec
{'loss': 0.0508, 'learning_rate': 0.0004337248322147651, 'epoch': 5.66}
Time elapsed since training started:  11 Hours 48 Mins 44.304389 Sec
{'loss': 0.0499, 'learning_rate': 0.0004295302013422819, 'epoch': 5.7}
Time elapsed since training started:  11 Hours 53 Mins 59.790931 Sec
{'loss': 0.05, 'learning_rate': 0.00042533557046979867, 'epoch': 5.75}
Time elapsed since training started:  11 Hours 59 Mins 16.193465 Sec
{'loss': 0.0498, 'learning_rate': 0.0004211409395973154, 'epoch': 5.79}
Time elapsed since training started:  12 Hours 04 Mins 22.560954 Sec
{'loss': 0.0494, 'learning_rate': 0.0004169463087248322, 'epoch': 5.83}
Time elapsed since training started:  12 Hours 09 Mins 39.775899 Sec
{'loss': 0.0495, 'learning_rate': 0.000412751677852349, 'epoch': 5.87}
Time elapsed since training started:  12 Hours 14 Mins 55.654308 Sec
{'loss': 0.0493, 'learning_rate': 0.0004085570469798658, 'epoch': 5.91}
Time elapsed since training started:  12 Hours 20 Mins 02.337967 Sec
{'loss': 0.0488, 'learning_rate': 0.00040436241610738256, 'epoch': 5.96}
Time elapsed since training started:  12 Hours 25 Mins 17.372630 Sec
{'loss': 0.0488, 'learning_rate': 0.00040016778523489934, 'epoch': 6.0}
Time elapsed since training started:  12 Hours 30 Mins 26.792747 Sec
{'loss': 0.0485, 'learning_rate': 0.0003959731543624161, 'epoch': 6.04}
Time elapsed since training started:  12 Hours 35 Mins 33.456964 Sec
{'loss': 0.0487, 'learning_rate': 0.0003917785234899329, 'epoch': 6.08}
Time elapsed since training started:  12 Hours 40 Mins 48.750965 Sec
{'loss': 0.0485, 'learning_rate': 0.0003875838926174497, 'epoch': 6.12}
Time elapsed since training started:  12 Hours 46 Mins 04.524077 Sec
{'loss': 0.0484, 'learning_rate': 0.00038338926174496645, 'epoch': 6.17}
Time elapsed since training started:  12 Hours 51 Mins 11.221245 Sec
{'loss': 0.0482, 'learning_rate': 0.00037919463087248323, 'epoch': 6.21}
Time elapsed since training started:  12 Hours 56 Mins 28.203872 Sec
{'loss': 0.0481, 'learning_rate': 0.000375, 'epoch': 6.25}
Time elapsed since training started:  13 Hours 01 Mins 48.129358 Sec
{'loss': 0.0475, 'learning_rate': 0.0003708053691275168, 'epoch': 6.29}
Time elapsed since training started:  13 Hours 06 Mins 55.366495 Sec
{'loss': 0.0474, 'learning_rate': 0.00036661073825503356, 'epoch': 6.33}
Time elapsed since training started:  13 Hours 12 Mins 11.699329 Sec
{'loss': 0.0472, 'learning_rate': 0.00036241610738255034, 'epoch': 6.38}
Time elapsed since training started:  13 Hours 17 Mins 28.127463 Sec
{'loss': 0.0469, 'learning_rate': 0.0003582214765100671, 'epoch': 6.42}
Time elapsed since training started:  13 Hours 22 Mins 36.391100 Sec
{'loss': 0.0475, 'learning_rate': 0.0003540268456375839, 'epoch': 6.46}
Time elapsed since training started:  13 Hours 27 Mins 51.936913 Sec
{'loss': 0.0469, 'learning_rate': 0.0003498322147651007, 'epoch': 6.5}
Time elapsed since training started:  13 Hours 33 Mins 06.056465 Sec
{'loss': 0.0463, 'learning_rate': 0.00034563758389261745, 'epoch': 6.54}
Time elapsed since training started:  13 Hours 38 Mins 15.252511 Sec
{'loss': 0.0466, 'learning_rate': 0.00034144295302013423, 'epoch': 6.59}
Time elapsed since training started:  13 Hours 43 Mins 32.010640 Sec
{'loss': 0.0464, 'learning_rate': 0.000337248322147651, 'epoch': 6.63}
Time elapsed since training started:  13 Hours 48 Mins 49.828701 Sec
{'loss': 0.046, 'learning_rate': 0.0003330536912751678, 'epoch': 6.67}
Time elapsed since training started:  13 Hours 53 Mins 56.677819 Sec
{'loss': 0.0461, 'learning_rate': 0.0003288590604026846, 'epoch': 6.71}
Time elapsed since training started:  13 Hours 59 Mins 13.456788 Sec
{'loss': 0.0461, 'learning_rate': 0.00032466442953020134, 'epoch': 6.75}
Time elapsed since training started:  14 Hours 04 Mins 29.786435 Sec
{'loss': 0.0459, 'learning_rate': 0.0003204697986577181, 'epoch': 6.8}
Time elapsed since training started:  14 Hours 09 Mins 36.788489 Sec
{'loss': 0.0456, 'learning_rate': 0.0003162751677852349, 'epoch': 6.84}
Time elapsed since training started:  14 Hours 14 Mins 55.542822 Sec
{'loss': 0.0453, 'learning_rate': 0.0003120805369127517, 'epoch': 6.88}
Time elapsed since training started:  14 Hours 20 Mins 11.700122 Sec
{'loss': 0.0452, 'learning_rate': 0.00030788590604026846, 'epoch': 6.92}
Time elapsed since training started:  14 Hours 25 Mins 18.101443 Sec
{'loss': 0.045, 'learning_rate': 0.00030369127516778524, 'epoch': 6.96}
Time elapsed since training started:  14 Hours 30 Mins 34.298782 Sec
{'loss': 0.0452, 'learning_rate': 0.00029949664429530207, 'epoch': 7.01}
Time elapsed since training started:  14 Hours 35 Mins 42.823523 Sec
{'loss': 0.045, 'learning_rate': 0.0002953020134228188, 'epoch': 7.05}
Time elapsed since training started:  14 Hours 40 Mins 50.064012 Sec
{'loss': 0.0447, 'learning_rate': 0.00029110738255033557, 'epoch': 7.09}
Time elapsed since training started:  14 Hours 46 Mins 05.832314 Sec
{'loss': 0.0447, 'learning_rate': 0.00028691275167785235, 'epoch': 7.13}
Time elapsed since training started:  14 Hours 51 Mins 21.923498 Sec
{'loss': 0.0444, 'learning_rate': 0.0002827181208053691, 'epoch': 7.17}
Time elapsed since training started:  14 Hours 56 Mins 29.046281 Sec
{'loss': 0.0443, 'learning_rate': 0.0002785234899328859, 'epoch': 7.21}
Time elapsed since training started:  15 Hours 01 Mins 44.513055 Sec
{'loss': 0.0445, 'learning_rate': 0.0002743288590604027, 'epoch': 7.26}
Time elapsed since training started:  15 Hours 07 Mins 00.243318 Sec
{'loss': 0.0442, 'learning_rate': 0.0002701342281879195, 'epoch': 7.3}
Time elapsed since training started:  15 Hours 12 Mins 06.387784 Sec
{'loss': 0.0438, 'learning_rate': 0.0002659395973154363, 'epoch': 7.34}
Time elapsed since training started:  15 Hours 17 Mins 20.994068 Sec
{'loss': 0.0437, 'learning_rate': 0.000261744966442953, 'epoch': 7.38}
Time elapsed since training started:  15 Hours 22 Mins 36.768293 Sec
{'loss': 0.0436, 'learning_rate': 0.0002575503355704698, 'epoch': 7.42}
Time elapsed since training started:  15 Hours 27 Mins 44.014683 Sec
{'loss': 0.0436, 'learning_rate': 0.00025335570469798657, 'epoch': 7.47}
Time elapsed since training started:  15 Hours 33 Mins 00.625213 Sec
{'loss': 0.0435, 'learning_rate': 0.00024916107382550335, 'epoch': 7.51}
Time elapsed since training started:  15 Hours 38 Mins 16.773378 Sec
{'loss': 0.0434, 'learning_rate': 0.00024496644295302013, 'epoch': 7.55}
Time elapsed since training started:  15 Hours 43 Mins 23.409537 Sec
{'loss': 0.0432, 'learning_rate': 0.0002407718120805369, 'epoch': 7.59}
Time elapsed since training started:  15 Hours 48 Mins 38.251067 Sec
{'loss': 0.043, 'learning_rate': 0.00023657718120805368, 'epoch': 7.63}
Time elapsed since training started:  15 Hours 53 Mins 53.307761 Sec
{'loss': 0.0432, 'learning_rate': 0.0002323825503355705, 'epoch': 7.68}
Time elapsed since training started:  15 Hours 59 Mins 00.250829 Sec
{'loss': 0.0429, 'learning_rate': 0.00022818791946308727, 'epoch': 7.72}
Time elapsed since training started:  16 Hours 04 Mins 17.339878 Sec
{'loss': 0.0428, 'learning_rate': 0.00022399328859060402, 'epoch': 7.76}
Time elapsed since training started:  16 Hours 09 Mins 34.155205 Sec
{'loss': 0.0429, 'learning_rate': 0.0002197986577181208, 'epoch': 7.8}
Time elapsed since training started:  16 Hours 14 Mins 41.385750 Sec
{'loss': 0.0426, 'learning_rate': 0.0002156040268456376, 'epoch': 7.84}
Time elapsed since training started:  16 Hours 19 Mins 59.071052 Sec
{'loss': 0.0426, 'learning_rate': 0.00021140939597315438, 'epoch': 7.89}
Time elapsed since training started:  16 Hours 25 Mins 15.568130 Sec
{'loss': 0.0426, 'learning_rate': 0.00020721476510067113, 'epoch': 7.93}
Time elapsed since training started:  16 Hours 30 Mins 23.469597 Sec
{'loss': 0.0424, 'learning_rate': 0.00020302013422818794, 'epoch': 7.97}
Time elapsed since training started:  16 Hours 35 Mins 42.400334 Sec
{'loss': 0.0424, 'learning_rate': 0.00019882550335570471, 'epoch': 8.01}
Time elapsed since training started:  16 Hours 40 Mins 53.794175 Sec
{'loss': 0.0424, 'learning_rate': 0.00019463087248322146, 'epoch': 8.05}
Time elapsed since training started:  16 Hours 46 Mins 03.663276 Sec
{'loss': 0.042, 'learning_rate': 0.00019043624161073824, 'epoch': 8.1}
Time elapsed since training started:  16 Hours 51 Mins 22.946318 Sec
{'loss': 0.042, 'learning_rate': 0.00018624161073825505, 'epoch': 8.14}
Time elapsed since training started:  16 Hours 56 Mins 40.087397 Sec
{'loss': 0.0422, 'learning_rate': 0.00018204697986577183, 'epoch': 8.18}
Time elapsed since training started:  17 Hours 01 Mins 47.843993 Sec
{'loss': 0.0419, 'learning_rate': 0.00017785234899328858, 'epoch': 8.22}
Time elapsed since training started:  17 Hours 07 Mins 05.074439 Sec
{'loss': 0.0418, 'learning_rate': 0.00017365771812080538, 'epoch': 8.26}
Time elapsed since training started:  17 Hours 12 Mins 23.271901 Sec
{'loss': 0.0416, 'learning_rate': 0.00016946308724832216, 'epoch': 8.31}
Time elapsed since training started:  17 Hours 17 Mins 30.869999 Sec
{'loss': 0.0416, 'learning_rate': 0.00016526845637583894, 'epoch': 8.35}
Time elapsed since training started:  17 Hours 22 Mins 47.551632 Sec
{'loss': 0.0417, 'learning_rate': 0.0001610738255033557, 'epoch': 8.39}
Time elapsed since training started:  17 Hours 28 Mins 03.793151 Sec
{'loss': 0.0415, 'learning_rate': 0.0001568791946308725, 'epoch': 8.43}
Time elapsed since training started:  17 Hours 33 Mins 10.317400 Sec
{'loss': 0.0413, 'learning_rate': 0.00015268456375838927, 'epoch': 8.47}
Time elapsed since training started:  17 Hours 38 Mins 26.721568 Sec
{'loss': 0.0412, 'learning_rate': 0.00014848993288590602, 'epoch': 8.52}
Time elapsed since training started:  17 Hours 43 Mins 42.109610 Sec
{'loss': 0.0411, 'learning_rate': 0.00014429530201342283, 'epoch': 8.56}
Time elapsed since training started:  17 Hours 48 Mins 48.358466 Sec
{'loss': 0.041, 'learning_rate': 0.0001401006711409396, 'epoch': 8.6}
Time elapsed since training started:  17 Hours 54 Mins 03.920233 Sec
{'loss': 0.0409, 'learning_rate': 0.00013590604026845639, 'epoch': 8.64}
Time elapsed since training started:  17 Hours 59 Mins 19.143443 Sec
{'loss': 0.0409, 'learning_rate': 0.00013171140939597314, 'epoch': 8.68}
Time elapsed since training started:  18 Hours 04 Mins 24.685328 Sec
{'loss': 0.0409, 'learning_rate': 0.00012751677852348994, 'epoch': 8.72}
Time elapsed since training started:  18 Hours 09 Mins 39.932808 Sec
{'loss': 0.0409, 'learning_rate': 0.00012332214765100672, 'epoch': 8.77}
Time elapsed since training started:  18 Hours 14 Mins 54.563292 Sec
{'loss': 0.0406, 'learning_rate': 0.00011912751677852348, 'epoch': 8.81}
Time elapsed since training started:  18 Hours 20 Mins 00.478368 Sec
{'loss': 0.0406, 'learning_rate': 0.00011493288590604028, 'epoch': 8.85}
Time elapsed since training started:  18 Hours 25 Mins 15.960368 Sec
{'loss': 0.0407, 'learning_rate': 0.00011073825503355705, 'epoch': 8.89}
Time elapsed since training started:  18 Hours 30 Mins 31.760475 Sec
{'loss': 0.0405, 'learning_rate': 0.00010654362416107383, 'epoch': 8.93}
Time elapsed since training started:  18 Hours 35 Mins 37.543485 Sec
{'loss': 0.0407, 'learning_rate': 0.00010234899328859061, 'epoch': 8.98}
Time elapsed since training started:  18 Hours 40 Mins 52.016660 Sec
{'loss': 0.0404, 'learning_rate': 9.815436241610739e-05, 'epoch': 9.02}
Time elapsed since training started:  18 Hours 45 Mins 59.104466 Sec
{'loss': 0.0404, 'learning_rate': 9.395973154362417e-05, 'epoch': 9.06}
Time elapsed since training started:  18 Hours 51 Mins 04.888518 Sec
{'loss': 0.0404, 'learning_rate': 8.976510067114093e-05, 'epoch': 9.1}
Time elapsed since training started:  18 Hours 56 Mins 20.756339 Sec
{'loss': 0.0403, 'learning_rate': 8.557046979865772e-05, 'epoch': 9.14}
Time elapsed since training started:  19 Hours 01 Mins 36.655337 Sec
{'loss': 0.0402, 'learning_rate': 8.137583892617449e-05, 'epoch': 9.19}
Time elapsed since training started:  19 Hours 06 Mins 43.293961 Sec
{'loss': 0.0401, 'learning_rate': 7.718120805369128e-05, 'epoch': 9.23}
Time elapsed since training started:  19 Hours 11 Mins 58.955621 Sec
{'loss': 0.04, 'learning_rate': 7.298657718120806e-05, 'epoch': 9.27}
Time elapsed since training started:  19 Hours 17 Mins 13.923642 Sec
{'loss': 0.04, 'learning_rate': 6.879194630872483e-05, 'epoch': 9.31}
Time elapsed since training started:  19 Hours 22 Mins 19.932067 Sec
{'loss': 0.0399, 'learning_rate': 6.459731543624161e-05, 'epoch': 9.35}
Time elapsed since training started:  19 Hours 27 Mins 39.563024 Sec
{'loss': 0.04, 'learning_rate': 6.040268456375839e-05, 'epoch': 9.4}
Time elapsed since training started:  19 Hours 32 Mins 58.879546 Sec
{'loss': 0.04, 'learning_rate': 5.620805369127517e-05, 'epoch': 9.44}
Time elapsed since training started:  19 Hours 38 Mins 09.133620 Sec
{'loss': 0.0398, 'learning_rate': 5.2013422818791946e-05, 'epoch': 9.48}
Time elapsed since training started:  19 Hours 43 Mins 28.403232 Sec
{'loss': 0.0399, 'learning_rate': 4.7818791946308725e-05, 'epoch': 9.52}
Time elapsed since training started:  19 Hours 48 Mins 47.498332 Sec
{'loss': 0.0399, 'learning_rate': 4.36241610738255e-05, 'epoch': 9.56}
Time elapsed since training started:  19 Hours 53 Mins 57.678236 Sec
{'loss': 0.0399, 'learning_rate': 3.942953020134228e-05, 'epoch': 9.61}
Time elapsed since training started:  19 Hours 59 Mins 16.903461 Sec
{'loss': 0.0397, 'learning_rate': 3.523489932885906e-05, 'epoch': 9.65}
Time elapsed since training started:  20 Hours 04 Mins 36.605778 Sec
{'loss': 0.0398, 'learning_rate': 3.104026845637584e-05, 'epoch': 9.69}
Time elapsed since training started:  20 Hours 09 Mins 44.696834 Sec
{'loss': 0.0396, 'learning_rate': 2.6845637583892618e-05, 'epoch': 9.73}
Time elapsed since training started:  20 Hours 15 Mins 00.049850 Sec
{'loss': 0.0397, 'learning_rate': 2.2651006711409396e-05, 'epoch': 9.77}
Time elapsed since training started:  20 Hours 20 Mins 16.544236 Sec
{'loss': 0.0395, 'learning_rate': 1.8456375838926174e-05, 'epoch': 9.82}
Time elapsed since training started:  20 Hours 25 Mins 23.506482 Sec
{'loss': 0.0395, 'learning_rate': 1.4261744966442954e-05, 'epoch': 9.86}
Time elapsed since training started:  20 Hours 30 Mins 39.357662 Sec
{'loss': 0.0395, 'learning_rate': 1.006711409395973e-05, 'epoch': 9.9}
Time elapsed since training started:  20 Hours 35 Mins 54.425464 Sec
{'loss': 0.0394, 'learning_rate': 5.87248322147651e-06, 'epoch': 9.94}
Time elapsed since training started:  20 Hours 40 Mins 59.968120 Sec
{'loss': 0.0393, 'learning_rate': 1.6778523489932886e-06, 'epoch': 9.98}
Time elapsed since training started:  20 Hours 46 Mins 14.988372 Sec
{'train_runtime': 74867.3839, 'train_samples_per_second': 5209.991, 'train_steps_per_second': 0.08, 'train_loss': 0.18426888708100223, 'epoch': 10.0}
Training finished.
Time elapsed since training started:  20 Hours 47 Mins 57.406304 Sec
