learning_rate=0.001
weight_decay=0.0001
num_training_epochs=20.0
trg_len=4
eval_file='2x2-centre/eval-two-city.txt'
evalBC_file=None
eval_random_file=None
Number of parameters in GPT2 model: 7M
device=device(type='cuda')
Reading 2x2-centre/train-no-centre.txt...
Reading of 2x2-centre/train-no-centre.txt done!
Reading 2x2-centre/eval-two-city.txt...
Reading of 2x2-centre/eval-two-city.txt done!
Converting to HuggingFace Dataset dictionary...
Dataset created has 24165120 sequences, 13 unique words.
Dataset created has 27000 sequences, 13 unique words.
Converted to HuggingFace Dataset dictionary!
Adding target labels...
Added target labels!
output_dir: report-final-microGPT-2x2-two
overwrite_output_dir: False
do_train: False
do_eval: True
do_predict: False
evaluation_strategy: steps
prediction_loss_only: False
per_device_train_batch_size: 65536
per_device_eval_batch_size: 65536
per_gpu_train_batch_size: None
per_gpu_eval_batch_size: None
gradient_accumulation_steps: 1
eval_accumulation_steps: 1
eval_delay: 0
learning_rate: 0.001
weight_decay: 0.0001
adam_beta1: 0.9
adam_beta2: 0.999
adam_epsilon: 1e-08
max_grad_norm: 1.0
num_train_epochs: 20.0
max_steps: -1
lr_scheduler_type: linear
lr_scheduler_kwargs: {}
warmup_ratio: 0.0
warmup_steps: 0
log_level: info
log_level_replica: warning
log_on_each_node: True
logging_dir: report-final-microGPT-2x2-two/runs/May20_05-56-39_gpu-q-26
logging_strategy: steps
logging_first_step: False
logging_steps: 25
logging_nan_inf_filter: True
save_strategy: steps
save_steps: 25
save_total_limit: 2
save_safetensors: True
save_on_each_node: False
save_only_model: False
no_cuda: False
use_cpu: False
use_mps_device: False
seed: 42
data_seed: None
jit_mode_eval: False
use_ipex: False
bf16: False
fp16: True
fp16_opt_level: O1
half_precision_backend: auto
bf16_full_eval: False
fp16_full_eval: False
tf32: None
local_rank: 0
ddp_backend: None
tpu_num_cores: None
tpu_metrics_debug: False
debug: []
dataloader_drop_last: False
eval_steps: 25
dataloader_num_workers: 0
past_index: -1
run_name: report-final-microGPT-2x2-two
disable_tqdm: False
remove_unused_columns: True
label_names: None
load_best_model_at_end: True
metric_for_best_model: loss
greater_is_better: False
ignore_data_skip: False
fsdp: []
fsdp_min_num_params: 0
fsdp_config: {'min_num_params': 0, 'xla': False, 'xla_fsdp_grad_ckpt': False}
fsdp_transformer_layer_cls_to_wrap: None
deepspeed: None
label_smoothing_factor: 0.0
optim: adamw_torch
optim_args: None
adafactor: False
group_by_length: False
length_column_name: length
report_to: ['wandb']
ddp_find_unused_parameters: None
ddp_bucket_cap_mb: None
ddp_broadcast_buffers: None
dataloader_pin_memory: True
dataloader_persistent_workers: False
skip_memory_metrics: True
use_legacy_prediction_loop: False
push_to_hub: False
resume_from_checkpoint: None
hub_model_id: None
hub_strategy: every_save
hub_token: None
hub_private_repo: False
hub_always_push: False
gradient_checkpointing: False
gradient_checkpointing_kwargs: None
include_inputs_for_metrics: False
fp16_backend: auto
push_to_hub_model_id: None
push_to_hub_organization: None
push_to_hub_token: None
mp_parameters: 
auto_find_batch_size: False
full_determinism: False
torchdynamo: None
ray_scope: last
ddp_timeout: 1800
torch_compile: False
torch_compile_backend: None
torch_compile_mode: None
dispatch_batches: None
split_batches: False
include_tokens_per_second: False
include_num_input_tokens_seen: False
neftune_noise_alpha: None
distributed_state: Distributed environment: NO
Num processes: 1
Process index: 0
Local process index: 0
Device: cuda

_n_gpu: 1
__cached__setup_devices: cuda:0
deepspeed_plugin: None
{'loss': 1.4346, 'learning_rate': 0.0009968834688346884, 'epoch': 0.07}
Time elapsed since training started:  0 Hours 05 Mins 41.172411 Sec
{'loss': 0.8803, 'learning_rate': 0.0009934959349593496, 'epoch': 0.14}
Time elapsed since training started:  0 Hours 11 Mins 03.073719 Sec
{'loss': 0.8262, 'learning_rate': 0.0009901084010840108, 'epoch': 0.2}
Time elapsed since training started:  0 Hours 16 Mins 25.167914 Sec
{'loss': 0.8158, 'learning_rate': 0.0009867208672086722, 'epoch': 0.27}
Time elapsed since training started:  0 Hours 21 Mins 47.226584 Sec
{'loss': 0.8115, 'learning_rate': 0.0009833333333333332, 'epoch': 0.34}
Time elapsed since training started:  0 Hours 27 Mins 09.910051 Sec
{'loss': 0.8089, 'learning_rate': 0.0009799457994579945, 'epoch': 0.41}
Time elapsed since training started:  0 Hours 32 Mins 33.343336 Sec
{'loss': 0.8066, 'learning_rate': 0.0009765582655826558, 'epoch': 0.47}
Time elapsed since training started:  0 Hours 37 Mins 54.916586 Sec
{'loss': 0.8047, 'learning_rate': 0.0009731707317073171, 'epoch': 0.54}
Time elapsed since training started:  0 Hours 43 Mins 16.617236 Sec
{'loss': 0.8033, 'learning_rate': 0.0009697831978319783, 'epoch': 0.61}
Time elapsed since training started:  0 Hours 48 Mins 38.087363 Sec
{'loss': 0.8022, 'learning_rate': 0.0009663956639566396, 'epoch': 0.68}
Time elapsed since training started:  0 Hours 54 Mins 00.121417 Sec
{'loss': 0.8015, 'learning_rate': 0.0009630081300813009, 'epoch': 0.75}
Time elapsed since training started:  0 Hours 59 Mins 22.981828 Sec
{'loss': 0.8005, 'learning_rate': 0.0009596205962059621, 'epoch': 0.81}
Time elapsed since training started:  1 Hours 04 Mins 44.206302 Sec
{'loss': 0.8, 'learning_rate': 0.0009562330623306233, 'epoch': 0.88}
Time elapsed since training started:  1 Hours 10 Mins 05.295523 Sec
{'loss': 0.7994, 'learning_rate': 0.0009528455284552846, 'epoch': 0.95}
Time elapsed since training started:  1 Hours 15 Mins 34.191703 Sec
{'loss': 0.799, 'learning_rate': 0.0009494579945799459, 'epoch': 1.02}
Time elapsed since training started:  1 Hours 20 Mins 54.683450 Sec
{'loss': 0.7986, 'learning_rate': 0.0009460704607046071, 'epoch': 1.08}
Time elapsed since training started:  1 Hours 26 Mins 15.431861 Sec
{'loss': 0.8018, 'learning_rate': 0.0009426829268292683, 'epoch': 1.15}
Time elapsed since training started:  1 Hours 31 Mins 35.618412 Sec
{'loss': 0.8001, 'learning_rate': 0.0009392953929539295, 'epoch': 1.22}
Time elapsed since training started:  1 Hours 36 Mins 55.961767 Sec
{'loss': 0.7983, 'learning_rate': 0.0009359078590785907, 'epoch': 1.29}
Time elapsed since training started:  1 Hours 42 Mins 15.975006 Sec
{'loss': 0.7978, 'learning_rate': 0.0009325203252032521, 'epoch': 1.36}
Time elapsed since training started:  1 Hours 47 Mins 37.246233 Sec
{'loss': 0.7973, 'learning_rate': 0.0009291327913279133, 'epoch': 1.42}
Time elapsed since training started:  1 Hours 52 Mins 57.169006 Sec
{'loss': 0.8002, 'learning_rate': 0.0009257452574525745, 'epoch': 1.49}
Time elapsed since training started:  1 Hours 58 Mins 16.989467 Sec
{'loss': 0.7961, 'learning_rate': 0.0009223577235772358, 'epoch': 1.56}
Time elapsed since training started:  2 Hours 03 Mins 35.955114 Sec
{'loss': 0.7945, 'learning_rate': 0.0009189701897018971, 'epoch': 1.63}
Time elapsed since training started:  2 Hours 08 Mins 56.075382 Sec
{'loss': 0.7709, 'learning_rate': 0.0009155826558265583, 'epoch': 1.69}
Time elapsed since training started:  2 Hours 14 Mins 15.693885 Sec
{'loss': 0.7464, 'learning_rate': 0.0009121951219512196, 'epoch': 1.76}
Time elapsed since training started:  2 Hours 19 Mins 35.654569 Sec
{'loss': 0.7226, 'learning_rate': 0.0009088075880758808, 'epoch': 1.83}
Time elapsed since training started:  2 Hours 24 Mins 55.016292 Sec
{'loss': 0.6875, 'learning_rate': 0.000905420054200542, 'epoch': 1.9}
Time elapsed since training started:  2 Hours 30 Mins 15.147274 Sec
{'loss': 0.6499, 'learning_rate': 0.0009020325203252033, 'epoch': 1.96}
Time elapsed since training started:  2 Hours 35 Mins 40.391079 Sec
{'loss': 0.5968, 'learning_rate': 0.0008986449864498645, 'epoch': 2.03}
Time elapsed since training started:  2 Hours 40 Mins 58.631917 Sec
{'loss': 0.5422, 'learning_rate': 0.0008952574525745257, 'epoch': 2.1}
Time elapsed since training started:  2 Hours 46 Mins 18.887321 Sec
{'loss': 0.4685, 'learning_rate': 0.000891869918699187, 'epoch': 2.17}
Time elapsed since training started:  2 Hours 51 Mins 39.608238 Sec
{'loss': 0.3938, 'learning_rate': 0.0008884823848238483, 'epoch': 2.24}
Time elapsed since training started:  2 Hours 56 Mins 59.468923 Sec
{'loss': 0.3262, 'learning_rate': 0.0008850948509485095, 'epoch': 2.3}
Time elapsed since training started:  3 Hours 02 Mins 19.460876 Sec
{'loss': 0.266, 'learning_rate': 0.0008817073170731708, 'epoch': 2.37}
Time elapsed since training started:  3 Hours 07 Mins 42.966760 Sec
{'loss': 0.2289, 'learning_rate': 0.000878319783197832, 'epoch': 2.44}
Time elapsed since training started:  3 Hours 13 Mins 03.868107 Sec
{'loss': 0.2036, 'learning_rate': 0.0008749322493224932, 'epoch': 2.51}
Time elapsed since training started:  3 Hours 18 Mins 25.051036 Sec
{'loss': 0.182, 'learning_rate': 0.0008715447154471546, 'epoch': 2.57}
Time elapsed since training started:  3 Hours 23 Mins 49.147814 Sec
{'loss': 0.1652, 'learning_rate': 0.0008681571815718158, 'epoch': 2.64}
Time elapsed since training started:  3 Hours 29 Mins 12.567368 Sec
{'loss': 0.1525, 'learning_rate': 0.000864769647696477, 'epoch': 2.71}
Time elapsed since training started:  3 Hours 34 Mins 37.156974 Sec
{'loss': 0.1417, 'learning_rate': 0.0008613821138211382, 'epoch': 2.78}
Time elapsed since training started:  3 Hours 40 Mins 01.319718 Sec
{'loss': 0.1336, 'learning_rate': 0.0008579945799457994, 'epoch': 2.85}
Time elapsed since training started:  3 Hours 45 Mins 24.488584 Sec
{'loss': 0.1264, 'learning_rate': 0.0008546070460704607, 'epoch': 2.91}
Time elapsed since training started:  3 Hours 50 Mins 55.501139 Sec
{'loss': 0.1197, 'learning_rate': 0.000851219512195122, 'epoch': 2.98}
Time elapsed since training started:  3 Hours 56 Mins 18.536099 Sec
{'loss': 0.1162, 'learning_rate': 0.0008478319783197832, 'epoch': 3.05}
Time elapsed since training started:  4 Hours 01 Mins 41.390478 Sec
{'loss': 0.1096, 'learning_rate': 0.0008444444444444444, 'epoch': 3.12}
Time elapsed since training started:  4 Hours 07 Mins 05.876122 Sec
{'loss': 0.1061, 'learning_rate': 0.0008410569105691058, 'epoch': 3.18}
Time elapsed since training started:  4 Hours 12 Mins 30.923651 Sec
{'loss': 0.1029, 'learning_rate': 0.000837669376693767, 'epoch': 3.25}
Time elapsed since training started:  4 Hours 17 Mins 55.380515 Sec
{'loss': 0.0982, 'learning_rate': 0.0008342818428184282, 'epoch': 3.32}
Time elapsed since training started:  4 Hours 23 Mins 19.304751 Sec
{'loss': 0.0963, 'learning_rate': 0.0008308943089430895, 'epoch': 3.39}
Time elapsed since training started:  4 Hours 28 Mins 43.523674 Sec
{'loss': 0.0934, 'learning_rate': 0.0008275067750677507, 'epoch': 3.46}
Time elapsed since training started:  4 Hours 34 Mins 06.889630 Sec
{'loss': 0.0907, 'learning_rate': 0.000824119241192412, 'epoch': 3.52}
Time elapsed since training started:  4 Hours 39 Mins 29.939943 Sec
{'loss': 0.0881, 'learning_rate': 0.0008207317073170732, 'epoch': 3.59}
Time elapsed since training started:  4 Hours 44 Mins 54.415288 Sec
{'loss': 0.0852, 'learning_rate': 0.0008173441734417344, 'epoch': 3.66}
Time elapsed since training started:  4 Hours 50 Mins 17.346789 Sec
{'loss': 0.0842, 'learning_rate': 0.0008139566395663956, 'epoch': 3.73}
Time elapsed since training started:  4 Hours 55 Mins 40.553956 Sec
{'loss': 0.0821, 'learning_rate': 0.000810569105691057, 'epoch': 3.79}
Time elapsed since training started:  5 Hours 01 Mins 03.617632 Sec
{'loss': 0.0804, 'learning_rate': 0.0008071815718157182, 'epoch': 3.86}
Time elapsed since training started:  5 Hours 06 Mins 26.957669 Sec
{'loss': 0.0788, 'learning_rate': 0.0008037940379403794, 'epoch': 3.93}
Time elapsed since training started:  5 Hours 11 Mins 56.265407 Sec
{'loss': 0.0774, 'learning_rate': 0.0008004065040650407, 'epoch': 4.0}
Time elapsed since training started:  5 Hours 17 Mins 19.495795 Sec
{'loss': 0.0769, 'learning_rate': 0.0007970189701897019, 'epoch': 4.07}
Time elapsed since training started:  5 Hours 22 Mins 45.057886 Sec
{'loss': 0.0746, 'learning_rate': 0.0007936314363143632, 'epoch': 4.13}
Time elapsed since training started:  5 Hours 28 Mins 11.248422 Sec
{'loss': 0.0732, 'learning_rate': 0.0007902439024390245, 'epoch': 4.2}
Time elapsed since training started:  5 Hours 33 Mins 37.366828 Sec
{'loss': 0.0726, 'learning_rate': 0.0007868563685636857, 'epoch': 4.27}
Time elapsed since training started:  5 Hours 39 Mins 01.820624 Sec
{'loss': 0.0707, 'learning_rate': 0.0007834688346883469, 'epoch': 4.34}
Time elapsed since training started:  5 Hours 44 Mins 26.887553 Sec
{'loss': 0.0698, 'learning_rate': 0.0007800813008130081, 'epoch': 4.4}
Time elapsed since training started:  5 Hours 49 Mins 52.563533 Sec
{'loss': 0.0685, 'learning_rate': 0.0007766937669376694, 'epoch': 4.47}
Time elapsed since training started:  5 Hours 55 Mins 18.585805 Sec
{'loss': 0.0677, 'learning_rate': 0.0007733062330623306, 'epoch': 4.54}
Time elapsed since training started:  6 Hours 00 Mins 44.109164 Sec
{'loss': 0.0673, 'learning_rate': 0.0007699186991869919, 'epoch': 4.61}
Time elapsed since training started:  6 Hours 06 Mins 09.915669 Sec
{'loss': 0.0662, 'learning_rate': 0.0007665311653116531, 'epoch': 4.67}
Time elapsed since training started:  6 Hours 11 Mins 35.932677 Sec
{'loss': 0.0653, 'learning_rate': 0.0007631436314363143, 'epoch': 4.74}
Time elapsed since training started:  6 Hours 17 Mins 01.079645 Sec
{'loss': 0.0648, 'learning_rate': 0.0007597560975609757, 'epoch': 4.81}
Time elapsed since training started:  6 Hours 22 Mins 25.268765 Sec
{'loss': 0.064, 'learning_rate': 0.0007563685636856369, 'epoch': 4.88}
Time elapsed since training started:  6 Hours 27 Mins 53.288652 Sec
{'loss': 0.0632, 'learning_rate': 0.0007529810298102981, 'epoch': 4.95}
Time elapsed since training started:  6 Hours 33 Mins 16.394723 Sec
{'loss': 0.0619, 'learning_rate': 0.0007495934959349594, 'epoch': 5.01}
Time elapsed since training started:  6 Hours 38 Mins 37.957073 Sec
{'loss': 0.0619, 'learning_rate': 0.0007462059620596207, 'epoch': 5.08}
Time elapsed since training started:  6 Hours 44 Mins 01.848005 Sec
{'loss': 0.0613, 'learning_rate': 0.0007428184281842819, 'epoch': 5.15}
Time elapsed since training started:  6 Hours 49 Mins 26.385624 Sec
{'loss': 0.0601, 'learning_rate': 0.0007394308943089431, 'epoch': 5.22}
Time elapsed since training started:  6 Hours 54 Mins 49.659625 Sec
{'loss': 0.0596, 'learning_rate': 0.0007360433604336043, 'epoch': 5.28}
Time elapsed since training started:  7 Hours 00 Mins 13.407200 Sec
{'loss': 0.0589, 'learning_rate': 0.0007326558265582655, 'epoch': 5.35}
Time elapsed since training started:  7 Hours 05 Mins 37.485844 Sec
{'loss': 0.0594, 'learning_rate': 0.0007292682926829269, 'epoch': 5.42}
Time elapsed since training started:  7 Hours 11 Mins 01.019170 Sec
{'loss': 0.0582, 'learning_rate': 0.0007258807588075881, 'epoch': 5.49}
Time elapsed since training started:  7 Hours 16 Mins 23.834650 Sec
{'loss': 0.0573, 'learning_rate': 0.0007224932249322493, 'epoch': 5.56}
Time elapsed since training started:  7 Hours 21 Mins 47.648167 Sec
{'loss': 0.0574, 'learning_rate': 0.0007191056910569106, 'epoch': 5.62}
Time elapsed since training started:  7 Hours 27 Mins 11.584178 Sec
{'loss': 0.0566, 'learning_rate': 0.0007157181571815719, 'epoch': 5.69}
Time elapsed since training started:  7 Hours 32 Mins 35.051513 Sec
{'loss': 0.056, 'learning_rate': 0.0007123306233062331, 'epoch': 5.76}
Time elapsed since training started:  7 Hours 37 Mins 57.957805 Sec
{'loss': 0.0553, 'learning_rate': 0.0007089430894308944, 'epoch': 5.83}
Time elapsed since training started:  7 Hours 43 Mins 23.850654 Sec
{'loss': 0.055, 'learning_rate': 0.0007055555555555556, 'epoch': 5.89}
Time elapsed since training started:  7 Hours 48 Mins 51.811435 Sec
{'loss': 0.0541, 'learning_rate': 0.0007021680216802167, 'epoch': 5.96}
Time elapsed since training started:  7 Hours 54 Mins 15.560542 Sec
{'loss': 0.0538, 'learning_rate': 0.0006987804878048781, 'epoch': 6.03}
Time elapsed since training started:  7 Hours 59 Mins 36.577009 Sec
{'loss': 0.0537, 'learning_rate': 0.0006953929539295393, 'epoch': 6.1}
Time elapsed since training started:  8 Hours 05 Mins 00.237827 Sec
{'loss': 0.0533, 'learning_rate': 0.0006920054200542005, 'epoch': 6.17}
Time elapsed since training started:  8 Hours 10 Mins 23.785239 Sec
{'loss': 0.0534, 'learning_rate': 0.0006886178861788618, 'epoch': 6.23}
Time elapsed since training started:  8 Hours 15 Mins 48.347222 Sec
{'loss': 0.0524, 'learning_rate': 0.000685230352303523, 'epoch': 6.3}
Time elapsed since training started:  8 Hours 21 Mins 12.581831 Sec
{'loss': 0.0518, 'learning_rate': 0.0006818428184281843, 'epoch': 6.37}
Time elapsed since training started:  8 Hours 26 Mins 35.701732 Sec
{'loss': 0.0521, 'learning_rate': 0.0006784552845528456, 'epoch': 6.44}
Time elapsed since training started:  8 Hours 31 Mins 58.760642 Sec
{'loss': 0.0519, 'learning_rate': 0.0006750677506775068, 'epoch': 6.5}
Time elapsed since training started:  8 Hours 37 Mins 21.644242 Sec
{'loss': 0.0507, 'learning_rate': 0.000671680216802168, 'epoch': 6.57}
Time elapsed since training started:  8 Hours 42 Mins 44.619765 Sec
{'loss': 0.0505, 'learning_rate': 0.0006682926829268294, 'epoch': 6.64}
Time elapsed since training started:  8 Hours 48 Mins 07.556448 Sec
{'loss': 0.05, 'learning_rate': 0.0006649051490514906, 'epoch': 6.71}
Time elapsed since training started:  8 Hours 53 Mins 31.197203 Sec
{'loss': 0.05, 'learning_rate': 0.0006615176151761517, 'epoch': 6.78}
Time elapsed since training started:  8 Hours 58 Mins 54.052887 Sec
{'loss': 0.0493, 'learning_rate': 0.000658130081300813, 'epoch': 6.84}
Time elapsed since training started:  9 Hours 04 Mins 23.922645 Sec
{'loss': 0.049, 'learning_rate': 0.0006547425474254742, 'epoch': 6.91}
Time elapsed since training started:  9 Hours 09 Mins 47.327344 Sec
{'loss': 0.0489, 'learning_rate': 0.0006513550135501355, 'epoch': 6.98}
Time elapsed since training started:  9 Hours 15 Mins 10.759673 Sec
{'loss': 0.0488, 'learning_rate': 0.0006479674796747968, 'epoch': 7.05}
Time elapsed since training started:  9 Hours 20 Mins 30.515030 Sec
{'loss': 0.0481, 'learning_rate': 0.000644579945799458, 'epoch': 7.11}
Time elapsed since training started:  9 Hours 25 Mins 54.430895 Sec
{'loss': 0.0481, 'learning_rate': 0.0006411924119241192, 'epoch': 7.18}
Time elapsed since training started:  9 Hours 31 Mins 18.965239 Sec
{'loss': 0.0477, 'learning_rate': 0.0006378048780487806, 'epoch': 7.25}
Time elapsed since training started:  9 Hours 36 Mins 41.647512 Sec
{'loss': 0.0474, 'learning_rate': 0.0006344173441734418, 'epoch': 7.32}
Time elapsed since training started:  9 Hours 42 Mins 07.509983 Sec
{'loss': 0.0472, 'learning_rate': 0.000631029810298103, 'epoch': 7.38}
Time elapsed since training started:  9 Hours 47 Mins 31.189536 Sec
{'loss': 0.047, 'learning_rate': 0.0006276422764227643, 'epoch': 7.45}
Time elapsed since training started:  9 Hours 52 Mins 53.144643 Sec
{'loss': 0.0464, 'learning_rate': 0.0006242547425474255, 'epoch': 7.52}
Time elapsed since training started:  9 Hours 58 Mins 17.608592 Sec
{'loss': 0.046, 'learning_rate': 0.0006208672086720867, 'epoch': 7.59}
Time elapsed since training started:  10 Hours 03 Mins 41.994190 Sec
{'loss': 0.046, 'learning_rate': 0.000617479674796748, 'epoch': 7.66}
Time elapsed since training started:  10 Hours 09 Mins 02.714215 Sec
{'loss': 0.0456, 'learning_rate': 0.0006140921409214092, 'epoch': 7.72}
Time elapsed since training started:  10 Hours 14 Mins 23.005621 Sec
{'loss': 0.0453, 'learning_rate': 0.0006107046070460704, 'epoch': 7.79}
Time elapsed since training started:  10 Hours 19 Mins 43.539507 Sec
{'loss': 0.045, 'learning_rate': 0.0006073170731707317, 'epoch': 7.86}
Time elapsed since training started:  10 Hours 25 Mins 13.427074 Sec
{'loss': 0.0453, 'learning_rate': 0.000603929539295393, 'epoch': 7.93}
Time elapsed since training started:  10 Hours 30 Mins 35.381497 Sec
{'loss': 0.0446, 'learning_rate': 0.0006005420054200542, 'epoch': 7.99}
Time elapsed since training started:  10 Hours 35 Mins 56.566793 Sec
{'loss': 0.0448, 'learning_rate': 0.0005971544715447155, 'epoch': 8.06}
Time elapsed since training started:  10 Hours 41 Mins 17.429551 Sec
{'loss': 0.0441, 'learning_rate': 0.0005937669376693767, 'epoch': 8.13}
Time elapsed since training started:  10 Hours 46 Mins 39.521646 Sec
{'loss': 0.0442, 'learning_rate': 0.000590379403794038, 'epoch': 8.2}
Time elapsed since training started:  10 Hours 52 Mins 01.103263 Sec
{'loss': 0.0439, 'learning_rate': 0.0005869918699186993, 'epoch': 8.27}
Time elapsed since training started:  10 Hours 57 Mins 22.047795 Sec
{'loss': 0.0442, 'learning_rate': 0.0005836043360433605, 'epoch': 8.33}
Time elapsed since training started:  11 Hours 02 Mins 44.729678 Sec
{'loss': 0.0435, 'learning_rate': 0.0005802168021680216, 'epoch': 8.4}
Time elapsed since training started:  11 Hours 08 Mins 11.554516 Sec
{'loss': 0.0433, 'learning_rate': 0.0005768292682926829, 'epoch': 8.47}
Time elapsed since training started:  11 Hours 13 Mins 37.024192 Sec
{'loss': 0.043, 'learning_rate': 0.0005734417344173442, 'epoch': 8.54}
Time elapsed since training started:  11 Hours 18 Mins 58.308440 Sec
{'loss': 0.0427, 'learning_rate': 0.0005700542005420054, 'epoch': 8.6}
Time elapsed since training started:  11 Hours 24 Mins 19.871258 Sec
{'loss': 0.0425, 'learning_rate': 0.0005666666666666667, 'epoch': 8.67}
Time elapsed since training started:  11 Hours 29 Mins 41.573680 Sec
{'loss': 0.0428, 'learning_rate': 0.0005632791327913279, 'epoch': 8.74}
Time elapsed since training started:  11 Hours 35 Mins 04.111444 Sec
{'loss': 0.0419, 'learning_rate': 0.0005598915989159891, 'epoch': 8.81}
Time elapsed since training started:  11 Hours 40 Mins 33.809406 Sec
{'loss': 0.0421, 'learning_rate': 0.0005565040650406505, 'epoch': 8.88}
Time elapsed since training started:  11 Hours 45 Mins 56.463066 Sec
{'loss': 0.0419, 'learning_rate': 0.0005531165311653117, 'epoch': 8.94}
Time elapsed since training started:  11 Hours 51 Mins 18.962348 Sec
{'loss': 0.0415, 'learning_rate': 0.0005497289972899729, 'epoch': 9.01}
Time elapsed since training started:  11 Hours 56 Mins 38.641499 Sec
{'loss': 0.0413, 'learning_rate': 0.0005463414634146342, 'epoch': 9.08}
Time elapsed since training started:  12 Hours 01 Mins 59.167620 Sec
{'loss': 0.041, 'learning_rate': 0.0005429539295392955, 'epoch': 9.15}
Time elapsed since training started:  12 Hours 07 Mins 18.963313 Sec
{'loss': 0.0411, 'learning_rate': 0.0005395663956639566, 'epoch': 9.21}
Time elapsed since training started:  12 Hours 12 Mins 38.423283 Sec
{'loss': 0.0413, 'learning_rate': 0.0005361788617886179, 'epoch': 9.28}
Time elapsed since training started:  12 Hours 17 Mins 58.126467 Sec
{'loss': 0.0405, 'learning_rate': 0.0005327913279132791, 'epoch': 9.35}
Time elapsed since training started:  12 Hours 23 Mins 18.029572 Sec
{'loss': 0.0403, 'learning_rate': 0.0005294037940379403, 'epoch': 9.42}
Time elapsed since training started:  12 Hours 28 Mins 38.654480 Sec
{'loss': 0.0405, 'learning_rate': 0.0005260162601626017, 'epoch': 9.49}
Time elapsed since training started:  12 Hours 33 Mins 58.306541 Sec
{'loss': 0.0401, 'learning_rate': 0.0005226287262872629, 'epoch': 9.55}
Time elapsed since training started:  12 Hours 39 Mins 18.016772 Sec
{'loss': 0.0399, 'learning_rate': 0.0005192411924119241, 'epoch': 9.62}
Time elapsed since training started:  12 Hours 44 Mins 37.419878 Sec
{'loss': 0.04, 'learning_rate': 0.0005158536585365854, 'epoch': 9.69}
Time elapsed since training started:  12 Hours 49 Mins 58.260725 Sec
{'loss': 0.0398, 'learning_rate': 0.0005124661246612467, 'epoch': 9.76}
Time elapsed since training started:  12 Hours 55 Mins 19.256303 Sec
{'loss': 0.0396, 'learning_rate': 0.0005090785907859079, 'epoch': 9.82}
Time elapsed since training started:  13 Hours 00 Mins 46.341667 Sec
{'loss': 0.0399, 'learning_rate': 0.0005056910569105692, 'epoch': 9.89}
Time elapsed since training started:  13 Hours 06 Mins 10.768081 Sec
{'loss': 0.0394, 'learning_rate': 0.0005023035230352304, 'epoch': 9.96}
Time elapsed since training started:  13 Hours 11 Mins 33.249154 Sec
{'loss': 0.039, 'learning_rate': 0.0004989159891598916, 'epoch': 10.03}
Time elapsed since training started:  13 Hours 16 Mins 54.265894 Sec
{'loss': 0.039, 'learning_rate': 0.0004955284552845529, 'epoch': 10.09}
Time elapsed since training started:  13 Hours 22 Mins 18.381804 Sec
{'loss': 0.0389, 'learning_rate': 0.0004921409214092141, 'epoch': 10.16}
Time elapsed since training started:  13 Hours 27 Mins 41.117947 Sec
{'loss': 0.0386, 'learning_rate': 0.0004887533875338753, 'epoch': 10.23}
Time elapsed since training started:  13 Hours 33 Mins 04.206815 Sec
{'loss': 0.0386, 'learning_rate': 0.00048536585365853657, 'epoch': 10.3}
Time elapsed since training started:  13 Hours 38 Mins 27.155973 Sec
{'loss': 0.0384, 'learning_rate': 0.00048197831978319785, 'epoch': 10.37}
Time elapsed since training started:  13 Hours 43 Mins 48.664043 Sec
{'loss': 0.0384, 'learning_rate': 0.0004785907859078591, 'epoch': 10.43}
Time elapsed since training started:  13 Hours 49 Mins 11.788896 Sec
{'loss': 0.038, 'learning_rate': 0.00047520325203252034, 'epoch': 10.5}
Time elapsed since training started:  13 Hours 54 Mins 33.569317 Sec
{'loss': 0.038, 'learning_rate': 0.0004718157181571816, 'epoch': 10.57}
Time elapsed since training started:  13 Hours 59 Mins 54.457384 Sec
{'loss': 0.0379, 'learning_rate': 0.00046842818428184283, 'epoch': 10.64}
Time elapsed since training started:  14 Hours 05 Mins 16.510482 Sec
{'loss': 0.0378, 'learning_rate': 0.00046504065040650405, 'epoch': 10.7}
Time elapsed since training started:  14 Hours 10 Mins 39.025591 Sec
{'loss': 0.0376, 'learning_rate': 0.0004616531165311653, 'epoch': 10.77}
Time elapsed since training started:  14 Hours 16 Mins 07.057423 Sec
{'loss': 0.0374, 'learning_rate': 0.0004582655826558266, 'epoch': 10.84}
Time elapsed since training started:  14 Hours 21 Mins 28.981803 Sec
{'loss': 0.0374, 'learning_rate': 0.0004548780487804878, 'epoch': 10.91}
Time elapsed since training started:  14 Hours 26 Mins 51.534656 Sec
{'loss': 0.0372, 'learning_rate': 0.0004514905149051491, 'epoch': 10.98}
Time elapsed since training started:  14 Hours 32 Mins 23.312648 Sec
{'loss': 0.037, 'learning_rate': 0.0004481029810298103, 'epoch': 11.04}
Time elapsed since training started:  14 Hours 37 Mins 43.045621 Sec
{'loss': 0.0371, 'learning_rate': 0.00044471544715447153, 'epoch': 11.11}
Time elapsed since training started:  14 Hours 43 Mins 16.592878 Sec
{'loss': 0.0366, 'learning_rate': 0.0004413279132791328, 'epoch': 11.18}
Time elapsed since training started:  14 Hours 48 Mins 40.072699 Sec
{'loss': 0.0367, 'learning_rate': 0.0004379403794037941, 'epoch': 11.25}
Time elapsed since training started:  14 Hours 54 Mins 04.550039 Sec
{'loss': 0.037, 'learning_rate': 0.0004345528455284553, 'epoch': 11.31}
Time elapsed since training started:  14 Hours 59 Mins 27.280951 Sec
{'loss': 0.0367, 'learning_rate': 0.00043116531165311657, 'epoch': 11.38}
Time elapsed since training started:  15 Hours 04 Mins 50.677569 Sec
{'loss': 0.0364, 'learning_rate': 0.0004277777777777778, 'epoch': 11.45}
Time elapsed since training started:  15 Hours 10 Mins 13.863643 Sec
{'loss': 0.0361, 'learning_rate': 0.000424390243902439, 'epoch': 11.52}
Time elapsed since training started:  15 Hours 15 Mins 36.333608 Sec
{'loss': 0.0363, 'learning_rate': 0.0004210027100271003, 'epoch': 11.59}
Time elapsed since training started:  15 Hours 20 Mins 59.691634 Sec
{'loss': 0.0359, 'learning_rate': 0.00041761517615176156, 'epoch': 11.65}
Time elapsed since training started:  15 Hours 26 Mins 22.257149 Sec
{'loss': 0.0362, 'learning_rate': 0.0004142276422764228, 'epoch': 11.72}
Time elapsed since training started:  15 Hours 31 Mins 44.144657 Sec
{'loss': 0.0358, 'learning_rate': 0.00041084010840108405, 'epoch': 11.79}
Time elapsed since training started:  15 Hours 37 Mins 12.242421 Sec
{'loss': 0.0357, 'learning_rate': 0.00040745257452574527, 'epoch': 11.86}
Time elapsed since training started:  15 Hours 42 Mins 35.550748 Sec
{'loss': 0.0356, 'learning_rate': 0.0004040650406504065, 'epoch': 11.92}
Time elapsed since training started:  15 Hours 47 Mins 57.955405 Sec
{'loss': 0.0355, 'learning_rate': 0.00040067750677506776, 'epoch': 11.99}
Time elapsed since training started:  15 Hours 53 Mins 20.298033 Sec
{'loss': 0.0355, 'learning_rate': 0.00039728997289972904, 'epoch': 12.06}
Time elapsed since training started:  15 Hours 58 Mins 42.489929 Sec
{'loss': 0.0353, 'learning_rate': 0.00039390243902439026, 'epoch': 12.13}
Time elapsed since training started:  16 Hours 04 Mins 07.007057 Sec
{'loss': 0.0349, 'learning_rate': 0.00039051490514905153, 'epoch': 12.2}
Time elapsed since training started:  16 Hours 09 Mins 30.058095 Sec
{'loss': 0.0351, 'learning_rate': 0.00038712737127371275, 'epoch': 12.26}
Time elapsed since training started:  16 Hours 14 Mins 54.133749 Sec
{'loss': 0.0351, 'learning_rate': 0.00038373983739837397, 'epoch': 12.33}
Time elapsed since training started:  16 Hours 20 Mins 19.226671 Sec
{'loss': 0.035, 'learning_rate': 0.00038035230352303524, 'epoch': 12.4}
Time elapsed since training started:  16 Hours 25 Mins 44.202711 Sec
{'loss': 0.0349, 'learning_rate': 0.0003769647696476965, 'epoch': 12.47}
Time elapsed since training started:  16 Hours 31 Mins 08.867070 Sec
{'loss': 0.0346, 'learning_rate': 0.00037357723577235774, 'epoch': 12.53}
Time elapsed since training started:  16 Hours 36 Mins 31.535827 Sec
{'loss': 0.0345, 'learning_rate': 0.000370189701897019, 'epoch': 12.6}
Time elapsed since training started:  16 Hours 41 Mins 55.833336 Sec
{'loss': 0.0345, 'learning_rate': 0.00036680216802168023, 'epoch': 12.67}
Time elapsed since training started:  16 Hours 47 Mins 18.769946 Sec
{'loss': 0.0345, 'learning_rate': 0.00036341463414634145, 'epoch': 12.74}
Time elapsed since training started:  16 Hours 52 Mins 40.233568 Sec
{'loss': 0.0343, 'learning_rate': 0.0003600271002710027, 'epoch': 12.8}
Time elapsed since training started:  16 Hours 58 Mins 07.679548 Sec
{'loss': 0.0341, 'learning_rate': 0.000356639566395664, 'epoch': 12.87}
Time elapsed since training started:  17 Hours 03 Mins 30.110988 Sec
{'loss': 0.0343, 'learning_rate': 0.0003532520325203252, 'epoch': 12.94}
Time elapsed since training started:  17 Hours 08 Mins 51.123419 Sec
{'loss': 0.0343, 'learning_rate': 0.0003498644986449865, 'epoch': 13.01}
Time elapsed since training started:  17 Hours 14 Mins 12.323978 Sec
{'loss': 0.0339, 'learning_rate': 0.0003464769647696477, 'epoch': 13.08}
Time elapsed since training started:  17 Hours 19 Mins 36.291402 Sec
{'loss': 0.0339, 'learning_rate': 0.00034308943089430893, 'epoch': 13.14}
Time elapsed since training started:  17 Hours 25 Mins 01.315848 Sec
{'loss': 0.0335, 'learning_rate': 0.0003397018970189702, 'epoch': 13.21}
Time elapsed since training started:  17 Hours 30 Mins 25.959229 Sec
{'loss': 0.0336, 'learning_rate': 0.0003363143631436315, 'epoch': 13.28}
Time elapsed since training started:  17 Hours 35 Mins 50.343650 Sec
{'loss': 0.0337, 'learning_rate': 0.0003329268292682927, 'epoch': 13.35}
Time elapsed since training started:  17 Hours 41 Mins 14.808851 Sec
{'loss': 0.0335, 'learning_rate': 0.00032953929539295397, 'epoch': 13.41}
Time elapsed since training started:  17 Hours 46 Mins 39.612784 Sec
{'loss': 0.0335, 'learning_rate': 0.0003261517615176152, 'epoch': 13.48}
Time elapsed since training started:  17 Hours 52 Mins 04.336112 Sec
{'loss': 0.0333, 'learning_rate': 0.0003227642276422764, 'epoch': 13.55}
Time elapsed since training started:  17 Hours 57 Mins 28.454309 Sec
{'loss': 0.0334, 'learning_rate': 0.0003193766937669377, 'epoch': 13.62}
Time elapsed since training started:  18 Hours 02 Mins 52.737811 Sec
{'loss': 0.0333, 'learning_rate': 0.00031598915989159896, 'epoch': 13.69}
Time elapsed since training started:  18 Hours 08 Mins 17.289615 Sec
{'loss': 0.0332, 'learning_rate': 0.0003126016260162602, 'epoch': 13.75}
Time elapsed since training started:  18 Hours 13 Mins 47.410640 Sec
{'loss': 0.0329, 'learning_rate': 0.0003092140921409214, 'epoch': 13.82}
Time elapsed since training started:  18 Hours 19 Mins 11.424264 Sec
{'loss': 0.0331, 'learning_rate': 0.00030582655826558267, 'epoch': 13.89}
Time elapsed since training started:  18 Hours 24 Mins 33.828273 Sec
{'loss': 0.0329, 'learning_rate': 0.0003024390243902439, 'epoch': 13.96}
Time elapsed since training started:  18 Hours 29 Mins 55.711801 Sec
{'loss': 0.0328, 'learning_rate': 0.00029905149051490516, 'epoch': 14.02}
Time elapsed since training started:  18 Hours 35 Mins 16.285161 Sec
{'loss': 0.0327, 'learning_rate': 0.00029566395663956644, 'epoch': 14.09}
Time elapsed since training started:  18 Hours 40 Mins 39.818611 Sec
{'loss': 0.0325, 'learning_rate': 0.00029227642276422766, 'epoch': 14.16}
Time elapsed since training started:  18 Hours 46 Mins 03.222276 Sec
{'loss': 0.0325, 'learning_rate': 0.0002888888888888889, 'epoch': 14.23}
Time elapsed since training started:  18 Hours 51 Mins 27.810754 Sec
{'loss': 0.0326, 'learning_rate': 0.00028550135501355015, 'epoch': 14.3}
Time elapsed since training started:  18 Hours 56 Mins 50.826123 Sec
{'loss': 0.0323, 'learning_rate': 0.00028211382113821137, 'epoch': 14.36}
Time elapsed since training started:  19 Hours 02 Mins 12.355352 Sec
{'loss': 0.0324, 'learning_rate': 0.00027872628726287264, 'epoch': 14.43}
Time elapsed since training started:  19 Hours 07 Mins 34.665410 Sec
{'loss': 0.0324, 'learning_rate': 0.0002753387533875339, 'epoch': 14.5}
Time elapsed since training started:  19 Hours 12 Mins 56.995669 Sec
{'loss': 0.0324, 'learning_rate': 0.00027195121951219514, 'epoch': 14.57}
Time elapsed since training started:  19 Hours 18 Mins 19.126700 Sec
{'loss': 0.0321, 'learning_rate': 0.00026856368563685636, 'epoch': 14.63}
Time elapsed since training started:  19 Hours 23 Mins 43.548179 Sec
{'loss': 0.032, 'learning_rate': 0.00026517615176151763, 'epoch': 14.7}
Time elapsed since training started:  19 Hours 29 Mins 08.632842 Sec
{'loss': 0.032, 'learning_rate': 0.00026178861788617885, 'epoch': 14.77}
Time elapsed since training started:  19 Hours 34 Mins 41.305134 Sec
{'loss': 0.0319, 'learning_rate': 0.0002584010840108401, 'epoch': 14.84}
Time elapsed since training started:  19 Hours 40 Mins 06.025048 Sec
{'loss': 0.0318, 'learning_rate': 0.0002550135501355014, 'epoch': 14.91}
Time elapsed since training started:  19 Hours 45 Mins 31.096416 Sec
{'loss': 0.0319, 'learning_rate': 0.0002516260162601626, 'epoch': 14.97}
Time elapsed since training started:  19 Hours 50 Mins 55.766151 Sec
{'loss': 0.0317, 'learning_rate': 0.00024823848238482384, 'epoch': 15.04}
Time elapsed since training started:  19 Hours 56 Mins 19.009167 Sec
{'loss': 0.0317, 'learning_rate': 0.0002448509485094851, 'epoch': 15.11}
Time elapsed since training started:  20 Hours 01 Mins 44.342103 Sec
{'loss': 0.0315, 'learning_rate': 0.00024146341463414633, 'epoch': 15.18}
Time elapsed since training started:  20 Hours 07 Mins 09.396633 Sec
{'loss': 0.0315, 'learning_rate': 0.0002380758807588076, 'epoch': 15.24}
Time elapsed since training started:  20 Hours 12 Mins 34.765347 Sec
{'loss': 0.0315, 'learning_rate': 0.00023468834688346885, 'epoch': 15.31}
Time elapsed since training started:  20 Hours 17 Mins 59.354068 Sec
{'loss': 0.0313, 'learning_rate': 0.00023130081300813007, 'epoch': 15.38}
Time elapsed since training started:  20 Hours 23 Mins 24.086994 Sec
{'loss': 0.0313, 'learning_rate': 0.00022791327913279134, 'epoch': 15.45}
Time elapsed since training started:  20 Hours 28 Mins 48.019884 Sec
{'loss': 0.0312, 'learning_rate': 0.0002245257452574526, 'epoch': 15.51}
Time elapsed since training started:  20 Hours 34 Mins 09.154315 Sec
{'loss': 0.0313, 'learning_rate': 0.0002211382113821138, 'epoch': 15.58}
Time elapsed since training started:  20 Hours 39 Mins 30.353112 Sec
{'loss': 0.0312, 'learning_rate': 0.00021775067750677508, 'epoch': 15.65}
Time elapsed since training started:  20 Hours 44 Mins 51.971825 Sec
{'loss': 0.0312, 'learning_rate': 0.00021436314363143633, 'epoch': 15.72}
Time elapsed since training started:  20 Hours 50 Mins 18.621272 Sec
{'loss': 0.031, 'learning_rate': 0.00021097560975609755, 'epoch': 15.79}
Time elapsed since training started:  20 Hours 55 Mins 38.426163 Sec
{'loss': 0.0309, 'learning_rate': 0.00020758807588075882, 'epoch': 15.85}
Time elapsed since training started:  21 Hours 00 Mins 57.750893 Sec
{'loss': 0.0309, 'learning_rate': 0.00020420054200542007, 'epoch': 15.92}
Time elapsed since training started:  21 Hours 06 Mins 17.735965 Sec
{'loss': 0.031, 'learning_rate': 0.0002008130081300813, 'epoch': 15.99}
Time elapsed since training started:  21 Hours 11 Mins 37.739822 Sec
{'loss': 0.0309, 'learning_rate': 0.00019742547425474256, 'epoch': 16.06}
Time elapsed since training started:  21 Hours 16 Mins 56.185461 Sec
{'loss': 0.0307, 'learning_rate': 0.0001940379403794038, 'epoch': 16.12}
Time elapsed since training started:  21 Hours 22 Mins 16.987112 Sec
{'loss': 0.0306, 'learning_rate': 0.00019065040650406503, 'epoch': 16.19}
Time elapsed since training started:  21 Hours 27 Mins 38.140941 Sec
{'loss': 0.0307, 'learning_rate': 0.0001872628726287263, 'epoch': 16.26}
Time elapsed since training started:  21 Hours 32 Mins 59.574681 Sec
{'loss': 0.0306, 'learning_rate': 0.00018387533875338755, 'epoch': 16.33}
Time elapsed since training started:  21 Hours 38 Mins 20.460057 Sec
{'loss': 0.0305, 'learning_rate': 0.00018048780487804877, 'epoch': 16.4}
Time elapsed since training started:  21 Hours 43 Mins 40.956134 Sec
{'loss': 0.0304, 'learning_rate': 0.00017710027100271004, 'epoch': 16.46}
Time elapsed since training started:  21 Hours 49 Mins 01.020778 Sec
{'loss': 0.0303, 'learning_rate': 0.0001737127371273713, 'epoch': 16.53}
Time elapsed since training started:  21 Hours 54 Mins 21.424793 Sec
{'loss': 0.0303, 'learning_rate': 0.0001703252032520325, 'epoch': 16.6}
Time elapsed since training started:  21 Hours 59 Mins 41.876332 Sec
{'loss': 0.0303, 'learning_rate': 0.00016693766937669378, 'epoch': 16.67}
Time elapsed since training started:  22 Hours 05 Mins 01.967659 Sec
{'loss': 0.0305, 'learning_rate': 0.00016355013550135503, 'epoch': 16.73}
Time elapsed since training started:  22 Hours 10 Mins 28.036730 Sec
{'loss': 0.0303, 'learning_rate': 0.00016016260162601625, 'epoch': 16.8}
Time elapsed since training started:  22 Hours 15 Mins 47.607660 Sec
{'loss': 0.0301, 'learning_rate': 0.00015677506775067752, 'epoch': 16.87}
Time elapsed since training started:  22 Hours 21 Mins 07.627980 Sec
{'loss': 0.0303, 'learning_rate': 0.00015338753387533877, 'epoch': 16.94}
Time elapsed since training started:  22 Hours 26 Mins 27.304016 Sec
{'loss': 0.0301, 'learning_rate': 0.00015, 'epoch': 17.01}
Time elapsed since training started:  22 Hours 31 Mins 45.213596 Sec
{'loss': 0.03, 'learning_rate': 0.00014661246612466126, 'epoch': 17.07}
Time elapsed since training started:  22 Hours 37 Mins 05.992708 Sec
{'loss': 0.03, 'learning_rate': 0.0001432249322493225, 'epoch': 17.14}
Time elapsed since training started:  22 Hours 42 Mins 26.759446 Sec
{'loss': 0.0297, 'learning_rate': 0.00013983739837398373, 'epoch': 17.21}
Time elapsed since training started:  22 Hours 47 Mins 49.132150 Sec
{'loss': 0.0299, 'learning_rate': 0.000136449864498645, 'epoch': 17.28}
Time elapsed since training started:  22 Hours 53 Mins 12.114541 Sec
{'loss': 0.0297, 'learning_rate': 0.00013306233062330625, 'epoch': 17.34}
Time elapsed since training started:  22 Hours 58 Mins 35.254345 Sec
{'loss': 0.0299, 'learning_rate': 0.00012967479674796747, 'epoch': 17.41}
Time elapsed since training started:  23 Hours 03 Mins 57.587249 Sec
{'loss': 0.0297, 'learning_rate': 0.00012628726287262874, 'epoch': 17.48}
Time elapsed since training started:  23 Hours 09 Mins 18.325014 Sec
{'loss': 0.0298, 'learning_rate': 0.00012289972899729, 'epoch': 17.55}
Time elapsed since training started:  23 Hours 14 Mins 41.137680 Sec
{'loss': 0.0298, 'learning_rate': 0.00011951219512195122, 'epoch': 17.62}
Time elapsed since training started:  23 Hours 20 Mins 04.045077 Sec
{'loss': 0.0296, 'learning_rate': 0.00011612466124661247, 'epoch': 17.68}
Time elapsed since training started:  23 Hours 25 Mins 30.564465 Sec
{'loss': 0.0297, 'learning_rate': 0.00011273712737127371, 'epoch': 17.75}
Time elapsed since training started:  23 Hours 30 Mins 51.533616 Sec
{'loss': 0.0295, 'learning_rate': 0.00010934959349593496, 'epoch': 17.82}
Time elapsed since training started:  23 Hours 36 Mins 14.482800 Sec
{'loss': 0.0296, 'learning_rate': 0.0001059620596205962, 'epoch': 17.89}
Time elapsed since training started:  23 Hours 41 Mins 36.929812 Sec
{'loss': 0.0295, 'learning_rate': 0.00010257452574525745, 'epoch': 17.95}
Time elapsed since training started:  23 Hours 47 Mins 00.412985 Sec
{'loss': 0.0296, 'learning_rate': 9.91869918699187e-05, 'epoch': 18.02}
Time elapsed since training started:  23 Hours 52 Mins 21.702346 Sec
{'loss': 0.0293, 'learning_rate': 9.579945799457995e-05, 'epoch': 18.09}
Time elapsed since training started:  23 Hours 57 Mins 45.471189 Sec
{'loss': 0.0293, 'learning_rate': 9.241192411924119e-05, 'epoch': 18.16}
Time elapsed since training started:  1 day, 0 Hours 03 Mins 09.372645 Sec
{'loss': 0.0293, 'learning_rate': 8.902439024390244e-05, 'epoch': 18.22}
Time elapsed since training started:  1 day, 0 Hours 08 Mins 32.878839 Sec
{'loss': 0.0292, 'learning_rate': 8.563685636856369e-05, 'epoch': 18.29}
Time elapsed since training started:  1 day, 0 Hours 13 Mins 56.274092 Sec
{'loss': 0.0292, 'learning_rate': 8.224932249322493e-05, 'epoch': 18.36}
Time elapsed since training started:  1 day, 0 Hours 19 Mins 17.942606 Sec
{'loss': 0.0292, 'learning_rate': 7.886178861788618e-05, 'epoch': 18.43}
Time elapsed since training started:  1 day, 0 Hours 24 Mins 38.133823 Sec
{'loss': 0.029, 'learning_rate': 7.547425474254743e-05, 'epoch': 18.5}
Time elapsed since training started:  1 day, 0 Hours 30 Mins 01.147669 Sec
{'loss': 0.0291, 'learning_rate': 7.208672086720867e-05, 'epoch': 18.56}
Time elapsed since training started:  1 day, 0 Hours 35 Mins 21.804807 Sec
{'loss': 0.0289, 'learning_rate': 6.869918699186992e-05, 'epoch': 18.63}
Time elapsed since training started:  1 day, 0 Hours 40 Mins 42.307023 Sec
{'loss': 0.0291, 'learning_rate': 6.531165311653117e-05, 'epoch': 18.7}
Time elapsed since training started:  1 day, 0 Hours 46 Mins 10.120572 Sec
{'loss': 0.0291, 'learning_rate': 6.192411924119241e-05, 'epoch': 18.77}
Time elapsed since training started:  1 day, 0 Hours 51 Mins 33.130345 Sec
{'loss': 0.029, 'learning_rate': 5.8536585365853666e-05, 'epoch': 18.83}
Time elapsed since training started:  1 day, 0 Hours 56 Mins 55.599782 Sec
{'loss': 0.0289, 'learning_rate': 5.5149051490514906e-05, 'epoch': 18.9}
Time elapsed since training started:  1 day, 1 Hours 02 Mins 20.393347 Sec
{'loss': 0.0289, 'learning_rate': 5.176151761517615e-05, 'epoch': 18.97}
Time elapsed since training started:  1 day, 1 Hours 07 Mins 44.553744 Sec
{'loss': 0.0289, 'learning_rate': 4.83739837398374e-05, 'epoch': 19.04}
Time elapsed since training started:  1 day, 1 Hours 13 Mins 06.640581 Sec
{'loss': 0.0287, 'learning_rate': 4.4986449864498645e-05, 'epoch': 19.11}
Time elapsed since training started:  1 day, 1 Hours 18 Mins 30.448204 Sec
{'loss': 0.0287, 'learning_rate': 4.159891598915989e-05, 'epoch': 19.17}
Time elapsed since training started:  1 day, 1 Hours 23 Mins 52.856182 Sec
{'loss': 0.0287, 'learning_rate': 3.821138211382114e-05, 'epoch': 19.24}
Time elapsed since training started:  1 day, 1 Hours 29 Mins 14.135617 Sec
{'loss': 0.0287, 'learning_rate': 3.4823848238482385e-05, 'epoch': 19.31}
Time elapsed since training started:  1 day, 1 Hours 34 Mins 36.077798 Sec
{'loss': 0.0287, 'learning_rate': 3.143631436314363e-05, 'epoch': 19.38}
Time elapsed since training started:  1 day, 1 Hours 39 Mins 57.905916 Sec
{'loss': 0.0286, 'learning_rate': 2.804878048780488e-05, 'epoch': 19.44}
Time elapsed since training started:  1 day, 1 Hours 45 Mins 19.815510 Sec
{'loss': 0.0288, 'learning_rate': 2.4661246612466125e-05, 'epoch': 19.51}
Time elapsed since training started:  1 day, 1 Hours 50 Mins 42.822208 Sec
{'loss': 0.0286, 'learning_rate': 2.1273712737127372e-05, 'epoch': 19.58}
Time elapsed since training started:  1 day, 1 Hours 56 Mins 05.762390 Sec
{'loss': 0.0286, 'learning_rate': 1.788617886178862e-05, 'epoch': 19.65}
Time elapsed since training started:  1 day, 2 Hours 01 Mins 26.805327 Sec
{'loss': 0.0286, 'learning_rate': 1.4498644986449865e-05, 'epoch': 19.72}
Time elapsed since training started:  1 day, 2 Hours 06 Mins 54.371256 Sec
{'loss': 0.0284, 'learning_rate': 1.1111111111111112e-05, 'epoch': 19.78}
Time elapsed since training started:  1 day, 2 Hours 12 Mins 15.830682 Sec
{'loss': 0.0284, 'learning_rate': 7.723577235772358e-06, 'epoch': 19.85}
Time elapsed since training started:  1 day, 2 Hours 17 Mins 36.703812 Sec
{'loss': 0.0285, 'learning_rate': 4.336043360433604e-06, 'epoch': 19.92}
Time elapsed since training started:  1 day, 2 Hours 22 Mins 57.723545 Sec
{'loss': 0.0286, 'learning_rate': 9.48509485094851e-07, 'epoch': 19.99}
Time elapsed since training started:  1 day, 2 Hours 28 Mins 16.955865 Sec
{'train_runtime': 95339.5409, 'train_samples_per_second': 5069.276, 'train_steps_per_second': 0.077, 'train_loss': 0.12979367573046427, 'epoch': 20.0}
Training finished.
Time elapsed since training started:  1 day, 2 Hours 29 Mins 05.545819 Sec
