learning_rate=0.001
weight_decay=0.0001
num_training_epochs=10.0
trg_len=4
eval_file='eval.txt'
evalBC_file=None
eval_random_file=None
Number of parameters in GPT2 model: 7M
device=device(type='cuda')
Reading train.txt...
Reading of train.txt done!
Reading eval.txt...
Reading of eval.txt done!
Converting to HuggingFace Dataset dictionary...
Dataset created has 45162040 sequences, 13 unique words.
Dataset created has 27000 sequences, 13 unique words.
Converted to HuggingFace Dataset dictionary!
Adding target labels...
Added target labels!
output_dir: report-final-microGPT-baseline-8
overwrite_output_dir: False
do_train: False
do_eval: True
do_predict: False
evaluation_strategy: steps
prediction_loss_only: False
per_device_train_batch_size: 65536
per_device_eval_batch_size: 65536
per_gpu_train_batch_size: None
per_gpu_eval_batch_size: None
gradient_accumulation_steps: 1
eval_accumulation_steps: 1
eval_delay: 0
learning_rate: 0.001
weight_decay: 0.0001
adam_beta1: 0.9
adam_beta2: 0.999
adam_epsilon: 1e-08
max_grad_norm: 1.0
num_train_epochs: 10.0
max_steps: -1
lr_scheduler_type: linear
lr_scheduler_kwargs: {}
warmup_ratio: 0.0
warmup_steps: 0
log_level: info
log_level_replica: warning
log_on_each_node: True
logging_dir: report-final-microGPT-baseline-8/runs/May23_17-19-10_gpu-q-35
logging_strategy: steps
logging_first_step: False
logging_steps: 25
logging_nan_inf_filter: True
save_strategy: steps
save_steps: 25
save_total_limit: 2
save_safetensors: True
save_on_each_node: False
save_only_model: False
no_cuda: False
use_cpu: False
use_mps_device: False
seed: 42
data_seed: None
jit_mode_eval: False
use_ipex: False
bf16: False
fp16: True
fp16_opt_level: O1
half_precision_backend: auto
bf16_full_eval: False
fp16_full_eval: False
tf32: None
local_rank: 0
ddp_backend: None
tpu_num_cores: None
tpu_metrics_debug: False
debug: []
dataloader_drop_last: False
eval_steps: 25
dataloader_num_workers: 0
past_index: -1
run_name: report-final-microGPT-baseline-8
disable_tqdm: False
remove_unused_columns: True
label_names: None
load_best_model_at_end: True
metric_for_best_model: loss
greater_is_better: False
ignore_data_skip: False
fsdp: []
fsdp_min_num_params: 0
fsdp_config: {'min_num_params': 0, 'xla': False, 'xla_fsdp_grad_ckpt': False}
fsdp_transformer_layer_cls_to_wrap: None
deepspeed: None
label_smoothing_factor: 0.0
optim: adamw_torch
optim_args: None
adafactor: False
group_by_length: False
length_column_name: length
report_to: ['wandb']
ddp_find_unused_parameters: None
ddp_bucket_cap_mb: None
ddp_broadcast_buffers: None
dataloader_pin_memory: True
dataloader_persistent_workers: False
skip_memory_metrics: True
use_legacy_prediction_loop: False
push_to_hub: False
resume_from_checkpoint: None
hub_model_id: None
hub_strategy: every_save
hub_token: None
hub_private_repo: False
hub_always_push: False
gradient_checkpointing: False
gradient_checkpointing_kwargs: None
include_inputs_for_metrics: False
fp16_backend: auto
push_to_hub_model_id: None
push_to_hub_organization: None
push_to_hub_token: None
mp_parameters: 
auto_find_batch_size: False
full_determinism: False
torchdynamo: None
ray_scope: last
ddp_timeout: 1800
torch_compile: False
torch_compile_backend: None
torch_compile_mode: None
dispatch_batches: None
split_batches: False
include_tokens_per_second: False
include_num_input_tokens_seen: False
neftune_noise_alpha: None
distributed_state: Distributed environment: NO
Num processes: 1
Process index: 0
Local process index: 0
Device: cuda

_n_gpu: 1
__cached__setup_devices: cuda:0
deepspeed_plugin: None
{'loss': 1.4035, 'learning_rate': 0.0009966666666666668, 'epoch': 0.04}
Time elapsed since training started:  0 Hours 05 Mins 29.100496 Sec
{'loss': 0.8797, 'learning_rate': 0.0009930434782608696, 'epoch': 0.07}
Time elapsed since training started:  0 Hours 10 Mins 43.348104 Sec
{'loss': 0.8257, 'learning_rate': 0.0009894202898550724, 'epoch': 0.11}
Time elapsed since training started:  0 Hours 15 Mins 48.065455 Sec
{'loss': 0.8152, 'learning_rate': 0.0009857971014492755, 'epoch': 0.14}
Time elapsed since training started:  0 Hours 21 Mins 06.820387 Sec
{'loss': 0.8109, 'learning_rate': 0.0009821739130434783, 'epoch': 0.18}
Time elapsed since training started:  0 Hours 26 Mins 17.544155 Sec
{'loss': 0.8084, 'learning_rate': 0.0009785507246376811, 'epoch': 0.22}
Time elapsed since training started:  0 Hours 31 Mins 39.296953 Sec
{'loss': 0.8063, 'learning_rate': 0.0009749275362318841, 'epoch': 0.25}
Time elapsed since training started:  0 Hours 36 Mins 58.826433 Sec
{'loss': 0.805, 'learning_rate': 0.000971304347826087, 'epoch': 0.29}
Time elapsed since training started:  0 Hours 42 Mins 07.898139 Sec
{'loss': 0.8037, 'learning_rate': 0.0009676811594202899, 'epoch': 0.33}
Time elapsed since training started:  0 Hours 47 Mins 26.908191 Sec
{'loss': 0.8023, 'learning_rate': 0.0009640579710144928, 'epoch': 0.36}
Time elapsed since training started:  0 Hours 52 Mins 31.881893 Sec
{'loss': 0.8012, 'learning_rate': 0.0009604347826086956, 'epoch': 0.4}
Time elapsed since training started:  0 Hours 57 Mins 47.448910 Sec
{'loss': 0.8007, 'learning_rate': 0.0009568115942028985, 'epoch': 0.43}
Time elapsed since training started:  1 Hours 02 Mins 51.408169 Sec
{'loss': 0.8003, 'learning_rate': 0.0009531884057971014, 'epoch': 0.47}
Time elapsed since training started:  1 Hours 08 Mins 07.229092 Sec
{'loss': 0.7999, 'learning_rate': 0.0009495652173913044, 'epoch': 0.51}
Time elapsed since training started:  1 Hours 13 Mins 27.836816 Sec
{'loss': 0.7989, 'learning_rate': 0.0009459420289855073, 'epoch': 0.54}
Time elapsed since training started:  1 Hours 18 Mins 31.793469 Sec
{'loss': 0.7994, 'learning_rate': 0.0009423188405797102, 'epoch': 0.58}
Time elapsed since training started:  1 Hours 23 Mins 47.702455 Sec
{'loss': 0.7985, 'learning_rate': 0.0009386956521739131, 'epoch': 0.62}
Time elapsed since training started:  1 Hours 28 Mins 52.296371 Sec
{'loss': 0.7982, 'learning_rate': 0.0009350724637681159, 'epoch': 0.65}
Time elapsed since training started:  1 Hours 34 Mins 08.160122 Sec
{'loss': 0.798, 'learning_rate': 0.0009314492753623189, 'epoch': 0.69}
Time elapsed since training started:  1 Hours 39 Mins 11.811811 Sec
{'loss': 0.7976, 'learning_rate': 0.0009278260869565217, 'epoch': 0.72}
Time elapsed since training started:  1 Hours 44 Mins 28.379196 Sec
{'loss': 0.7974, 'learning_rate': 0.0009242028985507247, 'epoch': 0.76}
Time elapsed since training started:  1 Hours 49 Mins 43.991295 Sec
{'loss': 0.7973, 'learning_rate': 0.0009205797101449276, 'epoch': 0.8}
Time elapsed since training started:  1 Hours 54 Mins 48.743008 Sec
{'loss': 0.7972, 'learning_rate': 0.0009169565217391304, 'epoch': 0.83}
Time elapsed since training started:  2 Hours 00 Mins 04.259755 Sec
{'loss': 0.7969, 'learning_rate': 0.0009133333333333334, 'epoch': 0.87}
Time elapsed since training started:  2 Hours 05 Mins 09.970675 Sec
{'loss': 0.7969, 'learning_rate': 0.0009097101449275362, 'epoch': 0.91}
Time elapsed since training started:  2 Hours 10 Mins 26.889191 Sec
{'loss': 0.7968, 'learning_rate': 0.0009060869565217392, 'epoch': 0.94}
Time elapsed since training started:  2 Hours 15 Mins 45.462462 Sec
{'loss': 0.7965, 'learning_rate': 0.000902463768115942, 'epoch': 0.98}
Time elapsed since training started:  2 Hours 20 Mins 54.636909 Sec
{'loss': 0.7965, 'learning_rate': 0.0008988405797101449, 'epoch': 1.01}
Time elapsed since training started:  2 Hours 26 Mins 08.733628 Sec
{'loss': 0.7965, 'learning_rate': 0.0008952173913043479, 'epoch': 1.05}
Time elapsed since training started:  2 Hours 31 Mins 15.877713 Sec
{'loss': 0.7964, 'learning_rate': 0.0008915942028985507, 'epoch': 1.09}
Time elapsed since training started:  2 Hours 36 Mins 35.358118 Sec
{'loss': 0.7961, 'learning_rate': 0.0008879710144927537, 'epoch': 1.12}
Time elapsed since training started:  2 Hours 41 Mins 42.079371 Sec
{'loss': 0.7962, 'learning_rate': 0.0008843478260869565, 'epoch': 1.16}
Time elapsed since training started:  2 Hours 47 Mins 01.340438 Sec
{'loss': 0.7961, 'learning_rate': 0.0008807246376811594, 'epoch': 1.2}
Time elapsed since training started:  2 Hours 52 Mins 20.360260 Sec
{'loss': 0.7962, 'learning_rate': 0.0008771014492753623, 'epoch': 1.23}
Time elapsed since training started:  2 Hours 57 Mins 26.175610 Sec
{'loss': 0.7959, 'learning_rate': 0.0008734782608695653, 'epoch': 1.27}
Time elapsed since training started:  3 Hours 02 Mins 42.825159 Sec
{'loss': 0.796, 'learning_rate': 0.0008698550724637682, 'epoch': 1.3}
Time elapsed since training started:  3 Hours 07 Mins 47.408224 Sec
{'loss': 0.7959, 'learning_rate': 0.000866231884057971, 'epoch': 1.34}
Time elapsed since training started:  3 Hours 12 Mins 51.716018 Sec
{'loss': 0.7956, 'learning_rate': 0.000862608695652174, 'epoch': 1.38}
Time elapsed since training started:  3 Hours 17 Mins 43.022909 Sec
{'loss': 0.7948, 'learning_rate': 0.0008589855072463768, 'epoch': 1.41}
Time elapsed since training started:  3 Hours 22 Mins 45.419708 Sec
{'loss': 0.7922, 'learning_rate': 0.0008553623188405797, 'epoch': 1.45}
Time elapsed since training started:  3 Hours 28 Mins 04.977130 Sec
{'loss': 0.788, 'learning_rate': 0.0008517391304347826, 'epoch': 1.49}
Time elapsed since training started:  3 Hours 32 Mins 58.082317 Sec
{'loss': 0.7651, 'learning_rate': 0.0008481159420289856, 'epoch': 1.52}
Time elapsed since training started:  3 Hours 38 Mins 03.264369 Sec
{'loss': 0.7353, 'learning_rate': 0.0008444927536231884, 'epoch': 1.56}
Time elapsed since training started:  3 Hours 42 Mins 56.494650 Sec
{'loss': 0.6715, 'learning_rate': 0.0008408695652173913, 'epoch': 1.59}
Time elapsed since training started:  3 Hours 48 Mins 01.881571 Sec
{'loss': 0.5933, 'learning_rate': 0.0008372463768115942, 'epoch': 1.63}
Time elapsed since training started:  3 Hours 52 Mins 53.195045 Sec
{'loss': 0.5032, 'learning_rate': 0.0008336231884057971, 'epoch': 1.67}
Time elapsed since training started:  3 Hours 57 Mins 58.624833 Sec
{'loss': 0.4271, 'learning_rate': 0.00083, 'epoch': 1.7}
Time elapsed since training started:  4 Hours 03 Mins 03.297367 Sec
{'loss': 0.3605, 'learning_rate': 0.000826376811594203, 'epoch': 1.74}
Time elapsed since training started:  4 Hours 07 Mins 55.730490 Sec
{'loss': 0.2996, 'learning_rate': 0.0008227536231884059, 'epoch': 1.78}
Time elapsed since training started:  4 Hours 13 Mins 01.102302 Sec
{'loss': 0.2528, 'learning_rate': 0.0008191304347826087, 'epoch': 1.81}
Time elapsed since training started:  4 Hours 17 Mins 54.035830 Sec
{'loss': 0.2204, 'learning_rate': 0.0008155072463768116, 'epoch': 1.85}
Time elapsed since training started:  4 Hours 22 Mins 59.115065 Sec
{'loss': 0.1984, 'learning_rate': 0.0008118840579710145, 'epoch': 1.88}
Time elapsed since training started:  4 Hours 28 Mins 04.288921 Sec
{'loss': 0.1803, 'learning_rate': 0.0008082608695652173, 'epoch': 1.92}
Time elapsed since training started:  4 Hours 32 Mins 56.307775 Sec
{'loss': 0.1664, 'learning_rate': 0.0008046376811594203, 'epoch': 1.96}
Time elapsed since training started:  4 Hours 37 Mins 59.538849 Sec
{'loss': 0.1548, 'learning_rate': 0.0008010144927536232, 'epoch': 1.99}
Time elapsed since training started:  4 Hours 42 Mins 53.103743 Sec
{'loss': 0.1478, 'learning_rate': 0.0007973913043478262, 'epoch': 2.03}
Time elapsed since training started:  4 Hours 47 Mins 51.152356 Sec
{'loss': 0.1369, 'learning_rate': 0.000793768115942029, 'epoch': 2.07}
Time elapsed since training started:  4 Hours 52 Mins 44.865213 Sec
{'loss': 0.131, 'learning_rate': 0.000790144927536232, 'epoch': 2.1}
Time elapsed since training started:  4 Hours 57 Mins 50.339062 Sec
{'loss': 0.125, 'learning_rate': 0.0007865217391304348, 'epoch': 2.14}
Time elapsed since training started:  5 Hours 02 Mins 54.205307 Sec
{'loss': 0.1203, 'learning_rate': 0.0007828985507246376, 'epoch': 2.17}
Time elapsed since training started:  5 Hours 07 Mins 47.646716 Sec
{'loss': 0.115, 'learning_rate': 0.0007792753623188406, 'epoch': 2.21}
Time elapsed since training started:  5 Hours 12 Mins 51.982202 Sec
{'loss': 0.1106, 'learning_rate': 0.0007756521739130435, 'epoch': 2.25}
Time elapsed since training started:  5 Hours 17 Mins 44.587257 Sec
{'loss': 0.1072, 'learning_rate': 0.0007720289855072465, 'epoch': 2.28}
Time elapsed since training started:  5 Hours 22 Mins 48.303190 Sec
{'loss': 0.1035, 'learning_rate': 0.0007684057971014493, 'epoch': 2.32}
Time elapsed since training started:  5 Hours 27 Mins 39.009456 Sec
{'loss': 0.1017, 'learning_rate': 0.0007647826086956522, 'epoch': 2.36}
Time elapsed since training started:  5 Hours 32 Mins 40.977567 Sec
{'loss': 0.0982, 'learning_rate': 0.0007611594202898551, 'epoch': 2.39}
Time elapsed since training started:  5 Hours 37 Mins 42.631576 Sec
{'loss': 0.095, 'learning_rate': 0.0007575362318840579, 'epoch': 2.43}
Time elapsed since training started:  5 Hours 42 Mins 34.188058 Sec
{'loss': 0.092, 'learning_rate': 0.0007539130434782609, 'epoch': 2.46}
Time elapsed since training started:  5 Hours 47 Mins 36.194891 Sec
{'loss': 0.0903, 'learning_rate': 0.0007502898550724638, 'epoch': 2.5}
Time elapsed since training started:  5 Hours 52 Mins 27.658780 Sec
{'loss': 0.088, 'learning_rate': 0.0007466666666666667, 'epoch': 2.54}
Time elapsed since training started:  5 Hours 57 Mins 29.700087 Sec
{'loss': 0.0866, 'learning_rate': 0.0007430434782608696, 'epoch': 2.57}
Time elapsed since training started:  6 Hours 02 Mins 20.029282 Sec
{'loss': 0.0849, 'learning_rate': 0.0007394202898550725, 'epoch': 2.61}
Time elapsed since training started:  6 Hours 07 Mins 22.481963 Sec
{'loss': 0.0826, 'learning_rate': 0.0007357971014492754, 'epoch': 2.64}
Time elapsed since training started:  6 Hours 12 Mins 24.836213 Sec
{'loss': 0.0814, 'learning_rate': 0.0007321739130434782, 'epoch': 2.68}
Time elapsed since training started:  6 Hours 17 Mins 15.593191 Sec
{'loss': 0.0795, 'learning_rate': 0.0007285507246376811, 'epoch': 2.72}
Time elapsed since training started:  6 Hours 22 Mins 17.906664 Sec
{'loss': 0.0778, 'learning_rate': 0.0007249275362318841, 'epoch': 2.75}
Time elapsed since training started:  6 Hours 27 Mins 08.707651 Sec
{'loss': 0.0769, 'learning_rate': 0.000721304347826087, 'epoch': 2.79}
Time elapsed since training started:  6 Hours 32 Mins 10.360445 Sec
{'loss': 0.0756, 'learning_rate': 0.0007176811594202899, 'epoch': 2.83}
Time elapsed since training started:  6 Hours 37 Mins 01.081445 Sec
{'loss': 0.075, 'learning_rate': 0.0007140579710144928, 'epoch': 2.86}
Time elapsed since training started:  6 Hours 42 Mins 03.831947 Sec
{'loss': 0.0734, 'learning_rate': 0.0007104347826086956, 'epoch': 2.9}
Time elapsed since training started:  6 Hours 47 Mins 07.759472 Sec
{'loss': 0.0727, 'learning_rate': 0.0007068115942028985, 'epoch': 2.93}
Time elapsed since training started:  6 Hours 51 Mins 58.005361 Sec
{'loss': 0.0713, 'learning_rate': 0.0007031884057971014, 'epoch': 2.97}
Time elapsed since training started:  6 Hours 57 Mins 01.995498 Sec
{'loss': 0.0707, 'learning_rate': 0.0006995652173913044, 'epoch': 3.01}
Time elapsed since training started:  7 Hours 01 Mins 45.003218 Sec
{'loss': 0.0698, 'learning_rate': 0.0006959420289855073, 'epoch': 3.04}
Time elapsed since training started:  7 Hours 06 Mins 47.374767 Sec
{'loss': 0.0684, 'learning_rate': 0.0006923188405797101, 'epoch': 3.08}
Time elapsed since training started:  7 Hours 11 Mins 38.602582 Sec
{'loss': 0.068, 'learning_rate': 0.0006886956521739131, 'epoch': 3.12}
Time elapsed since training started:  7 Hours 16 Mins 40.932329 Sec
{'loss': 0.0682, 'learning_rate': 0.0006850724637681159, 'epoch': 3.15}
Time elapsed since training started:  7 Hours 21 Mins 42.094315 Sec
{'loss': 0.0665, 'learning_rate': 0.0006814492753623189, 'epoch': 3.19}
Time elapsed since training started:  7 Hours 26 Mins 34.125917 Sec
{'loss': 0.0662, 'learning_rate': 0.0006778260869565217, 'epoch': 3.22}
Time elapsed since training started:  7 Hours 31 Mins 36.698584 Sec
{'loss': 0.0649, 'learning_rate': 0.0006742028985507247, 'epoch': 3.26}
Time elapsed since training started:  7 Hours 36 Mins 27.518106 Sec
{'loss': 0.0642, 'learning_rate': 0.0006705797101449276, 'epoch': 3.3}
Time elapsed since training started:  7 Hours 41 Mins 29.444521 Sec
{'loss': 0.0632, 'learning_rate': 0.0006669565217391304, 'epoch': 3.33}
Time elapsed since training started:  7 Hours 46 Mins 32.294560 Sec
{'loss': 0.0634, 'learning_rate': 0.0006633333333333334, 'epoch': 3.37}
Time elapsed since training started:  7 Hours 51 Mins 27.579269 Sec
{'loss': 0.0627, 'learning_rate': 0.0006597101449275362, 'epoch': 3.41}
Time elapsed since training started:  7 Hours 56 Mins 34.538779 Sec
{'loss': 0.0622, 'learning_rate': 0.0006560869565217392, 'epoch': 3.44}
Time elapsed since training started:  8 Hours 01 Mins 28.787474 Sec
{'loss': 0.061, 'learning_rate': 0.000652463768115942, 'epoch': 3.48}
Time elapsed since training started:  8 Hours 06 Mins 36.863777 Sec
{'loss': 0.061, 'learning_rate': 0.0006488405797101449, 'epoch': 3.51}
Time elapsed since training started:  8 Hours 11 Mins 33.399932 Sec
{'loss': 0.0605, 'learning_rate': 0.0006452173913043479, 'epoch': 3.55}
Time elapsed since training started:  8 Hours 16 Mins 41.708826 Sec
{'loss': 0.0599, 'learning_rate': 0.0006415942028985507, 'epoch': 3.59}
Time elapsed since training started:  8 Hours 21 Mins 49.989004 Sec
{'loss': 0.0592, 'learning_rate': 0.0006379710144927537, 'epoch': 3.62}
Time elapsed since training started:  8 Hours 26 Mins 46.362855 Sec
{'loss': 0.0582, 'learning_rate': 0.0006343478260869565, 'epoch': 3.66}
Time elapsed since training started:  8 Hours 31 Mins 54.778130 Sec
{'loss': 0.0585, 'learning_rate': 0.0006307246376811594, 'epoch': 3.7}
Time elapsed since training started:  8 Hours 36 Mins 51.233346 Sec
{'loss': 0.0574, 'learning_rate': 0.0006271014492753623, 'epoch': 3.73}
Time elapsed since training started:  8 Hours 41 Mins 59.540099 Sec
{'loss': 0.0571, 'learning_rate': 0.0006234782608695653, 'epoch': 3.77}
Time elapsed since training started:  8 Hours 46 Mins 55.636708 Sec
{'loss': 0.0569, 'learning_rate': 0.0006198550724637682, 'epoch': 3.8}
Time elapsed since training started:  8 Hours 52 Mins 03.802382 Sec
{'loss': 0.0563, 'learning_rate': 0.000616231884057971, 'epoch': 3.84}
Time elapsed since training started:  8 Hours 57 Mins 06.713331 Sec
{'loss': 0.056, 'learning_rate': 0.0006126086956521739, 'epoch': 3.88}
Time elapsed since training started:  9 Hours 01 Mins 58.694750 Sec
{'loss': 0.0556, 'learning_rate': 0.0006089855072463768, 'epoch': 3.91}
Time elapsed since training started:  9 Hours 07 Mins 03.337193 Sec
{'loss': 0.0552, 'learning_rate': 0.0006053623188405797, 'epoch': 3.95}
Time elapsed since training started:  9 Hours 11 Mins 56.566770 Sec
{'loss': 0.0553, 'learning_rate': 0.0006017391304347826, 'epoch': 3.99}
Time elapsed since training started:  9 Hours 17 Mins 01.923247 Sec
{'loss': 0.0549, 'learning_rate': 0.0005981159420289856, 'epoch': 4.02}
Time elapsed since training started:  9 Hours 21 Mins 46.914867 Sec
{'loss': 0.054, 'learning_rate': 0.0005944927536231884, 'epoch': 4.06}
Time elapsed since training started:  9 Hours 26 Mins 52.782368 Sec
{'loss': 0.0535, 'learning_rate': 0.0005908695652173913, 'epoch': 4.09}
Time elapsed since training started:  9 Hours 31 Mins 57.710592 Sec
{'loss': 0.0535, 'learning_rate': 0.0005872463768115942, 'epoch': 4.13}
Time elapsed since training started:  9 Hours 36 Mins 50.952515 Sec
{'loss': 0.0528, 'learning_rate': 0.0005836231884057971, 'epoch': 4.17}
Time elapsed since training started:  9 Hours 41 Mins 54.580326 Sec
{'loss': 0.0523, 'learning_rate': 0.00058, 'epoch': 4.2}
Time elapsed since training started:  9 Hours 46 Mins 47.298963 Sec
{'loss': 0.0523, 'learning_rate': 0.000576376811594203, 'epoch': 4.24}
Time elapsed since training started:  9 Hours 51 Mins 52.529808 Sec
{'loss': 0.0523, 'learning_rate': 0.0005727536231884059, 'epoch': 4.28}
Time elapsed since training started:  9 Hours 56 Mins 46.150830 Sec
{'loss': 0.0516, 'learning_rate': 0.0005691304347826087, 'epoch': 4.31}
Time elapsed since training started:  10 Hours 01 Mins 51.664362 Sec
{'loss': 0.0512, 'learning_rate': 0.0005655072463768116, 'epoch': 4.35}
Time elapsed since training started:  10 Hours 06 Mins 56.433129 Sec
{'loss': 0.0507, 'learning_rate': 0.0005618840579710145, 'epoch': 4.38}
Time elapsed since training started:  10 Hours 11 Mins 50.138621 Sec
{'loss': 0.0503, 'learning_rate': 0.0005582608695652173, 'epoch': 4.42}
Time elapsed since training started:  10 Hours 16 Mins 55.426356 Sec
{'loss': 0.0502, 'learning_rate': 0.0005546376811594203, 'epoch': 4.46}
Time elapsed since training started:  10 Hours 21 Mins 48.477554 Sec
{'loss': 0.0502, 'learning_rate': 0.0005510144927536232, 'epoch': 4.49}
Time elapsed since training started:  10 Hours 26 Mins 54.135555 Sec
{'loss': 0.0499, 'learning_rate': 0.0005473913043478262, 'epoch': 4.53}
Time elapsed since training started:  10 Hours 31 Mins 58.688238 Sec
{'loss': 0.0495, 'learning_rate': 0.000543768115942029, 'epoch': 4.57}
Time elapsed since training started:  10 Hours 36 Mins 51.931287 Sec
{'loss': 0.0491, 'learning_rate': 0.000540144927536232, 'epoch': 4.6}
Time elapsed since training started:  10 Hours 41 Mins 56.390343 Sec
{'loss': 0.0491, 'learning_rate': 0.0005365217391304348, 'epoch': 4.64}
Time elapsed since training started:  10 Hours 46 Mins 49.215214 Sec
{'loss': 0.0488, 'learning_rate': 0.0005328985507246376, 'epoch': 4.67}
Time elapsed since training started:  10 Hours 51 Mins 53.752266 Sec
{'loss': 0.0484, 'learning_rate': 0.0005292753623188406, 'epoch': 4.71}
Time elapsed since training started:  10 Hours 56 Mins 46.964132 Sec
{'loss': 0.0482, 'learning_rate': 0.0005256521739130435, 'epoch': 4.75}
Time elapsed since training started:  11 Hours 01 Mins 51.773092 Sec
{'loss': 0.0482, 'learning_rate': 0.0005220289855072465, 'epoch': 4.78}
Time elapsed since training started:  11 Hours 06 Mins 57.080732 Sec
{'loss': 0.0482, 'learning_rate': 0.0005184057971014493, 'epoch': 4.82}
Time elapsed since training started:  11 Hours 11 Mins 52.201317 Sec
{'loss': 0.0474, 'learning_rate': 0.0005147826086956522, 'epoch': 4.86}
Time elapsed since training started:  11 Hours 16 Mins 59.004166 Sec
{'loss': 0.0472, 'learning_rate': 0.0005111594202898551, 'epoch': 4.89}
Time elapsed since training started:  11 Hours 21 Mins 53.216948 Sec
{'loss': 0.047, 'learning_rate': 0.0005075362318840579, 'epoch': 4.93}
Time elapsed since training started:  11 Hours 26 Mins 58.229168 Sec
{'loss': 0.0469, 'learning_rate': 0.0005039130434782609, 'epoch': 4.96}
Time elapsed since training started:  11 Hours 31 Mins 49.352999 Sec
{'loss': 0.047, 'learning_rate': 0.0005002898550724638, 'epoch': 5.0}
Time elapsed since training started:  11 Hours 36 Mins 32.262116 Sec
{'loss': 0.0462, 'learning_rate': 0.0004966666666666666, 'epoch': 5.04}
Time elapsed since training started:  11 Hours 41 Mins 48.008781 Sec
{'loss': 0.0457, 'learning_rate': 0.0004930434782608696, 'epoch': 5.07}
Time elapsed since training started:  11 Hours 46 Mins 39.769722 Sec
{'loss': 0.046, 'learning_rate': 0.0004894202898550725, 'epoch': 5.11}
Time elapsed since training started:  11 Hours 51 Mins 43.631065 Sec
{'loss': 0.0458, 'learning_rate': 0.00048579710144927536, 'epoch': 5.14}
Time elapsed since training started:  11 Hours 56 Mins 35.757700 Sec
{'loss': 0.0455, 'learning_rate': 0.0004821739130434783, 'epoch': 5.18}
Time elapsed since training started:  12 Hours 01 Mins 38.531882 Sec
{'loss': 0.0451, 'learning_rate': 0.0004785507246376812, 'epoch': 5.22}
Time elapsed since training started:  12 Hours 06 Mins 30.427697 Sec
{'loss': 0.0447, 'learning_rate': 0.0004749275362318841, 'epoch': 5.25}
Time elapsed since training started:  12 Hours 11 Mins 33.780476 Sec
{'loss': 0.0448, 'learning_rate': 0.00047130434782608697, 'epoch': 5.29}
Time elapsed since training started:  12 Hours 16 Mins 37.103322 Sec
{'loss': 0.0443, 'learning_rate': 0.00046768115942028986, 'epoch': 5.33}
Time elapsed since training started:  12 Hours 21 Mins 31.113751 Sec
{'loss': 0.044, 'learning_rate': 0.00046405797101449275, 'epoch': 5.36}
Time elapsed since training started:  12 Hours 26 Mins 36.928292 Sec
{'loss': 0.0442, 'learning_rate': 0.00046043478260869564, 'epoch': 5.4}
Time elapsed since training started:  12 Hours 31 Mins 30.996484 Sec
{'loss': 0.0439, 'learning_rate': 0.0004568115942028986, 'epoch': 5.43}
Time elapsed since training started:  12 Hours 36 Mins 37.184896 Sec
{'loss': 0.0436, 'learning_rate': 0.00045318840579710147, 'epoch': 5.47}
Time elapsed since training started:  12 Hours 41 Mins 31.492685 Sec
{'loss': 0.0436, 'learning_rate': 0.00044956521739130436, 'epoch': 5.51}
Time elapsed since training started:  12 Hours 46 Mins 35.799577 Sec
{'loss': 0.0432, 'learning_rate': 0.00044594202898550725, 'epoch': 5.54}
Time elapsed since training started:  12 Hours 51 Mins 41.732445 Sec
{'loss': 0.043, 'learning_rate': 0.00044231884057971014, 'epoch': 5.58}
Time elapsed since training started:  12 Hours 56 Mins 36.158543 Sec
{'loss': 0.043, 'learning_rate': 0.00043869565217391303, 'epoch': 5.62}
Time elapsed since training started:  13 Hours 01 Mins 41.682741 Sec
{'loss': 0.0425, 'learning_rate': 0.0004350724637681159, 'epoch': 5.65}
Time elapsed since training started:  13 Hours 06 Mins 35.432132 Sec
{'loss': 0.0428, 'learning_rate': 0.00043144927536231887, 'epoch': 5.69}
Time elapsed since training started:  13 Hours 11 Mins 40.833221 Sec
{'loss': 0.0425, 'learning_rate': 0.00042782608695652176, 'epoch': 5.72}
Time elapsed since training started:  13 Hours 16 Mins 45.785882 Sec
{'loss': 0.0428, 'learning_rate': 0.00042420289855072465, 'epoch': 5.76}
Time elapsed since training started:  13 Hours 21 Mins 39.192009 Sec
{'loss': 0.042, 'learning_rate': 0.00042057971014492754, 'epoch': 5.8}
Time elapsed since training started:  13 Hours 26 Mins 41.324835 Sec
{'loss': 0.0418, 'learning_rate': 0.0004169565217391305, 'epoch': 5.83}
Time elapsed since training started:  13 Hours 31 Mins 31.954338 Sec
{'loss': 0.0416, 'learning_rate': 0.0004133333333333333, 'epoch': 5.87}
Time elapsed since training started:  13 Hours 36 Mins 34.801413 Sec
{'loss': 0.0415, 'learning_rate': 0.0004097101449275362, 'epoch': 5.91}
Time elapsed since training started:  13 Hours 41 Mins 26.013531 Sec
{'loss': 0.0413, 'learning_rate': 0.00040608695652173915, 'epoch': 5.94}
Time elapsed since training started:  13 Hours 46 Mins 29.219328 Sec
{'loss': 0.0412, 'learning_rate': 0.00040246376811594204, 'epoch': 5.98}
Time elapsed since training started:  13 Hours 51 Mins 32.020282 Sec
{'loss': 0.0418, 'learning_rate': 0.00039884057971014493, 'epoch': 6.01}
Time elapsed since training started:  13 Hours 56 Mins 16.899356 Sec
{'loss': 0.0415, 'learning_rate': 0.00039521739130434787, 'epoch': 6.05}
Time elapsed since training started:  14 Hours 01 Mins 20.157093 Sec
{'loss': 0.0406, 'learning_rate': 0.00039159420289855076, 'epoch': 6.09}
Time elapsed since training started:  14 Hours 06 Mins 12.378649 Sec
{'loss': 0.0408, 'learning_rate': 0.00038797101449275365, 'epoch': 6.12}
Time elapsed since training started:  14 Hours 11 Mins 15.548236 Sec
{'loss': 0.0405, 'learning_rate': 0.0003843478260869565, 'epoch': 6.16}
Time elapsed since training started:  14 Hours 16 Mins 08.235449 Sec
{'loss': 0.0403, 'learning_rate': 0.00038072463768115943, 'epoch': 6.2}
Time elapsed since training started:  14 Hours 21 Mins 12.692513 Sec
{'loss': 0.0401, 'learning_rate': 0.0003771014492753623, 'epoch': 6.23}
Time elapsed since training started:  14 Hours 26 Mins 16.357049 Sec
{'loss': 0.0401, 'learning_rate': 0.0003734782608695652, 'epoch': 6.27}
Time elapsed since training started:  14 Hours 31 Mins 08.280245 Sec
{'loss': 0.04, 'learning_rate': 0.00036985507246376816, 'epoch': 6.3}
Time elapsed since training started:  14 Hours 36 Mins 11.549431 Sec
{'loss': 0.0397, 'learning_rate': 0.00036623188405797105, 'epoch': 6.34}
Time elapsed since training started:  14 Hours 41 Mins 03.743299 Sec
{'loss': 0.0396, 'learning_rate': 0.00036260869565217394, 'epoch': 6.38}
Time elapsed since training started:  14 Hours 46 Mins 07.265427 Sec
{'loss': 0.0397, 'learning_rate': 0.00035898550724637677, 'epoch': 6.41}
Time elapsed since training started:  14 Hours 50 Mins 58.855065 Sec
{'loss': 0.0396, 'learning_rate': 0.0003553623188405797, 'epoch': 6.45}
Time elapsed since training started:  14 Hours 56 Mins 02.555897 Sec
{'loss': 0.0392, 'learning_rate': 0.0003517391304347826, 'epoch': 6.49}
Time elapsed since training started:  15 Hours 01 Mins 06.284025 Sec
{'loss': 0.0392, 'learning_rate': 0.0003481159420289855, 'epoch': 6.52}
Time elapsed since training started:  15 Hours 05 Mins 58.891930 Sec
{'loss': 0.0389, 'learning_rate': 0.00034449275362318844, 'epoch': 6.56}
Time elapsed since training started:  15 Hours 11 Mins 02.484114 Sec
{'loss': 0.0389, 'learning_rate': 0.00034086956521739133, 'epoch': 6.59}
Time elapsed since training started:  15 Hours 15 Mins 54.011669 Sec
{'loss': 0.0389, 'learning_rate': 0.0003372463768115942, 'epoch': 6.63}
Time elapsed since training started:  15 Hours 20 Mins 56.970214 Sec
{'loss': 0.0386, 'learning_rate': 0.0003336231884057971, 'epoch': 6.67}
Time elapsed since training started:  15 Hours 25 Mins 48.513123 Sec
{'loss': 0.0384, 'learning_rate': 0.00033, 'epoch': 6.7}
Time elapsed since training started:  15 Hours 30 Mins 50.500318 Sec
{'loss': 0.0383, 'learning_rate': 0.0003263768115942029, 'epoch': 6.74}
Time elapsed since training started:  15 Hours 35 Mins 55.278965 Sec
{'loss': 0.0385, 'learning_rate': 0.0003227536231884058, 'epoch': 6.78}
Time elapsed since training started:  15 Hours 40 Mins 49.599672 Sec
{'loss': 0.0381, 'learning_rate': 0.0003191304347826087, 'epoch': 6.81}
Time elapsed since training started:  15 Hours 45 Mins 55.660706 Sec
{'loss': 0.0381, 'learning_rate': 0.0003155072463768116, 'epoch': 6.85}
Time elapsed since training started:  15 Hours 50 Mins 49.680942 Sec
{'loss': 0.0382, 'learning_rate': 0.0003118840579710145, 'epoch': 6.88}
Time elapsed since training started:  15 Hours 55 Mins 54.961940 Sec
{'loss': 0.0377, 'learning_rate': 0.0003082608695652174, 'epoch': 6.92}
Time elapsed since training started:  16 Hours 01 Mins 00.884964 Sec
{'loss': 0.0379, 'learning_rate': 0.00030463768115942034, 'epoch': 6.96}
Time elapsed since training started:  16 Hours 05 Mins 55.785670 Sec
{'loss': 0.0373, 'learning_rate': 0.00030101449275362317, 'epoch': 6.99}
Time elapsed since training started:  16 Hours 11 Mins 02.106612 Sec
{'loss': 0.0377, 'learning_rate': 0.00029739130434782606, 'epoch': 7.03}
Time elapsed since training started:  16 Hours 15 Mins 50.043908 Sec
{'loss': 0.0373, 'learning_rate': 0.000293768115942029, 'epoch': 7.07}
Time elapsed since training started:  16 Hours 20 Mins 56.400638 Sec
{'loss': 0.0375, 'learning_rate': 0.0002901449275362319, 'epoch': 7.1}
Time elapsed since training started:  16 Hours 25 Mins 52.102200 Sec
{'loss': 0.0374, 'learning_rate': 0.0002865217391304348, 'epoch': 7.14}
Time elapsed since training started:  16 Hours 30 Mins 57.802553 Sec
{'loss': 0.0369, 'learning_rate': 0.0002828985507246377, 'epoch': 7.17}
Time elapsed since training started:  16 Hours 36 Mins 04.073630 Sec
{'loss': 0.037, 'learning_rate': 0.0002792753623188406, 'epoch': 7.21}
Time elapsed since training started:  16 Hours 40 Mins 59.741282 Sec
{'loss': 0.0369, 'learning_rate': 0.00027565217391304345, 'epoch': 7.25}
Time elapsed since training started:  16 Hours 46 Mins 06.419029 Sec
{'loss': 0.0368, 'learning_rate': 0.00027202898550724634, 'epoch': 7.28}
Time elapsed since training started:  16 Hours 51 Mins 01.348735 Sec
{'loss': 0.0366, 'learning_rate': 0.0002684057971014493, 'epoch': 7.32}
Time elapsed since training started:  16 Hours 56 Mins 07.176266 Sec
{'loss': 0.0365, 'learning_rate': 0.0002647826086956522, 'epoch': 7.36}
Time elapsed since training started:  17 Hours 01 Mins 01.611699 Sec
{'loss': 0.0364, 'learning_rate': 0.00026115942028985507, 'epoch': 7.39}
Time elapsed since training started:  17 Hours 06 Mins 07.522330 Sec
{'loss': 0.0363, 'learning_rate': 0.000257536231884058, 'epoch': 7.43}
Time elapsed since training started:  17 Hours 11 Mins 13.023588 Sec
{'loss': 0.0359, 'learning_rate': 0.0002539130434782609, 'epoch': 7.46}
Time elapsed since training started:  17 Hours 16 Mins 07.176183 Sec
{'loss': 0.0362, 'learning_rate': 0.0002502898550724638, 'epoch': 7.5}
Time elapsed since training started:  17 Hours 21 Mins 15.780205 Sec
{'loss': 0.0361, 'learning_rate': 0.0002466666666666667, 'epoch': 7.54}
Time elapsed since training started:  17 Hours 26 Mins 09.063546 Sec
{'loss': 0.0359, 'learning_rate': 0.00024304347826086957, 'epoch': 7.57}
Time elapsed since training started:  17 Hours 31 Mins 15.561284 Sec
{'loss': 0.0359, 'learning_rate': 0.00023942028985507246, 'epoch': 7.61}
Time elapsed since training started:  17 Hours 36 Mins 07.335155 Sec
{'loss': 0.0357, 'learning_rate': 0.00023579710144927538, 'epoch': 7.64}
Time elapsed since training started:  17 Hours 41 Mins 11.399086 Sec
{'loss': 0.0358, 'learning_rate': 0.00023217391304347827, 'epoch': 7.68}
Time elapsed since training started:  17 Hours 46 Mins 15.849817 Sec
{'loss': 0.0355, 'learning_rate': 0.00022855072463768118, 'epoch': 7.72}
Time elapsed since training started:  17 Hours 51 Mins 07.239069 Sec
{'loss': 0.0355, 'learning_rate': 0.00022492753623188405, 'epoch': 7.75}
Time elapsed since training started:  17 Hours 56 Mins 10.288392 Sec
{'loss': 0.0356, 'learning_rate': 0.00022130434782608696, 'epoch': 7.79}
Time elapsed since training started:  18 Hours 01 Mins 02.167647 Sec
{'loss': 0.0354, 'learning_rate': 0.00021768115942028985, 'epoch': 7.83}
Time elapsed since training started:  18 Hours 06 Mins 05.062788 Sec
{'loss': 0.0354, 'learning_rate': 0.00021405797101449277, 'epoch': 7.86}
Time elapsed since training started:  18 Hours 11 Mins 06.366522 Sec
{'loss': 0.0355, 'learning_rate': 0.00021043478260869566, 'epoch': 7.9}
Time elapsed since training started:  18 Hours 15 Mins 58.998780 Sec
{'loss': 0.0352, 'learning_rate': 0.00020681159420289855, 'epoch': 7.93}
Time elapsed since training started:  18 Hours 21 Mins 01.958963 Sec
{'loss': 0.035, 'learning_rate': 0.00020318840579710147, 'epoch': 7.97}
Time elapsed since training started:  18 Hours 25 Mins 59.398806 Sec
{'loss': 0.035, 'learning_rate': 0.00019956521739130433, 'epoch': 8.01}
Time elapsed since training started:  18 Hours 30 Mins 58.333743 Sec
{'loss': 0.0351, 'learning_rate': 0.00019594202898550725, 'epoch': 8.04}
Time elapsed since training started:  18 Hours 35 Mins 50.964620 Sec
{'loss': 0.0348, 'learning_rate': 0.00019231884057971014, 'epoch': 8.08}
Time elapsed since training started:  18 Hours 40 Mins 56.686339 Sec
{'loss': 0.0348, 'learning_rate': 0.00018869565217391305, 'epoch': 8.12}
Time elapsed since training started:  18 Hours 46 Mins 02.412439 Sec
{'loss': 0.0346, 'learning_rate': 0.00018507246376811594, 'epoch': 8.15}
Time elapsed since training started:  18 Hours 50 Mins 56.274605 Sec
{'loss': 0.0346, 'learning_rate': 0.00018144927536231883, 'epoch': 8.19}
Time elapsed since training started:  18 Hours 56 Mins 01.683327 Sec
{'loss': 0.0345, 'learning_rate': 0.00017782608695652175, 'epoch': 8.22}
Time elapsed since training started:  19 Hours 00 Mins 56.222403 Sec
{'loss': 0.0344, 'learning_rate': 0.00017420289855072464, 'epoch': 8.26}
Time elapsed since training started:  19 Hours 06 Mins 01.523141 Sec
{'loss': 0.0345, 'learning_rate': 0.00017057971014492753, 'epoch': 8.3}
Time elapsed since training started:  19 Hours 10 Mins 55.994457 Sec
{'loss': 0.0343, 'learning_rate': 0.00016695652173913045, 'epoch': 8.33}
Time elapsed since training started:  19 Hours 16 Mins 02.375222 Sec
{'loss': 0.0343, 'learning_rate': 0.00016333333333333334, 'epoch': 8.37}
Time elapsed since training started:  19 Hours 21 Mins 09.504034 Sec
{'loss': 0.0343, 'learning_rate': 0.00015971014492753625, 'epoch': 8.41}
Time elapsed since training started:  19 Hours 26 Mins 03.279204 Sec
{'loss': 0.0341, 'learning_rate': 0.00015608695652173912, 'epoch': 8.44}
Time elapsed since training started:  19 Hours 31 Mins 11.954321 Sec
{'loss': 0.0341, 'learning_rate': 0.00015246376811594203, 'epoch': 8.48}
Time elapsed since training started:  19 Hours 36 Mins 09.350437 Sec
{'loss': 0.0339, 'learning_rate': 0.00014884057971014492, 'epoch': 8.51}
Time elapsed since training started:  19 Hours 41 Mins 20.088265 Sec
{'loss': 0.034, 'learning_rate': 0.00014521739130434784, 'epoch': 8.55}
Time elapsed since training started:  19 Hours 46 Mins 16.665936 Sec
{'loss': 0.0339, 'learning_rate': 0.00014159420289855073, 'epoch': 8.59}
Time elapsed since training started:  19 Hours 51 Mins 22.656054 Sec
{'loss': 0.0337, 'learning_rate': 0.00013797101449275362, 'epoch': 8.62}
Time elapsed since training started:  19 Hours 56 Mins 29.180232 Sec
{'loss': 0.0336, 'learning_rate': 0.00013434782608695654, 'epoch': 8.66}
Time elapsed since training started:  20 Hours 01 Mins 23.508980 Sec
{'loss': 0.0335, 'learning_rate': 0.00013072463768115943, 'epoch': 8.7}
Time elapsed since training started:  20 Hours 06 Mins 27.207185 Sec
{'loss': 0.0337, 'learning_rate': 0.00012710144927536232, 'epoch': 8.73}
Time elapsed since training started:  20 Hours 11 Mins 20.859864 Sec
{'loss': 0.0337, 'learning_rate': 0.00012347826086956523, 'epoch': 8.77}
Time elapsed since training started:  20 Hours 16 Mins 25.337182 Sec
{'loss': 0.0335, 'learning_rate': 0.00011985507246376811, 'epoch': 8.8}
Time elapsed since training started:  20 Hours 21 Mins 18.363112 Sec
{'loss': 0.0334, 'learning_rate': 0.00011623188405797101, 'epoch': 8.84}
Time elapsed since training started:  20 Hours 26 Mins 21.589709 Sec
{'loss': 0.0334, 'learning_rate': 0.0001126086956521739, 'epoch': 8.88}
Time elapsed since training started:  20 Hours 31 Mins 25.355757 Sec
{'loss': 0.0333, 'learning_rate': 0.00010898550724637682, 'epoch': 8.91}
Time elapsed since training started:  20 Hours 36 Mins 16.703588 Sec
{'loss': 0.0334, 'learning_rate': 0.00010536231884057971, 'epoch': 8.95}
Time elapsed since training started:  20 Hours 41 Mins 22.303927 Sec
{'loss': 0.0331, 'learning_rate': 0.00010173913043478261, 'epoch': 8.99}
Time elapsed since training started:  20 Hours 46 Mins 14.689806 Sec
{'loss': 0.0331, 'learning_rate': 9.81159420289855e-05, 'epoch': 9.02}
Time elapsed since training started:  20 Hours 51 Mins 18.177768 Sec
{'loss': 0.0332, 'learning_rate': 9.44927536231884e-05, 'epoch': 9.06}
Time elapsed since training started:  20 Hours 56 Mins 13.125371 Sec
{'loss': 0.0332, 'learning_rate': 9.08695652173913e-05, 'epoch': 9.09}
Time elapsed since training started:  21 Hours 01 Mins 20.001544 Sec
{'loss': 0.0329, 'learning_rate': 8.724637681159421e-05, 'epoch': 9.13}
Time elapsed since training started:  21 Hours 06 Mins 25.542095 Sec
{'loss': 0.0329, 'learning_rate': 8.36231884057971e-05, 'epoch': 9.17}
Time elapsed since training started:  21 Hours 11 Mins 20.146631 Sec
{'loss': 0.0331, 'learning_rate': 8e-05, 'epoch': 9.2}
Time elapsed since training started:  21 Hours 16 Mins 26.898108 Sec
{'loss': 0.0329, 'learning_rate': 7.63768115942029e-05, 'epoch': 9.24}
Time elapsed since training started:  21 Hours 21 Mins 21.807515 Sec
{'loss': 0.0329, 'learning_rate': 7.27536231884058e-05, 'epoch': 9.28}
Time elapsed since training started:  21 Hours 26 Mins 28.207767 Sec
{'loss': 0.0329, 'learning_rate': 6.913043478260869e-05, 'epoch': 9.31}
Time elapsed since training started:  21 Hours 31 Mins 34.875613 Sec
{'loss': 0.0328, 'learning_rate': 6.55072463768116e-05, 'epoch': 9.35}
Time elapsed since training started:  21 Hours 36 Mins 29.323941 Sec
{'loss': 0.0326, 'learning_rate': 6.18840579710145e-05, 'epoch': 9.38}
Time elapsed since training started:  21 Hours 41 Mins 35.511849 Sec
{'loss': 0.0325, 'learning_rate': 5.826086956521739e-05, 'epoch': 9.42}
Time elapsed since training started:  21 Hours 46 Mins 30.543407 Sec
{'loss': 0.0328, 'learning_rate': 5.463768115942029e-05, 'epoch': 9.46}
Time elapsed since training started:  21 Hours 51 Mins 37.442916 Sec
{'loss': 0.0325, 'learning_rate': 5.1014492753623186e-05, 'epoch': 9.49}
Time elapsed since training started:  21 Hours 56 Mins 31.571356 Sec
{'loss': 0.0326, 'learning_rate': 4.739130434782609e-05, 'epoch': 9.53}
Time elapsed since training started:  22 Hours 01 Mins 39.636916 Sec
{'loss': 0.0326, 'learning_rate': 4.3768115942028986e-05, 'epoch': 9.57}
Time elapsed since training started:  22 Hours 06 Mins 45.938690 Sec
{'loss': 0.0326, 'learning_rate': 4.014492753623188e-05, 'epoch': 9.6}
Time elapsed since training started:  22 Hours 11 Mins 40.080048 Sec
{'loss': 0.0325, 'learning_rate': 3.6521739130434786e-05, 'epoch': 9.64}
Time elapsed since training started:  22 Hours 16 Mins 51.253948 Sec
{'loss': 0.0325, 'learning_rate': 3.289855072463768e-05, 'epoch': 9.67}
Time elapsed since training started:  22 Hours 21 Mins 48.911053 Sec
{'loss': 0.0324, 'learning_rate': 2.927536231884058e-05, 'epoch': 9.71}
Time elapsed since training started:  22 Hours 26 Mins 55.887360 Sec
{'loss': 0.0326, 'learning_rate': 2.565217391304348e-05, 'epoch': 9.75}
Time elapsed since training started:  22 Hours 31 Mins 49.674635 Sec
{'loss': 0.0323, 'learning_rate': 2.202898550724638e-05, 'epoch': 9.78}
Time elapsed since training started:  22 Hours 36 Mins 57.517625 Sec
{'loss': 0.0323, 'learning_rate': 1.8405797101449276e-05, 'epoch': 9.82}
Time elapsed since training started:  22 Hours 42 Mins 03.204426 Sec
{'loss': 0.0325, 'learning_rate': 1.4782608695652174e-05, 'epoch': 9.86}
Time elapsed since training started:  22 Hours 46 Mins 59.055543 Sec
{'loss': 0.0323, 'learning_rate': 1.1159420289855073e-05, 'epoch': 9.89}
Time elapsed since training started:  22 Hours 52 Mins 04.625360 Sec
{'loss': 0.0323, 'learning_rate': 7.536231884057971e-06, 'epoch': 9.93}
Time elapsed since training started:  22 Hours 56 Mins 59.182898 Sec
{'loss': 0.0322, 'learning_rate': 3.91304347826087e-06, 'epoch': 9.96}
Time elapsed since training started:  23 Hours 02 Mins 06.381108 Sec
{'loss': 0.0323, 'learning_rate': 2.898550724637681e-07, 'epoch': 10.0}
Time elapsed since training started:  23 Hours 06 Mins 40.696479 Sec
{'train_runtime': 83188.7396, 'train_samples_per_second': 5428.865, 'train_steps_per_second': 0.083, 'train_loss': 0.1806076196052026, 'epoch': 10.0}
Training finished.
Time elapsed since training started:  23 Hours 06 Mins 41.143212 Sec
