learning_rate=0.001
weight_decay=0.0001
num_training_epochs=20.0
trg_len=4
eval_file='eval.txt'
evalBC_file=None
eval_random_file=None
Number of parameters in GPT2 model: 7M
device=device(type='cuda')
Reading train.txt...
Reading of train.txt done!
Reading eval.txt...
Reading of eval.txt done!
Converting to HuggingFace Dataset dictionary...
Dataset created has 45162040 sequences, 13 unique words.
Dataset created has 27000 sequences, 13 unique words.
Converted to HuggingFace Dataset dictionary!
Adding target labels...
Added target labels!
output_dir: report-final-microGPT-baseline-3
overwrite_output_dir: False
do_train: False
do_eval: True
do_predict: False
evaluation_strategy: steps
prediction_loss_only: False
per_device_train_batch_size: 65536
per_device_eval_batch_size: 65536
per_gpu_train_batch_size: None
per_gpu_eval_batch_size: None
gradient_accumulation_steps: 1
eval_accumulation_steps: 1
eval_delay: 0
learning_rate: 0.001
weight_decay: 0.0001
adam_beta1: 0.9
adam_beta2: 0.999
adam_epsilon: 1e-08
max_grad_norm: 1.0
num_train_epochs: 20.0
max_steps: -1
lr_scheduler_type: linear
lr_scheduler_kwargs: {}
warmup_ratio: 0.0
warmup_steps: 0
log_level: info
log_level_replica: warning
log_on_each_node: True
logging_dir: report-final-microGPT-baseline-3/runs/May22_23-23-24_gpu-q-79
logging_strategy: steps
logging_first_step: False
logging_steps: 25
logging_nan_inf_filter: True
save_strategy: steps
save_steps: 25
save_total_limit: 2
save_safetensors: True
save_on_each_node: False
save_only_model: False
no_cuda: False
use_cpu: False
use_mps_device: False
seed: 42
data_seed: None
jit_mode_eval: False
use_ipex: False
bf16: False
fp16: True
fp16_opt_level: O1
half_precision_backend: auto
bf16_full_eval: False
fp16_full_eval: False
tf32: None
local_rank: 0
ddp_backend: None
tpu_num_cores: None
tpu_metrics_debug: False
debug: []
dataloader_drop_last: False
eval_steps: 25
dataloader_num_workers: 0
past_index: -1
run_name: report-final-microGPT-baseline-3
disable_tqdm: False
remove_unused_columns: True
label_names: None
load_best_model_at_end: True
metric_for_best_model: loss
greater_is_better: False
ignore_data_skip: False
fsdp: []
fsdp_min_num_params: 0
fsdp_config: {'min_num_params': 0, 'xla': False, 'xla_fsdp_grad_ckpt': False}
fsdp_transformer_layer_cls_to_wrap: None
deepspeed: None
label_smoothing_factor: 0.0
optim: adamw_torch
optim_args: None
adafactor: False
group_by_length: False
length_column_name: length
report_to: ['wandb']
ddp_find_unused_parameters: None
ddp_bucket_cap_mb: None
ddp_broadcast_buffers: None
dataloader_pin_memory: True
dataloader_persistent_workers: False
skip_memory_metrics: True
use_legacy_prediction_loop: False
push_to_hub: False
resume_from_checkpoint: None
hub_model_id: None
hub_strategy: every_save
hub_token: None
hub_private_repo: False
hub_always_push: False
gradient_checkpointing: False
gradient_checkpointing_kwargs: None
include_inputs_for_metrics: False
fp16_backend: auto
push_to_hub_model_id: None
push_to_hub_organization: None
push_to_hub_token: None
mp_parameters: 
auto_find_batch_size: False
full_determinism: False
torchdynamo: None
ray_scope: last
ddp_timeout: 1800
torch_compile: False
torch_compile_backend: None
torch_compile_mode: None
dispatch_batches: None
split_batches: False
include_tokens_per_second: False
include_num_input_tokens_seen: False
neftune_noise_alpha: None
distributed_state: Distributed environment: NO
Num processes: 1
Process index: 0
Local process index: 0
Device: cuda

_n_gpu: 1
__cached__setup_devices: cuda:0
deepspeed_plugin: None
{'loss': 0.0288, 'learning_rate': 0.00029181159420289853, 'epoch': 14.17}
Time elapsed since training started:  0 Hours 11 Mins 45.047807 Sec
{'loss': 0.0286, 'learning_rate': 0.00029, 'epoch': 14.2}
Time elapsed since training started:  0 Hours 17 Mins 02.082930 Sec
{'loss': 0.0287, 'learning_rate': 0.0002881884057971015, 'epoch': 14.24}
Time elapsed since training started:  0 Hours 22 Mins 30.154202 Sec
{'loss': 0.0288, 'learning_rate': 0.00028637681159420295, 'epoch': 14.28}
Time elapsed since training started:  0 Hours 27 Mins 47.821282 Sec
{'loss': 0.0288, 'learning_rate': 0.00028456521739130436, 'epoch': 14.31}
Time elapsed since training started:  0 Hours 33 Mins 15.292646 Sec
{'loss': 0.0286, 'learning_rate': 0.0002827536231884058, 'epoch': 14.35}
Time elapsed since training started:  0 Hours 38 Mins 44.033385 Sec
{'loss': 0.0287, 'learning_rate': 0.00028094202898550725, 'epoch': 14.38}
Time elapsed since training started:  0 Hours 44 Mins 01.543328 Sec
{'loss': 0.0288, 'learning_rate': 0.00027913043478260867, 'epoch': 14.42}
Time elapsed since training started:  0 Hours 49 Mins 30.696641 Sec
{'loss': 0.0286, 'learning_rate': 0.00027731884057971014, 'epoch': 14.46}
Time elapsed since training started:  0 Hours 54 Mins 49.484915 Sec
{'loss': 0.0286, 'learning_rate': 0.0002755072463768116, 'epoch': 14.49}
Time elapsed since training started:  1 Hours 00 Mins 19.558104 Sec
{'loss': 0.0285, 'learning_rate': 0.0002736956521739131, 'epoch': 14.53}
Time elapsed since training started:  1 Hours 05 Mins 50.740126 Sec
{'loss': 0.0285, 'learning_rate': 0.0002718840579710145, 'epoch': 14.57}
Time elapsed since training started:  1 Hours 11 Mins 09.640841 Sec
{'loss': 0.0284, 'learning_rate': 0.000270072463768116, 'epoch': 14.6}
Time elapsed since training started:  1 Hours 16 Mins 39.254842 Sec
{'loss': 0.0284, 'learning_rate': 0.0002682608695652174, 'epoch': 14.64}
Time elapsed since training started:  1 Hours 21 Mins 58.001878 Sec
{'loss': 0.0283, 'learning_rate': 0.0002664492753623188, 'epoch': 14.67}
Time elapsed since training started:  1 Hours 27 Mins 27.144018 Sec
{'loss': 0.0284, 'learning_rate': 0.0002646376811594203, 'epoch': 14.71}
Time elapsed since training started:  1 Hours 32 Mins 44.383987 Sec
{'loss': 0.0285, 'learning_rate': 0.00026282608695652176, 'epoch': 14.75}
Time elapsed since training started:  1 Hours 38 Mins 14.231195 Sec
{'loss': 0.0284, 'learning_rate': 0.00026101449275362323, 'epoch': 14.78}
Time elapsed since training started:  1 Hours 43 Mins 43.475073 Sec
{'loss': 0.0285, 'learning_rate': 0.00025920289855072465, 'epoch': 14.82}
Time elapsed since training started:  1 Hours 49 Mins 06.323000 Sec
{'loss': 0.0284, 'learning_rate': 0.0002573913043478261, 'epoch': 14.86}
Time elapsed since training started:  1 Hours 54 Mins 41.024529 Sec
{'loss': 0.0283, 'learning_rate': 0.00025557971014492754, 'epoch': 14.89}
Time elapsed since training started:  2 Hours 00 Mins 00.185864 Sec
{'loss': 0.0282, 'learning_rate': 0.00025376811594202895, 'epoch': 14.93}
Time elapsed since training started:  2 Hours 05 Mins 31.276411 Sec
{'loss': 0.0281, 'learning_rate': 0.0002519565217391304, 'epoch': 14.96}
Time elapsed since training started:  2 Hours 10 Mins 50.196081 Sec
{'loss': 0.0283, 'learning_rate': 0.0002501449275362319, 'epoch': 15.0}
Time elapsed since training started:  2 Hours 15 Mins 58.891885 Sec
{'loss': 0.0283, 'learning_rate': 0.0002483333333333333, 'epoch': 15.04}
Time elapsed since training started:  2 Hours 21 Mins 42.153064 Sec
{'loss': 0.0282, 'learning_rate': 0.0002465217391304348, 'epoch': 15.07}
Time elapsed since training started:  2 Hours 26 Mins 59.300231 Sec
{'loss': 0.0282, 'learning_rate': 0.00024471014492753626, 'epoch': 15.11}
Time elapsed since training started:  2 Hours 32 Mins 27.688993 Sec
{'loss': 0.0282, 'learning_rate': 0.00024289855072463768, 'epoch': 15.14}
Time elapsed since training started:  2 Hours 37 Mins 44.484296 Sec
{'loss': 0.028, 'learning_rate': 0.00024108695652173915, 'epoch': 15.18}
Time elapsed since training started:  2 Hours 43 Mins 13.765634 Sec
{'loss': 0.0281, 'learning_rate': 0.0002392753623188406, 'epoch': 15.22}
Time elapsed since training started:  2 Hours 48 Mins 29.515493 Sec
{'loss': 0.0279, 'learning_rate': 0.00023746376811594204, 'epoch': 15.25}
Time elapsed since training started:  2 Hours 53 Mins 57.495360 Sec
{'loss': 0.0281, 'learning_rate': 0.00023565217391304348, 'epoch': 15.29}
Time elapsed since training started:  2 Hours 59 Mins 27.989205 Sec
{'loss': 0.028, 'learning_rate': 0.00023384057971014493, 'epoch': 15.33}
Time elapsed since training started:  3 Hours 04 Mins 45.906535 Sec
{'loss': 0.0278, 'learning_rate': 0.00023202898550724637, 'epoch': 15.36}
Time elapsed since training started:  3 Hours 10 Mins 13.168103 Sec
{'loss': 0.0279, 'learning_rate': 0.00023021739130434782, 'epoch': 15.4}
Time elapsed since training started:  3 Hours 15 Mins 31.489438 Sec
{'loss': 0.0278, 'learning_rate': 0.0002284057971014493, 'epoch': 15.43}
Time elapsed since training started:  3 Hours 21 Mins 02.544448 Sec
{'loss': 0.028, 'learning_rate': 0.00022659420289855074, 'epoch': 15.47}
Time elapsed since training started:  3 Hours 26 Mins 20.512256 Sec
{'loss': 0.0278, 'learning_rate': 0.00022478260869565218, 'epoch': 15.51}
Time elapsed since training started:  3 Hours 31 Mins 49.017201 Sec
{'loss': 0.0277, 'learning_rate': 0.00022297101449275363, 'epoch': 15.54}
Time elapsed since training started:  3 Hours 37 Mins 18.730944 Sec
{'loss': 0.0279, 'learning_rate': 0.00022115942028985507, 'epoch': 15.58}
Time elapsed since training started:  3 Hours 42 Mins 35.490375 Sec
{'loss': 0.0276, 'learning_rate': 0.00021934782608695652, 'epoch': 15.62}
Time elapsed since training started:  3 Hours 48 Mins 04.868304 Sec
{'loss': 0.0276, 'learning_rate': 0.00021753623188405796, 'epoch': 15.65}
Time elapsed since training started:  3 Hours 53 Mins 21.020833 Sec
{'loss': 0.0277, 'learning_rate': 0.00021572463768115943, 'epoch': 15.69}
Time elapsed since training started:  3 Hours 58 Mins 50.204227 Sec
{'loss': 0.0277, 'learning_rate': 0.00021391304347826088, 'epoch': 15.72}
Time elapsed since training started:  4 Hours 04 Mins 20.678563 Sec
{'loss': 0.0277, 'learning_rate': 0.00021210144927536232, 'epoch': 15.76}
Time elapsed since training started:  4 Hours 09 Mins 36.219667 Sec
{'loss': 0.0277, 'learning_rate': 0.00021028985507246377, 'epoch': 15.8}
Time elapsed since training started:  4 Hours 15 Mins 04.423048 Sec
{'loss': 0.0274, 'learning_rate': 0.00020847826086956524, 'epoch': 15.83}
Time elapsed since training started:  4 Hours 20 Mins 19.383667 Sec
{'loss': 0.0275, 'learning_rate': 0.00020666666666666666, 'epoch': 15.87}
Time elapsed since training started:  4 Hours 25 Mins 47.987684 Sec
{'loss': 0.0275, 'learning_rate': 0.0002048550724637681, 'epoch': 15.91}
Time elapsed since training started:  4 Hours 31 Mins 05.621253 Sec
{'loss': 0.0276, 'learning_rate': 0.00020304347826086957, 'epoch': 15.94}
Time elapsed since training started:  4 Hours 36 Mins 35.430277 Sec
{'loss': 0.0276, 'learning_rate': 0.00020123188405797102, 'epoch': 15.98}
Time elapsed since training started:  4 Hours 42 Mins 06.213154 Sec
{'loss': 0.0276, 'learning_rate': 0.00019942028985507246, 'epoch': 16.01}
Time elapsed since training started:  4 Hours 47 Mins 15.608988 Sec
{'loss': 0.0277, 'learning_rate': 0.00019760869565217394, 'epoch': 16.05}
Time elapsed since training started:  4 Hours 52 Mins 48.969823 Sec
{'loss': 0.0275, 'learning_rate': 0.00019579710144927538, 'epoch': 16.09}
Time elapsed since training started:  4 Hours 58 Mins 05.151114 Sec
{'loss': 0.0275, 'learning_rate': 0.00019398550724637683, 'epoch': 16.12}
Time elapsed since training started:  5 Hours 03 Mins 36.957127 Sec
{'loss': 0.0273, 'learning_rate': 0.00019217391304347824, 'epoch': 16.16}
Time elapsed since training started:  5 Hours 08 Mins 56.531331 Sec
{'loss': 0.0273, 'learning_rate': 0.00019036231884057972, 'epoch': 16.2}
Time elapsed since training started:  5 Hours 14 Mins 27.227993 Sec
{'loss': 0.0275, 'learning_rate': 0.00018855072463768116, 'epoch': 16.23}
Time elapsed since training started:  5 Hours 19 Mins 56.646837 Sec
{'loss': 0.0273, 'learning_rate': 0.0001867391304347826, 'epoch': 16.27}
Time elapsed since training started:  5 Hours 25 Mins 10.046680 Sec
{'loss': 0.0272, 'learning_rate': 0.00018492753623188408, 'epoch': 16.3}
Time elapsed since training started:  5 Hours 30 Mins 38.810540 Sec
{'loss': 0.0274, 'learning_rate': 0.00018311594202898552, 'epoch': 16.34}
Time elapsed since training started:  5 Hours 35 Mins 54.578852 Sec
{'loss': 0.0273, 'learning_rate': 0.00018130434782608697, 'epoch': 16.38}
Time elapsed since training started:  5 Hours 41 Mins 21.361953 Sec
{'loss': 0.0272, 'learning_rate': 0.00017949275362318839, 'epoch': 16.41}
Time elapsed since training started:  5 Hours 46 Mins 37.822062 Sec
{'loss': 0.0272, 'learning_rate': 0.00017768115942028986, 'epoch': 16.45}
Time elapsed since training started:  5 Hours 52 Mins 06.423267 Sec
{'loss': 0.027, 'learning_rate': 0.0001758695652173913, 'epoch': 16.49}
Time elapsed since training started:  5 Hours 57 Mins 36.403847 Sec
{'loss': 0.0271, 'learning_rate': 0.00017405797101449275, 'epoch': 16.52}
Time elapsed since training started:  6 Hours 02 Mins 52.685449 Sec
{'loss': 0.0271, 'learning_rate': 0.00017224637681159422, 'epoch': 16.56}
Time elapsed since training started:  6 Hours 08 Mins 19.010626 Sec
{'loss': 0.0273, 'learning_rate': 0.00017043478260869566, 'epoch': 16.59}
Time elapsed since training started:  6 Hours 13 Mins 35.535573 Sec
{'loss': 0.027, 'learning_rate': 0.0001686231884057971, 'epoch': 16.63}
Time elapsed since training started:  6 Hours 19 Mins 02.711701 Sec
{'loss': 0.0272, 'learning_rate': 0.00016681159420289855, 'epoch': 16.67}
Time elapsed since training started:  6 Hours 24 Mins 18.317604 Sec
{'loss': 0.027, 'learning_rate': 0.000165, 'epoch': 16.7}
Time elapsed since training started:  6 Hours 29 Mins 46.540557 Sec
{'loss': 0.0272, 'learning_rate': 0.00016318840579710144, 'epoch': 16.74}
Time elapsed since training started:  6 Hours 35 Mins 13.432600 Sec
{'loss': 0.0271, 'learning_rate': 0.0001613768115942029, 'epoch': 16.78}
Time elapsed since training started:  6 Hours 40 Mins 29.264697 Sec
{'loss': 0.0269, 'learning_rate': 0.00015956521739130436, 'epoch': 16.81}
Time elapsed since training started:  6 Hours 45 Mins 55.328694 Sec
{'loss': 0.027, 'learning_rate': 0.0001577536231884058, 'epoch': 16.85}
Time elapsed since training started:  6 Hours 51 Mins 12.139594 Sec
{'loss': 0.0268, 'learning_rate': 0.00015594202898550725, 'epoch': 16.88}
Time elapsed since training started:  6 Hours 56 Mins 40.439853 Sec
{'loss': 0.0269, 'learning_rate': 0.0001541304347826087, 'epoch': 16.92}
Time elapsed since training started:  7 Hours 02 Mins 09.514600 Sec
{'loss': 0.0269, 'learning_rate': 0.00015231884057971017, 'epoch': 16.96}
Time elapsed since training started:  7 Hours 07 Mins 26.338426 Sec
{'loss': 0.0267, 'learning_rate': 0.00015050724637681159, 'epoch': 16.99}
Time elapsed since training started:  7 Hours 12 Mins 53.933390 Sec
{'loss': 0.027, 'learning_rate': 0.00014869565217391303, 'epoch': 17.03}
Time elapsed since training started:  7 Hours 18 Mins 02.058006 Sec
{'loss': 0.0269, 'learning_rate': 0.0001468840579710145, 'epoch': 17.07}
Time elapsed since training started:  7 Hours 23 Mins 31.133662 Sec
{'loss': 0.0268, 'learning_rate': 0.00014507246376811595, 'epoch': 17.1}
Time elapsed since training started:  7 Hours 28 Mins 48.932591 Sec
{'loss': 0.0267, 'learning_rate': 0.0001432608695652174, 'epoch': 17.14}
Time elapsed since training started:  7 Hours 34 Mins 17.490851 Sec
{'loss': 0.0269, 'learning_rate': 0.00014144927536231884, 'epoch': 17.17}
Time elapsed since training started:  7 Hours 39 Mins 45.711938 Sec
{'loss': 0.0267, 'learning_rate': 0.0001396376811594203, 'epoch': 17.21}
Time elapsed since training started:  7 Hours 45 Mins 00.462942 Sec
{'loss': 0.0267, 'learning_rate': 0.00013782608695652173, 'epoch': 17.25}
Time elapsed since training started:  7 Hours 50 Mins 28.559095 Sec
{'loss': 0.0267, 'learning_rate': 0.00013601449275362317, 'epoch': 17.28}
Time elapsed since training started:  7 Hours 55 Mins 45.886828 Sec
{'loss': 0.0267, 'learning_rate': 0.00013420289855072464, 'epoch': 17.32}
Time elapsed since training started:  8 Hours 01 Mins 16.830032 Sec
{'loss': 0.0266, 'learning_rate': 0.0001323913043478261, 'epoch': 17.36}
Time elapsed since training started:  8 Hours 06 Mins 35.199272 Sec
{'loss': 0.0267, 'learning_rate': 0.00013057971014492753, 'epoch': 17.39}
Time elapsed since training started:  8 Hours 12 Mins 04.805204 Sec
{'loss': 0.0266, 'learning_rate': 0.000128768115942029, 'epoch': 17.43}
Time elapsed since training started:  8 Hours 17 Mins 33.779602 Sec
{'loss': 0.0266, 'learning_rate': 0.00012695652173913045, 'epoch': 17.46}
Time elapsed since training started:  8 Hours 22 Mins 51.249780 Sec
{'loss': 0.0266, 'learning_rate': 0.0001251449275362319, 'epoch': 17.5}
Time elapsed since training started:  8 Hours 28 Mins 16.623451 Sec
{'loss': 0.0265, 'learning_rate': 0.00012333333333333334, 'epoch': 17.54}
Time elapsed since training started:  8 Hours 33 Mins 28.517001 Sec
{'loss': 0.0265, 'learning_rate': 0.00012152173913043479, 'epoch': 17.57}
Time elapsed since training started:  8 Hours 38 Mins 51.557950 Sec
{'loss': 0.0265, 'learning_rate': 0.00011971014492753623, 'epoch': 17.61}
Time elapsed since training started:  8 Hours 44 Mins 03.604012 Sec
{'loss': 0.0265, 'learning_rate': 0.00011789855072463769, 'epoch': 17.64}
Time elapsed since training started:  8 Hours 49 Mins 27.493698 Sec
{'loss': 0.0263, 'learning_rate': 0.00011608695652173913, 'epoch': 17.68}
Time elapsed since training started:  8 Hours 54 Mins 51.208473 Sec
{'loss': 0.0264, 'learning_rate': 0.00011427536231884059, 'epoch': 17.72}
Time elapsed since training started:  9 Hours 00 Mins 03.224859 Sec
{'loss': 0.0265, 'learning_rate': 0.00011246376811594202, 'epoch': 17.75}
Time elapsed since training started:  9 Hours 05 Mins 27.046454 Sec
{'loss': 0.0265, 'learning_rate': 0.00011065217391304348, 'epoch': 17.79}
Time elapsed since training started:  9 Hours 10 Mins 39.278116 Sec
{'loss': 0.0264, 'learning_rate': 0.00010884057971014493, 'epoch': 17.83}
Time elapsed since training started:  9 Hours 16 Mins 03.531106 Sec
{'loss': 0.0264, 'learning_rate': 0.00010702898550724639, 'epoch': 17.86}
Time elapsed since training started:  9 Hours 21 Mins 16.826835 Sec
{'loss': 0.0262, 'learning_rate': 0.00010521739130434783, 'epoch': 17.9}
Time elapsed since training started:  9 Hours 26 Mins 40.876414 Sec
{'loss': 0.0264, 'learning_rate': 0.00010340579710144928, 'epoch': 17.93}
Time elapsed since training started:  9 Hours 32 Mins 03.833338 Sec
{'loss': 0.0264, 'learning_rate': 0.00010159420289855073, 'epoch': 17.97}
Time elapsed since training started:  9 Hours 37 Mins 16.644680 Sec
{'loss': 0.0264, 'learning_rate': 9.978260869565217e-05, 'epoch': 18.01}
Time elapsed since training started:  9 Hours 42 Mins 32.866909 Sec
{'loss': 0.0264, 'learning_rate': 9.797101449275362e-05, 'epoch': 18.04}
Time elapsed since training started:  9 Hours 47 Mins 47.272139 Sec
{'loss': 0.0262, 'learning_rate': 9.615942028985507e-05, 'epoch': 18.08}
Time elapsed since training started:  9 Hours 53 Mins 11.581570 Sec
{'loss': 0.0263, 'learning_rate': 9.434782608695653e-05, 'epoch': 18.12}
Time elapsed since training started:  9 Hours 58 Mins 36.378021 Sec
{'loss': 0.0262, 'learning_rate': 9.253623188405797e-05, 'epoch': 18.15}
Time elapsed since training started:  10 Hours 03 Mins 51.067802 Sec
{'loss': 0.0263, 'learning_rate': 9.072463768115942e-05, 'epoch': 18.19}
Time elapsed since training started:  10 Hours 09 Mins 18.057369 Sec
{'loss': 0.0261, 'learning_rate': 8.891304347826088e-05, 'epoch': 18.22}
Time elapsed since training started:  10 Hours 14 Mins 33.016745 Sec
{'loss': 0.0261, 'learning_rate': 8.710144927536232e-05, 'epoch': 18.26}
Time elapsed since training started:  10 Hours 20 Mins 01.931426 Sec
{'loss': 0.0262, 'learning_rate': 8.528985507246377e-05, 'epoch': 18.3}
Time elapsed since training started:  10 Hours 25 Mins 16.710094 Sec
{'loss': 0.0261, 'learning_rate': 8.347826086956522e-05, 'epoch': 18.33}
Time elapsed since training started:  10 Hours 30 Mins 42.775936 Sec
{'loss': 0.0262, 'learning_rate': 8.166666666666667e-05, 'epoch': 18.37}
Time elapsed since training started:  10 Hours 36 Mins 07.769504 Sec
{'loss': 0.0262, 'learning_rate': 7.985507246376813e-05, 'epoch': 18.41}
Time elapsed since training started:  10 Hours 41 Mins 21.219700 Sec
{'loss': 0.026, 'learning_rate': 7.804347826086956e-05, 'epoch': 18.44}
Time elapsed since training started:  10 Hours 46 Mins 44.067815 Sec
{'loss': 0.026, 'learning_rate': 7.623188405797102e-05, 'epoch': 18.48}
Time elapsed since training started:  10 Hours 51 Mins 58.719060 Sec
{'loss': 0.026, 'learning_rate': 7.442028985507246e-05, 'epoch': 18.51}
Time elapsed since training started:  10 Hours 57 Mins 23.945604 Sec
{'loss': 0.026, 'learning_rate': 7.260869565217392e-05, 'epoch': 18.55}
Time elapsed since training started:  11 Hours 02 Mins 38.403318 Sec
{'loss': 0.0259, 'learning_rate': 7.079710144927537e-05, 'epoch': 18.59}
Time elapsed since training started:  11 Hours 08 Mins 03.427855 Sec
{'loss': 0.026, 'learning_rate': 6.898550724637681e-05, 'epoch': 18.62}
Time elapsed since training started:  11 Hours 13 Mins 28.126550 Sec
{'loss': 0.026, 'learning_rate': 6.717391304347827e-05, 'epoch': 18.66}
Time elapsed since training started:  11 Hours 18 Mins 40.723081 Sec
{'loss': 0.0261, 'learning_rate': 6.536231884057971e-05, 'epoch': 18.7}
Time elapsed since training started:  11 Hours 24 Mins 05.162127 Sec
{'loss': 0.026, 'learning_rate': 6.355072463768116e-05, 'epoch': 18.73}
Time elapsed since training started:  11 Hours 29 Mins 17.591189 Sec
{'loss': 0.026, 'learning_rate': 6.173913043478262e-05, 'epoch': 18.77}
Time elapsed since training started:  11 Hours 34 Mins 43.488564 Sec
{'loss': 0.0258, 'learning_rate': 5.9927536231884055e-05, 'epoch': 18.8}
Time elapsed since training started:  11 Hours 39 Mins 57.587492 Sec
{'loss': 0.026, 'learning_rate': 5.811594202898551e-05, 'epoch': 18.84}
Time elapsed since training started:  11 Hours 45 Mins 20.383044 Sec
{'loss': 0.026, 'learning_rate': 5.630434782608695e-05, 'epoch': 18.88}
Time elapsed since training started:  11 Hours 50 Mins 43.792943 Sec
{'loss': 0.0258, 'learning_rate': 5.449275362318841e-05, 'epoch': 18.91}
Time elapsed since training started:  11 Hours 55 Mins 55.399709 Sec
{'loss': 0.0259, 'learning_rate': 5.2681159420289855e-05, 'epoch': 18.95}
Time elapsed since training started:  12 Hours 01 Mins 18.606207 Sec
{'loss': 0.0258, 'learning_rate': 5.086956521739131e-05, 'epoch': 18.99}
Time elapsed since training started:  12 Hours 06 Mins 30.282494 Sec
{'loss': 0.0258, 'learning_rate': 4.905797101449275e-05, 'epoch': 19.02}
Time elapsed since training started:  12 Hours 11 Mins 46.865058 Sec
{'loss': 0.0258, 'learning_rate': 4.72463768115942e-05, 'epoch': 19.06}
Time elapsed since training started:  12 Hours 17 Mins 00.048265 Sec
{'loss': 0.0256, 'learning_rate': 4.543478260869565e-05, 'epoch': 19.09}
Time elapsed since training started:  12 Hours 22 Mins 23.887973 Sec
{'loss': 0.0258, 'learning_rate': 4.362318840579711e-05, 'epoch': 19.13}
Time elapsed since training started:  12 Hours 27 Mins 48.115070 Sec
{'loss': 0.0258, 'learning_rate': 4.181159420289855e-05, 'epoch': 19.17}
Time elapsed since training started:  12 Hours 32 Mins 59.775278 Sec
{'loss': 0.0258, 'learning_rate': 4e-05, 'epoch': 19.2}
Time elapsed since training started:  12 Hours 38 Mins 22.264630 Sec
{'loss': 0.0257, 'learning_rate': 3.818840579710145e-05, 'epoch': 19.24}
Time elapsed since training started:  12 Hours 43 Mins 34.617542 Sec
{'loss': 0.0257, 'learning_rate': 3.63768115942029e-05, 'epoch': 19.28}
Time elapsed since training started:  12 Hours 49 Mins 00.701299 Sec
{'loss': 0.0257, 'learning_rate': 3.4565217391304345e-05, 'epoch': 19.31}
Time elapsed since training started:  12 Hours 54 Mins 27.366566 Sec
{'loss': 0.0256, 'learning_rate': 3.27536231884058e-05, 'epoch': 19.35}
Time elapsed since training started:  12 Hours 59 Mins 41.591046 Sec
{'loss': 0.0256, 'learning_rate': 3.094202898550725e-05, 'epoch': 19.38}
Time elapsed since training started:  13 Hours 05 Mins 06.495996 Sec
{'loss': 0.0257, 'learning_rate': 2.9130434782608696e-05, 'epoch': 19.42}
Time elapsed since training started:  13 Hours 10 Mins 19.476536 Sec
{'loss': 0.0256, 'learning_rate': 2.7318840579710145e-05, 'epoch': 19.46}
Time elapsed since training started:  13 Hours 15 Mins 44.448397 Sec
{'loss': 0.0256, 'learning_rate': 2.5507246376811593e-05, 'epoch': 19.49}
Time elapsed since training started:  13 Hours 20 Mins 59.238537 Sec
{'loss': 0.0254, 'learning_rate': 2.3695652173913045e-05, 'epoch': 19.53}
Time elapsed since training started:  13 Hours 26 Mins 28.063333 Sec
{'loss': 0.0256, 'learning_rate': 2.1884057971014493e-05, 'epoch': 19.57}
Time elapsed since training started:  13 Hours 31 Mins 50.279425 Sec
{'loss': 0.0257, 'learning_rate': 2.007246376811594e-05, 'epoch': 19.6}
Time elapsed since training started:  13 Hours 37 Mins 03.869639 Sec
{'loss': 0.0258, 'learning_rate': 1.8260869565217393e-05, 'epoch': 19.64}
Time elapsed since training started:  13 Hours 42 Mins 28.582465 Sec
{'loss': 0.0257, 'learning_rate': 1.644927536231884e-05, 'epoch': 19.67}
Time elapsed since training started:  13 Hours 47 Mins 43.122175 Sec
{'loss': 0.0255, 'learning_rate': 1.463768115942029e-05, 'epoch': 19.71}
Time elapsed since training started:  13 Hours 53 Mins 06.171258 Sec
{'loss': 0.0254, 'learning_rate': 1.282608695652174e-05, 'epoch': 19.75}
Time elapsed since training started:  13 Hours 58 Mins 17.694477 Sec
{'loss': 0.0255, 'learning_rate': 1.101449275362319e-05, 'epoch': 19.78}
Time elapsed since training started:  14 Hours 03 Mins 43.180284 Sec
{'loss': 0.0255, 'learning_rate': 9.202898550724638e-06, 'epoch': 19.82}
Time elapsed since training started:  14 Hours 09 Mins 08.608670 Sec
{'loss': 0.0255, 'learning_rate': 7.391304347826087e-06, 'epoch': 19.86}
Time elapsed since training started:  14 Hours 14 Mins 22.977189 Sec
{'loss': 0.0254, 'learning_rate': 5.579710144927536e-06, 'epoch': 19.89}
Time elapsed since training started:  14 Hours 19 Mins 47.917837 Sec
{'loss': 0.0254, 'learning_rate': 3.7681159420289855e-06, 'epoch': 19.93}
Time elapsed since training started:  14 Hours 25 Mins 00.153624 Sec
{'loss': 0.0257, 'learning_rate': 1.956521739130435e-06, 'epoch': 19.96}
Time elapsed since training started:  14 Hours 30 Mins 22.048766 Sec
{'loss': 0.0256, 'learning_rate': 1.4492753623188405e-07, 'epoch': 20.0}
Time elapsed since training started:  14 Hours 35 Mins 12.513828 Sec
{'train_runtime': 52499.5858, 'train_samples_per_second': 17204.722, 'train_steps_per_second': 0.263, 'train_loss': 0.007902971739354342, 'epoch': 20.0}
Training finished.
Time elapsed since training started:  14 Hours 35 Mins 12.843948 Sec
